#
# There is insufficient memory for the Java Runtime Environment to continue.
# Native memory allocation (malloc) failed to allocate 1169536 bytes. Error detail: Chunk::new
# Possible reasons:
#   The system is out of physical RAM or swap space
#   This process is running with CompressedOops enabled, and the Java Heap may be blocking the growth of the native heap
# Possible solutions:
#   Reduce memory load on the system
#   Increase physical memory or swap space
#   Check if swap backing store is full
#   Decrease Java heap size (-Xmx/-Xms)
#   Decrease number of Java threads
#   Decrease Java thread stack sizes (-Xss)
#   Set larger code cache with -XX:ReservedCodeCacheSize=
#   JVM is running with Unscaled Compressed Oops mode in which the Java heap is
#     placed in the first 4GB address space. The Java Heap base address is the
#     maximum limit for the native heap growth. Please use -XX:HeapBaseMinAddress
#     to set the Java Heap base and to place the Java Heap above 4GB virtual address.
# This output file may be truncated or incomplete.
#
#  Out of Memory Error (arena.cpp:191), pid=18564, tid=5612
#
# JRE version: OpenJDK Runtime Environment Corretto-17.0.13.11.1 (17.0.13+11) (build 17.0.13+11-LTS)
# Java VM: OpenJDK 64-Bit Server VM Corretto-17.0.13.11.1 (17.0.13+11-LTS, mixed mode, sharing, tiered, compressed oops, compressed class ptrs, g1 gc, windows-amd64)
# No core dump will be written. Minidumps are not enabled by default on client versions of Windows
#

---------------  S U M M A R Y ------------

Command Line: --add-opens=java.base/java.util=ALL-UNNAMED --add-opens=java.base/java.lang=ALL-UNNAMED --add-opens=java.base/java.lang.invoke=ALL-UNNAMED --add-opens=java.base/java.util=ALL-UNNAMED --add-opens=java.prefs/java.util.prefs=ALL-UNNAMED --add-opens=java.prefs/java.util.prefs=ALL-UNNAMED --add-opens=java.base/java.nio.charset=ALL-UNNAMED --add-opens=java.base/java.net=ALL-UNNAMED --add-opens=java.base/java.util.concurrent.atomic=ALL-UNNAMED -XX:MaxMetaspaceSize=256m -XX:+HeapDumpOnOutOfMemoryError -Xms256m -Xmx512m -Dfile.encoding=UTF-8 -Duser.country=US -Duser.language=en -Duser.variant org.gradle.launcher.daemon.bootstrap.GradleDaemon 7.4

Host: 12th Gen Intel(R) Core(TM) i5-1235U, 12 cores, 7G,  Windows 11 , 64 bit Build 26100 (10.0.26100.7309)
Time: Sat Feb 28 22:08:06 2026 W. Europe Standard Time elapsed time: 11.639821 seconds (0d 0h 0m 11s)

---------------  T H R E A D  ---------------

Current thread (0x000001b05f54f040):  JavaThread "C2 CompilerThread0" daemon [_thread_in_native, id=5612, stack(0x0000003002f00000,0x0000003003000000)]


Current CompileTask:
C2:  11640 4377       4       groovyjarjarantlr4.v4.runtime.atn.ParserATNSimulator::getEpsilonTarget (147 bytes)

Stack: [0x0000003002f00000,0x0000003003000000]
Native frames: (J=compiled Java code, j=interpreted, Vv=VM code, C=native code)
V  [jvm.dll+0x680c19]
V  [jvm.dll+0x83888a]
V  [jvm.dll+0x83a34e]
V  [jvm.dll+0x83a9b3]
V  [jvm.dll+0x2481af]
V  [jvm.dll+0xac9f4]
V  [jvm.dll+0xad03c]
V  [jvm.dll+0x2af7df]
V  [jvm.dll+0x587047]
V  [jvm.dll+0x223012]
V  [jvm.dll+0x22340f]
V  [jvm.dll+0x21c530]
V  [jvm.dll+0x219a31]
V  [jvm.dll+0x1a58ed]
V  [jvm.dll+0x22988d]
V  [jvm.dll+0x227a1c]
V  [jvm.dll+0x7ed737]
V  [jvm.dll+0x7e7b2c]
V  [jvm.dll+0x67fae7]
C  [ucrtbase.dll+0x37b0]
C  [KERNEL32.DLL+0x2e8d7]
C  [ntdll.dll+0x8c53c]


---------------  P R O C E S S  ---------------

Threads class SMR info:
_java_thread_list=0x000001b075fdcf40, length=37, elements={
0x000001b044559bf0, 0x000001b05f535360, 0x000001b05f535e30, 0x000001b05f549ff0,
0x000001b05f54a9c0, 0x000001b05f54b290, 0x000001b05f54cb70, 0x000001b05f54f040,
0x000001b05f54fa00, 0x000001b05f56a340, 0x000001b05f80fb80, 0x000001b05f8150b0,
0x000001b0737efac0, 0x000001b072ca0830, 0x000001b072f283b0, 0x000001b0729b8030,
0x000001b07276e7b0, 0x000001b074027260, 0x000001b074027770, 0x000001b074029ae0,
0x000001b0740295d0, 0x000001b074028190, 0x000001b07402a500, 0x000001b074027c80,
0x000001b074029ff0, 0x000001b074028bb0, 0x000001b0740290c0, 0x000001b074026d50,
0x000001b072853860, 0x000001b072852e40, 0x000001b072852930, 0x000001b072853350,
0x000001b0728556c0, 0x000001b072854280, 0x000001b072854790, 0x000001b072854ca0,
0x000001b076232560
}

Java Threads: ( => current thread )
  0x000001b044559bf0 JavaThread "main" [_thread_blocked, id=8748, stack(0x0000003002200000,0x0000003002300000)]
  0x000001b05f535360 JavaThread "Reference Handler" daemon [_thread_blocked, id=17244, stack(0x0000003002900000,0x0000003002a00000)]
  0x000001b05f535e30 JavaThread "Finalizer" daemon [_thread_blocked, id=19312, stack(0x0000003002a00000,0x0000003002b00000)]
  0x000001b05f549ff0 JavaThread "Signal Dispatcher" daemon [_thread_blocked, id=3960, stack(0x0000003002b00000,0x0000003002c00000)]
  0x000001b05f54a9c0 JavaThread "Attach Listener" daemon [_thread_blocked, id=4544, stack(0x0000003002c00000,0x0000003002d00000)]
  0x000001b05f54b290 JavaThread "Service Thread" daemon [_thread_blocked, id=12864, stack(0x0000003002d00000,0x0000003002e00000)]
  0x000001b05f54cb70 JavaThread "Monitor Deflation Thread" daemon [_thread_blocked, id=8872, stack(0x0000003002e00000,0x0000003002f00000)]
=>0x000001b05f54f040 JavaThread "C2 CompilerThread0" daemon [_thread_in_native, id=5612, stack(0x0000003002f00000,0x0000003003000000)]
  0x000001b05f54fa00 JavaThread "C1 CompilerThread0" daemon [_thread_blocked, id=19308, stack(0x0000003003000000,0x0000003003100000)]
  0x000001b05f56a340 JavaThread "Sweeper thread" daemon [_thread_blocked, id=1320, stack(0x0000003003100000,0x0000003003200000)]
  0x000001b05f80fb80 JavaThread "Common-Cleaner" daemon [_thread_blocked, id=11396, stack(0x0000003003200000,0x0000003003300000)]
  0x000001b05f8150b0 JavaThread "Notification Thread" daemon [_thread_blocked, id=15992, stack(0x0000003003300000,0x0000003003400000)]
  0x000001b0737efac0 JavaThread "Daemon health stats" [_thread_blocked, id=1556, stack(0x0000003003b00000,0x0000003003c00000)]
  0x000001b072ca0830 JavaThread "Incoming local TCP Connector on port 56763" [_thread_in_native, id=11964, stack(0x0000003003a00000,0x0000003003b00000)]
  0x000001b072f283b0 JavaThread "Daemon periodic checks" [_thread_blocked, id=16424, stack(0x0000003003c00000,0x0000003003d00000)]
  0x000001b0729b8030 JavaThread "Daemon" [_thread_blocked, id=12912, stack(0x0000003003d00000,0x0000003003e00000)]
  0x000001b07276e7b0 JavaThread "Handler for socket connection from /127.0.0.1:56763 to /127.0.0.1:56781" [_thread_in_native, id=21132, stack(0x0000003003e00000,0x0000003003f00000)]
  0x000001b074027260 JavaThread "Cancel handler" [_thread_blocked, id=1560, stack(0x0000003003f00000,0x0000003004000000)]
  0x000001b074027770 JavaThread "Daemon worker" [_thread_in_Java, id=11560, stack(0x0000003004000000,0x0000003004100000)]
  0x000001b074029ae0 JavaThread "Asynchronous log dispatcher for DefaultDaemonConnection: socket connection from /127.0.0.1:56763 to /127.0.0.1:56781" [_thread_blocked, id=20408, stack(0x0000003004100000,0x0000003004200000)]
  0x000001b0740295d0 JavaThread "Stdin handler" [_thread_blocked, id=5360, stack(0x0000003004200000,0x0000003004300000)]
  0x000001b074028190 JavaThread "Daemon client event forwarder" [_thread_blocked, id=20388, stack(0x0000003004300000,0x0000003004400000)]
  0x000001b07402a500 JavaThread "Cache worker for journal cache (C:\Users\useru\.gradle\caches\journal-1)" [_thread_blocked, id=4252, stack(0x0000003004400000,0x0000003004500000)]
  0x000001b074027c80 JavaThread "File lock request listener" [_thread_in_native, id=16340, stack(0x0000003004500000,0x0000003004600000)]
  0x000001b074029ff0 JavaThread "File lock release action executor" [_thread_blocked, id=1700, stack(0x0000003004600000,0x0000003004700000)]
  0x000001b074028bb0 JavaThread "Cache worker for file hash cache (C:\Users\useru\.gradle\caches\7.4\fileHashes)" [_thread_blocked, id=6388, stack(0x0000003004700000,0x0000003004800000)]
  0x000001b0740290c0 JavaThread "File watcher server" daemon [_thread_in_native, id=2332, stack(0x0000003004900000,0x0000003004a00000)]
  0x000001b074026d50 JavaThread "File watcher consumer" daemon [_thread_blocked, id=16132, stack(0x0000003004a00000,0x0000003004b00000)]
  0x000001b072853860 JavaThread "Cache worker for checksums cache (C:\Users\useru\Desktop\Anul_2\Programare orientata pe obiecte\Tema1_POO\tema-1-biancaperian\.gradle\7.4\checksums)" [_thread_blocked, id=12112, stack(0x0000003004b00000,0x0000003004c00000)]
  0x000001b072852e40 JavaThread "Cache worker for cache directory md-rule (C:\Users\useru\.gradle\caches\7.4\md-rule)" [_thread_blocked, id=20028, stack(0x0000003004c00000,0x0000003004d00000)]
  0x000001b072852930 JavaThread "Cache worker for file hash cache (C:\Users\useru\Desktop\Anul_2\Programare orientata pe obiecte\Tema1_POO\tema-1-biancaperian\.gradle\7.4\fileHashes)" [_thread_blocked, id=21284, stack(0x0000003004d00000,0x0000003004e00000)]
  0x000001b072853350 JavaThread "Cache worker for cache directory md-supplier (C:\Users\useru\.gradle\caches\7.4\md-supplier)" [_thread_blocked, id=3624, stack(0x0000003004e00000,0x0000003004f00000)]
  0x000001b0728556c0 JavaThread "Cache worker for execution history cache (C:\Users\useru\.gradle\caches\7.4\executionHistory)" [_thread_blocked, id=22436, stack(0x0000003005500000,0x0000003005600000)]
  0x000001b072854280 JavaThread "jar transforms" [_thread_blocked, id=22224, stack(0x0000003005700000,0x0000003005800000)]
  0x000001b072854790 JavaThread "jar transforms Thread 2" [_thread_blocked, id=4868, stack(0x0000003005800000,0x0000003005900000)]
  0x000001b072854ca0 JavaThread "Cache worker for file content cache (C:\Users\useru\.gradle\caches\7.4\fileContent)" [_thread_blocked, id=6276, stack(0x0000003004800000,0x0000003004900000)]
  0x000001b076232560 JavaThread "C2 CompilerThread1" daemon [_thread_in_native, id=22340, stack(0x0000003005600000,0x0000003005700000)]

Other Threads:
  0x000001b05f531270 VMThread "VM Thread" [stack: 0x0000003002800000,0x0000003002900000] [id=9860]
  0x000001b05f8195b0 WatcherThread [stack: 0x0000003003400000,0x0000003003500000] [id=13748]
  0x000001b044589840 GCTaskThread "GC Thread#0" [stack: 0x0000003002300000,0x0000003002400000] [id=5516]
  0x000001b072a89450 GCTaskThread "GC Thread#1" [stack: 0x0000003003500000,0x0000003003600000] [id=17020]
  0x000001b05fa4b9e0 GCTaskThread "GC Thread#2" [stack: 0x0000003003600000,0x0000003003700000] [id=18492]
  0x000001b05fa4bca0 GCTaskThread "GC Thread#3" [stack: 0x0000003003700000,0x0000003003800000] [id=20636]
  0x000001b072132450 GCTaskThread "GC Thread#4" [stack: 0x0000003003800000,0x0000003003900000] [id=6348]
  0x000001b072132710 GCTaskThread "GC Thread#5" [stack: 0x0000003003900000,0x0000003003a00000] [id=15628]
  0x000001b0755e1930 GCTaskThread "GC Thread#6" [stack: 0x0000003004f00000,0x0000003005000000] [id=7688]
  0x000001b0755e10f0 GCTaskThread "GC Thread#7" [stack: 0x0000003005000000,0x0000003005100000] [id=9528]
  0x000001b0755e13b0 GCTaskThread "GC Thread#8" [stack: 0x0000003005100000,0x0000003005200000] [id=14048]
  0x000001b0755e0070 GCTaskThread "GC Thread#9" [stack: 0x0000003005200000,0x0000003005300000] [id=22204]
  0x000001b04458e6a0 ConcurrentGCThread "G1 Main Marker" [stack: 0x0000003002400000,0x0000003002500000] [id=9508]
  0x000001b04458efd0 ConcurrentGCThread "G1 Conc#0" [stack: 0x0000003002500000,0x0000003002600000] [id=21676]
  0x000001b0755e1670 ConcurrentGCThread "G1 Conc#1" [stack: 0x0000003005300000,0x0000003005400000] [id=21924]
  0x000001b0755e0e30 ConcurrentGCThread "G1 Conc#2" [stack: 0x0000003005400000,0x0000003005500000] [id=18232]
  0x000001b05f3f6570 ConcurrentGCThread "G1 Refine#0" [stack: 0x0000003002600000,0x0000003002700000] [id=21968]
  0x000001b05f3f7c60 ConcurrentGCThread "G1 Service" [stack: 0x0000003002700000,0x0000003002800000] [id=13772]

Threads with active compile tasks:
C2 CompilerThread0    11696 4377       4       groovyjarjarantlr4.v4.runtime.atn.ParserATNSimulator::getEpsilonTarget (147 bytes)
C2 CompilerThread1    11696 4376       4       groovyjarjarantlr4.v4.runtime.atn.ParserATNSimulator::closure (784 bytes)

VM state: not at safepoint (normal execution)

VM Mutex/Monitor currently owned by a thread: None

Heap address: 0x00000000e0000000, size: 512 MB, Compressed Oops mode: 32-bit

CDS archive(s) mapped at: [0x000001b060000000-0x000001b060bb0000-0x000001b060bb0000), size 12255232, SharedBaseAddress: 0x000001b060000000, ArchiveRelocationMode: 1.
Compressed class space mapped at: 0x000001b061000000-0x000001b06e000000, reserved size: 218103808
Narrow klass base: 0x000001b060000000, Narrow klass shift: 0, Narrow klass range: 0x100000000

GC Precious Log:
 CPUs: 12 total, 12 available
 Memory: 7916M
 Large Page Support: Disabled
 NUMA Support: Disabled
 Compressed Oops: Enabled (32-bit)
 Heap Region Size: 1M
 Heap Min Capacity: 256M
 Heap Initial Capacity: 256M
 Heap Max Capacity: 512M
 Pre-touch: Disabled
 Parallel Workers: 10
 Concurrent Workers: 3
 Concurrent Refinement Workers: 10
 Periodic GC: Disabled

Heap:
 garbage-first heap   total 262144K, used 102854K [0x00000000e0000000, 0x0000000100000000)
  region size 1024K, 87 young (89088K), 16 survivors (16384K)
 Metaspace       used 36123K, committed 36480K, reserved 278528K
  class space    used 4948K, committed 5120K, reserved 212992K

Heap Regions: E=young(eden), S=young(survivor), O=old, HS=humongous(starts), HC=humongous(continues), CS=collection set, F=free, OA=open archive, CA=closed archive, TAMS=top-at-mark-start (previous, next)
|   0|0x00000000e0000000, 0x00000000e0000000, 0x00000000e0100000|  0%| F|  |TAMS 0x00000000e0000000, 0x00000000e0000000| Untracked 
|   1|0x00000000e0100000, 0x00000000e0200000, 0x00000000e0200000|100%| O|  |TAMS 0x00000000e0200000, 0x00000000e0100000| Untracked 
|   2|0x00000000e0200000, 0x00000000e0300000, 0x00000000e0300000|100%| O|  |TAMS 0x00000000e0300000, 0x00000000e0200000| Untracked 
|   3|0x00000000e0300000, 0x00000000e0400000, 0x00000000e0400000|100%|HS|  |TAMS 0x00000000e0400000, 0x00000000e0300000| Complete 
|   4|0x00000000e0400000, 0x00000000e0500000, 0x00000000e0500000|100%|HC|  |TAMS 0x00000000e0500000, 0x00000000e0400000| Complete 
|   5|0x00000000e0500000, 0x00000000e0600000, 0x00000000e0600000|100%|HC|  |TAMS 0x00000000e0600000, 0x00000000e0500000| Complete 
|   6|0x00000000e0600000, 0x00000000e0700000, 0x00000000e0700000|100%| O|  |TAMS 0x00000000e0700000, 0x00000000e0600000| Untracked 
|   7|0x00000000e0700000, 0x00000000e0800000, 0x00000000e0800000|100%| O|  |TAMS 0x00000000e0800000, 0x00000000e0700000| Untracked 
|   8|0x00000000e0800000, 0x00000000e0900000, 0x00000000e0900000|100%| O|  |TAMS 0x00000000e0900000, 0x00000000e0800000| Untracked 
|   9|0x00000000e0900000, 0x00000000e0a00000, 0x00000000e0a00000|100%| O|  |TAMS 0x00000000e0a00000, 0x00000000e0900000| Untracked 
|  10|0x00000000e0a00000, 0x00000000e0b00000, 0x00000000e0b00000|100%| O|  |TAMS 0x00000000e0a4c400, 0x00000000e0a00000| Untracked 
|  11|0x00000000e0b00000, 0x00000000e0c00000, 0x00000000e0c00000|100%|HS|  |TAMS 0x00000000e0c00000, 0x00000000e0b00000| Complete 
|  12|0x00000000e0c00000, 0x00000000e0d00000, 0x00000000e0d00000|100%|HC|  |TAMS 0x00000000e0d00000, 0x00000000e0c00000| Complete 
|  13|0x00000000e0d00000, 0x00000000e0e00000, 0x00000000e0e00000|100%| O|  |TAMS 0x00000000e0d00000, 0x00000000e0d00000| Untracked 
|  14|0x00000000e0e00000, 0x00000000e0f00000, 0x00000000e0f00000|100%| O|  |TAMS 0x00000000e0e00000, 0x00000000e0e00000| Untracked 
|  15|0x00000000e0f00000, 0x00000000e0ffbc00, 0x00000000e1000000| 98%| O|  |TAMS 0x00000000e0f00000, 0x00000000e0f00000| Untracked 
|  16|0x00000000e1000000, 0x00000000e1000000, 0x00000000e1100000|  0%| F|  |TAMS 0x00000000e1000000, 0x00000000e1000000| Untracked 
|  17|0x00000000e1100000, 0x00000000e1100000, 0x00000000e1200000|  0%| F|  |TAMS 0x00000000e1100000, 0x00000000e1100000| Untracked 
|  18|0x00000000e1200000, 0x00000000e1200000, 0x00000000e1300000|  0%| F|  |TAMS 0x00000000e1200000, 0x00000000e1200000| Untracked 
|  19|0x00000000e1300000, 0x00000000e1300000, 0x00000000e1400000|  0%| F|  |TAMS 0x00000000e1300000, 0x00000000e1300000| Untracked 
|  20|0x00000000e1400000, 0x00000000e1400000, 0x00000000e1500000|  0%| F|  |TAMS 0x00000000e1400000, 0x00000000e1400000| Untracked 
|  21|0x00000000e1500000, 0x00000000e1500000, 0x00000000e1600000|  0%| F|  |TAMS 0x00000000e1500000, 0x00000000e1500000| Untracked 
|  22|0x00000000e1600000, 0x00000000e1600000, 0x00000000e1700000|  0%| F|  |TAMS 0x00000000e1600000, 0x00000000e1600000| Untracked 
|  23|0x00000000e1700000, 0x00000000e1700000, 0x00000000e1800000|  0%| F|  |TAMS 0x00000000e1700000, 0x00000000e1700000| Untracked 
|  24|0x00000000e1800000, 0x00000000e1800000, 0x00000000e1900000|  0%| F|  |TAMS 0x00000000e1800000, 0x00000000e1800000| Untracked 
|  25|0x00000000e1900000, 0x00000000e1900000, 0x00000000e1a00000|  0%| F|  |TAMS 0x00000000e1900000, 0x00000000e1900000| Untracked 
|  26|0x00000000e1a00000, 0x00000000e1a00000, 0x00000000e1b00000|  0%| F|  |TAMS 0x00000000e1a00000, 0x00000000e1a00000| Untracked 
|  27|0x00000000e1b00000, 0x00000000e1b00000, 0x00000000e1c00000|  0%| F|  |TAMS 0x00000000e1b00000, 0x00000000e1b00000| Untracked 
|  28|0x00000000e1c00000, 0x00000000e1c00000, 0x00000000e1d00000|  0%| F|  |TAMS 0x00000000e1c00000, 0x00000000e1c00000| Untracked 
|  29|0x00000000e1d00000, 0x00000000e1d00000, 0x00000000e1e00000|  0%| F|  |TAMS 0x00000000e1d00000, 0x00000000e1d00000| Untracked 
|  30|0x00000000e1e00000, 0x00000000e1e00000, 0x00000000e1f00000|  0%| F|  |TAMS 0x00000000e1e00000, 0x00000000e1e00000| Untracked 
|  31|0x00000000e1f00000, 0x00000000e1f00000, 0x00000000e2000000|  0%| F|  |TAMS 0x00000000e1f00000, 0x00000000e1f00000| Untracked 
|  32|0x00000000e2000000, 0x00000000e2000000, 0x00000000e2100000|  0%| F|  |TAMS 0x00000000e2000000, 0x00000000e2000000| Untracked 
|  33|0x00000000e2100000, 0x00000000e2100000, 0x00000000e2200000|  0%| F|  |TAMS 0x00000000e2100000, 0x00000000e2100000| Untracked 
|  34|0x00000000e2200000, 0x00000000e2200000, 0x00000000e2300000|  0%| F|  |TAMS 0x00000000e2200000, 0x00000000e2200000| Untracked 
|  35|0x00000000e2300000, 0x00000000e2300000, 0x00000000e2400000|  0%| F|  |TAMS 0x00000000e2300000, 0x00000000e2300000| Untracked 
|  36|0x00000000e2400000, 0x00000000e2400000, 0x00000000e2500000|  0%| F|  |TAMS 0x00000000e2400000, 0x00000000e2400000| Untracked 
|  37|0x00000000e2500000, 0x00000000e2500000, 0x00000000e2600000|  0%| F|  |TAMS 0x00000000e2500000, 0x00000000e2500000| Untracked 
|  38|0x00000000e2600000, 0x00000000e2600000, 0x00000000e2700000|  0%| F|  |TAMS 0x00000000e2600000, 0x00000000e2600000| Untracked 
|  39|0x00000000e2700000, 0x00000000e2700000, 0x00000000e2800000|  0%| F|  |TAMS 0x00000000e2700000, 0x00000000e2700000| Untracked 
|  40|0x00000000e2800000, 0x00000000e2800000, 0x00000000e2900000|  0%| F|  |TAMS 0x00000000e2800000, 0x00000000e2800000| Untracked 
|  41|0x00000000e2900000, 0x00000000e2900000, 0x00000000e2a00000|  0%| F|  |TAMS 0x00000000e2900000, 0x00000000e2900000| Untracked 
|  42|0x00000000e2a00000, 0x00000000e2a00000, 0x00000000e2b00000|  0%| F|  |TAMS 0x00000000e2a00000, 0x00000000e2a00000| Untracked 
|  43|0x00000000e2b00000, 0x00000000e2b00000, 0x00000000e2c00000|  0%| F|  |TAMS 0x00000000e2b00000, 0x00000000e2b00000| Untracked 
|  44|0x00000000e2c00000, 0x00000000e2c00000, 0x00000000e2d00000|  0%| F|  |TAMS 0x00000000e2c00000, 0x00000000e2c00000| Untracked 
|  45|0x00000000e2d00000, 0x00000000e2d00000, 0x00000000e2e00000|  0%| F|  |TAMS 0x00000000e2d00000, 0x00000000e2d00000| Untracked 
|  46|0x00000000e2e00000, 0x00000000e2e00000, 0x00000000e2f00000|  0%| F|  |TAMS 0x00000000e2e00000, 0x00000000e2e00000| Untracked 
|  47|0x00000000e2f00000, 0x00000000e2f00000, 0x00000000e3000000|  0%| F|  |TAMS 0x00000000e2f00000, 0x00000000e2f00000| Untracked 
|  48|0x00000000e3000000, 0x00000000e3000000, 0x00000000e3100000|  0%| F|  |TAMS 0x00000000e3000000, 0x00000000e3000000| Untracked 
|  49|0x00000000e3100000, 0x00000000e3100000, 0x00000000e3200000|  0%| F|  |TAMS 0x00000000e3100000, 0x00000000e3100000| Untracked 
|  50|0x00000000e3200000, 0x00000000e3200000, 0x00000000e3300000|  0%| F|  |TAMS 0x00000000e3200000, 0x00000000e3200000| Untracked 
|  51|0x00000000e3300000, 0x00000000e3300000, 0x00000000e3400000|  0%| F|  |TAMS 0x00000000e3300000, 0x00000000e3300000| Untracked 
|  52|0x00000000e3400000, 0x00000000e3400000, 0x00000000e3500000|  0%| F|  |TAMS 0x00000000e3400000, 0x00000000e3400000| Untracked 
|  53|0x00000000e3500000, 0x00000000e3500000, 0x00000000e3600000|  0%| F|  |TAMS 0x00000000e3500000, 0x00000000e3500000| Untracked 
|  54|0x00000000e3600000, 0x00000000e3600000, 0x00000000e3700000|  0%| F|  |TAMS 0x00000000e3600000, 0x00000000e3600000| Untracked 
|  55|0x00000000e3700000, 0x00000000e3700000, 0x00000000e3800000|  0%| F|  |TAMS 0x00000000e3700000, 0x00000000e3700000| Untracked 
|  56|0x00000000e3800000, 0x00000000e3800000, 0x00000000e3900000|  0%| F|  |TAMS 0x00000000e3800000, 0x00000000e3800000| Untracked 
|  57|0x00000000e3900000, 0x00000000e3900000, 0x00000000e3a00000|  0%| F|  |TAMS 0x00000000e3900000, 0x00000000e3900000| Untracked 
|  58|0x00000000e3a00000, 0x00000000e3a00000, 0x00000000e3b00000|  0%| F|  |TAMS 0x00000000e3a00000, 0x00000000e3a00000| Untracked 
|  59|0x00000000e3b00000, 0x00000000e3b00000, 0x00000000e3c00000|  0%| F|  |TAMS 0x00000000e3b00000, 0x00000000e3b00000| Untracked 
|  60|0x00000000e3c00000, 0x00000000e3c00000, 0x00000000e3d00000|  0%| F|  |TAMS 0x00000000e3c00000, 0x00000000e3c00000| Untracked 
|  61|0x00000000e3d00000, 0x00000000e3d00000, 0x00000000e3e00000|  0%| F|  |TAMS 0x00000000e3d00000, 0x00000000e3d00000| Untracked 
|  62|0x00000000e3e00000, 0x00000000e3e00000, 0x00000000e3f00000|  0%| F|  |TAMS 0x00000000e3e00000, 0x00000000e3e00000| Untracked 
|  63|0x00000000e3f00000, 0x00000000e3f00000, 0x00000000e4000000|  0%| F|  |TAMS 0x00000000e3f00000, 0x00000000e3f00000| Untracked 
|  64|0x00000000e4000000, 0x00000000e4000000, 0x00000000e4100000|  0%| F|  |TAMS 0x00000000e4000000, 0x00000000e4000000| Untracked 
|  65|0x00000000e4100000, 0x00000000e4100000, 0x00000000e4200000|  0%| F|  |TAMS 0x00000000e4100000, 0x00000000e4100000| Untracked 
|  66|0x00000000e4200000, 0x00000000e4200000, 0x00000000e4300000|  0%| F|  |TAMS 0x00000000e4200000, 0x00000000e4200000| Untracked 
|  67|0x00000000e4300000, 0x00000000e4300000, 0x00000000e4400000|  0%| F|  |TAMS 0x00000000e4300000, 0x00000000e4300000| Untracked 
|  68|0x00000000e4400000, 0x00000000e4400000, 0x00000000e4500000|  0%| F|  |TAMS 0x00000000e4400000, 0x00000000e4400000| Untracked 
|  69|0x00000000e4500000, 0x00000000e4500000, 0x00000000e4600000|  0%| F|  |TAMS 0x00000000e4500000, 0x00000000e4500000| Untracked 
|  70|0x00000000e4600000, 0x00000000e4600000, 0x00000000e4700000|  0%| F|  |TAMS 0x00000000e4600000, 0x00000000e4600000| Untracked 
|  71|0x00000000e4700000, 0x00000000e4700000, 0x00000000e4800000|  0%| F|  |TAMS 0x00000000e4700000, 0x00000000e4700000| Untracked 
|  72|0x00000000e4800000, 0x00000000e4800000, 0x00000000e4900000|  0%| F|  |TAMS 0x00000000e4800000, 0x00000000e4800000| Untracked 
|  73|0x00000000e4900000, 0x00000000e4900000, 0x00000000e4a00000|  0%| F|  |TAMS 0x00000000e4900000, 0x00000000e4900000| Untracked 
|  74|0x00000000e4a00000, 0x00000000e4a00000, 0x00000000e4b00000|  0%| F|  |TAMS 0x00000000e4a00000, 0x00000000e4a00000| Untracked 
|  75|0x00000000e4b00000, 0x00000000e4b00000, 0x00000000e4c00000|  0%| F|  |TAMS 0x00000000e4b00000, 0x00000000e4b00000| Untracked 
|  76|0x00000000e4c00000, 0x00000000e4c00000, 0x00000000e4d00000|  0%| F|  |TAMS 0x00000000e4c00000, 0x00000000e4c00000| Untracked 
|  77|0x00000000e4d00000, 0x00000000e4d00000, 0x00000000e4e00000|  0%| F|  |TAMS 0x00000000e4d00000, 0x00000000e4d00000| Untracked 
|  78|0x00000000e4e00000, 0x00000000e4e00000, 0x00000000e4f00000|  0%| F|  |TAMS 0x00000000e4e00000, 0x00000000e4e00000| Untracked 
|  79|0x00000000e4f00000, 0x00000000e4f00000, 0x00000000e5000000|  0%| F|  |TAMS 0x00000000e4f00000, 0x00000000e4f00000| Untracked 
|  80|0x00000000e5000000, 0x00000000e5000000, 0x00000000e5100000|  0%| F|  |TAMS 0x00000000e5000000, 0x00000000e5000000| Untracked 
|  81|0x00000000e5100000, 0x00000000e5100000, 0x00000000e5200000|  0%| F|  |TAMS 0x00000000e5100000, 0x00000000e5100000| Untracked 
|  82|0x00000000e5200000, 0x00000000e5200000, 0x00000000e5300000|  0%| F|  |TAMS 0x00000000e5200000, 0x00000000e5200000| Untracked 
|  83|0x00000000e5300000, 0x00000000e5300000, 0x00000000e5400000|  0%| F|  |TAMS 0x00000000e5300000, 0x00000000e5300000| Untracked 
|  84|0x00000000e5400000, 0x00000000e5400000, 0x00000000e5500000|  0%| F|  |TAMS 0x00000000e5400000, 0x00000000e5400000| Untracked 
|  85|0x00000000e5500000, 0x00000000e5500000, 0x00000000e5600000|  0%| F|  |TAMS 0x00000000e5500000, 0x00000000e5500000| Untracked 
|  86|0x00000000e5600000, 0x00000000e5600000, 0x00000000e5700000|  0%| F|  |TAMS 0x00000000e5600000, 0x00000000e5600000| Untracked 
|  87|0x00000000e5700000, 0x00000000e5700000, 0x00000000e5800000|  0%| F|  |TAMS 0x00000000e5700000, 0x00000000e5700000| Untracked 
|  88|0x00000000e5800000, 0x00000000e5800000, 0x00000000e5900000|  0%| F|  |TAMS 0x00000000e5800000, 0x00000000e5800000| Untracked 
|  89|0x00000000e5900000, 0x00000000e5900000, 0x00000000e5a00000|  0%| F|  |TAMS 0x00000000e5900000, 0x00000000e5900000| Untracked 
|  90|0x00000000e5a00000, 0x00000000e5a00000, 0x00000000e5b00000|  0%| F|  |TAMS 0x00000000e5a00000, 0x00000000e5a00000| Untracked 
|  91|0x00000000e5b00000, 0x00000000e5b00000, 0x00000000e5c00000|  0%| F|  |TAMS 0x00000000e5b00000, 0x00000000e5b00000| Untracked 
|  92|0x00000000e5c00000, 0x00000000e5c00000, 0x00000000e5d00000|  0%| F|  |TAMS 0x00000000e5c00000, 0x00000000e5c00000| Untracked 
|  93|0x00000000e5d00000, 0x00000000e5d00000, 0x00000000e5e00000|  0%| F|  |TAMS 0x00000000e5d00000, 0x00000000e5d00000| Untracked 
|  94|0x00000000e5e00000, 0x00000000e5e00000, 0x00000000e5f00000|  0%| F|  |TAMS 0x00000000e5e00000, 0x00000000e5e00000| Untracked 
|  95|0x00000000e5f00000, 0x00000000e5f00000, 0x00000000e6000000|  0%| F|  |TAMS 0x00000000e5f00000, 0x00000000e5f00000| Untracked 
|  96|0x00000000e6000000, 0x00000000e6000000, 0x00000000e6100000|  0%| F|  |TAMS 0x00000000e6000000, 0x00000000e6000000| Untracked 
|  97|0x00000000e6100000, 0x00000000e6100000, 0x00000000e6200000|  0%| F|  |TAMS 0x00000000e6100000, 0x00000000e6100000| Untracked 
|  98|0x00000000e6200000, 0x00000000e6200000, 0x00000000e6300000|  0%| F|  |TAMS 0x00000000e6200000, 0x00000000e6200000| Untracked 
|  99|0x00000000e6300000, 0x00000000e6300000, 0x00000000e6400000|  0%| F|  |TAMS 0x00000000e6300000, 0x00000000e6300000| Untracked 
| 100|0x00000000e6400000, 0x00000000e6400000, 0x00000000e6500000|  0%| F|  |TAMS 0x00000000e6400000, 0x00000000e6400000| Untracked 
| 101|0x00000000e6500000, 0x00000000e6500000, 0x00000000e6600000|  0%| F|  |TAMS 0x00000000e6500000, 0x00000000e6500000| Untracked 
| 102|0x00000000e6600000, 0x00000000e6600000, 0x00000000e6700000|  0%| F|  |TAMS 0x00000000e6600000, 0x00000000e6600000| Untracked 
| 103|0x00000000e6700000, 0x00000000e6700000, 0x00000000e6800000|  0%| F|  |TAMS 0x00000000e6700000, 0x00000000e6700000| Untracked 
| 104|0x00000000e6800000, 0x00000000e6800000, 0x00000000e6900000|  0%| F|  |TAMS 0x00000000e6800000, 0x00000000e6800000| Untracked 
| 105|0x00000000e6900000, 0x00000000e6900000, 0x00000000e6a00000|  0%| F|  |TAMS 0x00000000e6900000, 0x00000000e6900000| Untracked 
| 106|0x00000000e6a00000, 0x00000000e6a00000, 0x00000000e6b00000|  0%| F|  |TAMS 0x00000000e6a00000, 0x00000000e6a00000| Untracked 
| 107|0x00000000e6b00000, 0x00000000e6b00000, 0x00000000e6c00000|  0%| F|  |TAMS 0x00000000e6b00000, 0x00000000e6b00000| Untracked 
| 108|0x00000000e6c00000, 0x00000000e6c00000, 0x00000000e6d00000|  0%| F|  |TAMS 0x00000000e6c00000, 0x00000000e6c00000| Untracked 
| 109|0x00000000e6d00000, 0x00000000e6d00000, 0x00000000e6e00000|  0%| F|  |TAMS 0x00000000e6d00000, 0x00000000e6d00000| Untracked 
| 110|0x00000000e6e00000, 0x00000000e6e00000, 0x00000000e6f00000|  0%| F|  |TAMS 0x00000000e6e00000, 0x00000000e6e00000| Untracked 
| 111|0x00000000e6f00000, 0x00000000e6f00000, 0x00000000e7000000|  0%| F|  |TAMS 0x00000000e6f00000, 0x00000000e6f00000| Untracked 
| 112|0x00000000e7000000, 0x00000000e7000000, 0x00000000e7100000|  0%| F|  |TAMS 0x00000000e7000000, 0x00000000e7000000| Untracked 
| 113|0x00000000e7100000, 0x00000000e7100000, 0x00000000e7200000|  0%| F|  |TAMS 0x00000000e7100000, 0x00000000e7100000| Untracked 
| 114|0x00000000e7200000, 0x00000000e7200000, 0x00000000e7300000|  0%| F|  |TAMS 0x00000000e7200000, 0x00000000e7200000| Untracked 
| 115|0x00000000e7300000, 0x00000000e7300000, 0x00000000e7400000|  0%| F|  |TAMS 0x00000000e7300000, 0x00000000e7300000| Untracked 
| 116|0x00000000e7400000, 0x00000000e7400000, 0x00000000e7500000|  0%| F|  |TAMS 0x00000000e7400000, 0x00000000e7400000| Untracked 
| 117|0x00000000e7500000, 0x00000000e7500000, 0x00000000e7600000|  0%| F|  |TAMS 0x00000000e7500000, 0x00000000e7500000| Untracked 
| 118|0x00000000e7600000, 0x00000000e7600000, 0x00000000e7700000|  0%| F|  |TAMS 0x00000000e7600000, 0x00000000e7600000| Untracked 
| 119|0x00000000e7700000, 0x00000000e7700000, 0x00000000e7800000|  0%| F|  |TAMS 0x00000000e7700000, 0x00000000e7700000| Untracked 
| 120|0x00000000e7800000, 0x00000000e7800000, 0x00000000e7900000|  0%| F|  |TAMS 0x00000000e7800000, 0x00000000e7800000| Untracked 
| 121|0x00000000e7900000, 0x00000000e7900000, 0x00000000e7a00000|  0%| F|  |TAMS 0x00000000e7900000, 0x00000000e7900000| Untracked 
| 122|0x00000000e7a00000, 0x00000000e7a00000, 0x00000000e7b00000|  0%| F|  |TAMS 0x00000000e7a00000, 0x00000000e7a00000| Untracked 
| 123|0x00000000e7b00000, 0x00000000e7b00000, 0x00000000e7c00000|  0%| F|  |TAMS 0x00000000e7b00000, 0x00000000e7b00000| Untracked 
| 124|0x00000000e7c00000, 0x00000000e7c00000, 0x00000000e7d00000|  0%| F|  |TAMS 0x00000000e7c00000, 0x00000000e7c00000| Untracked 
| 125|0x00000000e7d00000, 0x00000000e7d00000, 0x00000000e7e00000|  0%| F|  |TAMS 0x00000000e7d00000, 0x00000000e7d00000| Untracked 
| 126|0x00000000e7e00000, 0x00000000e7e00000, 0x00000000e7f00000|  0%| F|  |TAMS 0x00000000e7e00000, 0x00000000e7e00000| Untracked 
| 127|0x00000000e7f00000, 0x00000000e7f00000, 0x00000000e8000000|  0%| F|  |TAMS 0x00000000e7f00000, 0x00000000e7f00000| Untracked 
| 128|0x00000000e8000000, 0x00000000e8000000, 0x00000000e8100000|  0%| F|  |TAMS 0x00000000e8000000, 0x00000000e8000000| Untracked 
| 129|0x00000000e8100000, 0x00000000e8100000, 0x00000000e8200000|  0%| F|  |TAMS 0x00000000e8100000, 0x00000000e8100000| Untracked 
| 130|0x00000000e8200000, 0x00000000e8200000, 0x00000000e8300000|  0%| F|  |TAMS 0x00000000e8200000, 0x00000000e8200000| Untracked 
| 131|0x00000000e8300000, 0x00000000e8300000, 0x00000000e8400000|  0%| F|  |TAMS 0x00000000e8300000, 0x00000000e8300000| Untracked 
| 132|0x00000000e8400000, 0x00000000e8400000, 0x00000000e8500000|  0%| F|  |TAMS 0x00000000e8400000, 0x00000000e8400000| Untracked 
| 133|0x00000000e8500000, 0x00000000e8500000, 0x00000000e8600000|  0%| F|  |TAMS 0x00000000e8500000, 0x00000000e8500000| Untracked 
| 134|0x00000000e8600000, 0x00000000e8600000, 0x00000000e8700000|  0%| F|  |TAMS 0x00000000e8600000, 0x00000000e8600000| Untracked 
| 135|0x00000000e8700000, 0x00000000e8700000, 0x00000000e8800000|  0%| F|  |TAMS 0x00000000e8700000, 0x00000000e8700000| Untracked 
| 136|0x00000000e8800000, 0x00000000e8800000, 0x00000000e8900000|  0%| F|  |TAMS 0x00000000e8800000, 0x00000000e8800000| Untracked 
| 137|0x00000000e8900000, 0x00000000e8900000, 0x00000000e8a00000|  0%| F|  |TAMS 0x00000000e8900000, 0x00000000e8900000| Untracked 
| 138|0x00000000e8a00000, 0x00000000e8a75d58, 0x00000000e8b00000| 46%| S|CS|TAMS 0x00000000e8a00000, 0x00000000e8a00000| Complete 
| 139|0x00000000e8b00000, 0x00000000e8c00000, 0x00000000e8c00000|100%| S|CS|TAMS 0x00000000e8b00000, 0x00000000e8b00000| Complete 
| 140|0x00000000e8c00000, 0x00000000e8c00000, 0x00000000e8d00000|  0%| F|  |TAMS 0x00000000e8c00000, 0x00000000e8c00000| Untracked 
| 141|0x00000000e8d00000, 0x00000000e8d00000, 0x00000000e8e00000|  0%| F|  |TAMS 0x00000000e8d00000, 0x00000000e8d00000| Untracked 
| 142|0x00000000e8e00000, 0x00000000e8e00000, 0x00000000e8f00000|  0%| F|  |TAMS 0x00000000e8e00000, 0x00000000e8e00000| Untracked 
| 143|0x00000000e8f00000, 0x00000000e8f00000, 0x00000000e9000000|  0%| F|  |TAMS 0x00000000e8f00000, 0x00000000e8f00000| Untracked 
| 144|0x00000000e9000000, 0x00000000e9000000, 0x00000000e9100000|  0%| F|  |TAMS 0x00000000e9000000, 0x00000000e9000000| Untracked 
| 145|0x00000000e9100000, 0x00000000e9100000, 0x00000000e9200000|  0%| F|  |TAMS 0x00000000e9100000, 0x00000000e9100000| Untracked 
| 146|0x00000000e9200000, 0x00000000e9200000, 0x00000000e9300000|  0%| F|  |TAMS 0x00000000e9200000, 0x00000000e9200000| Untracked 
| 147|0x00000000e9300000, 0x00000000e9300000, 0x00000000e9400000|  0%| F|  |TAMS 0x00000000e9300000, 0x00000000e9300000| Untracked 
| 148|0x00000000e9400000, 0x00000000e9400000, 0x00000000e9500000|  0%| F|  |TAMS 0x00000000e9400000, 0x00000000e9400000| Untracked 
| 149|0x00000000e9500000, 0x00000000e9500000, 0x00000000e9600000|  0%| F|  |TAMS 0x00000000e9500000, 0x00000000e9500000| Untracked 
| 150|0x00000000e9600000, 0x00000000e9600000, 0x00000000e9700000|  0%| F|  |TAMS 0x00000000e9600000, 0x00000000e9600000| Untracked 
| 151|0x00000000e9700000, 0x00000000e9800000, 0x00000000e9800000|100%| S|CS|TAMS 0x00000000e9700000, 0x00000000e9700000| Complete 
| 152|0x00000000e9800000, 0x00000000e9900000, 0x00000000e9900000|100%| S|CS|TAMS 0x00000000e9800000, 0x00000000e9800000| Complete 
| 153|0x00000000e9900000, 0x00000000e9a00000, 0x00000000e9a00000|100%| S|CS|TAMS 0x00000000e9900000, 0x00000000e9900000| Complete 
| 154|0x00000000e9a00000, 0x00000000e9b00000, 0x00000000e9b00000|100%| S|CS|TAMS 0x00000000e9a00000, 0x00000000e9a00000| Complete 
| 155|0x00000000e9b00000, 0x00000000e9c00000, 0x00000000e9c00000|100%| S|CS|TAMS 0x00000000e9b00000, 0x00000000e9b00000| Complete 
| 156|0x00000000e9c00000, 0x00000000e9d00000, 0x00000000e9d00000|100%| S|CS|TAMS 0x00000000e9c00000, 0x00000000e9c00000| Complete 
| 157|0x00000000e9d00000, 0x00000000e9e00000, 0x00000000e9e00000|100%| S|CS|TAMS 0x00000000e9d00000, 0x00000000e9d00000| Complete 
| 158|0x00000000e9e00000, 0x00000000e9f00000, 0x00000000e9f00000|100%| S|CS|TAMS 0x00000000e9e00000, 0x00000000e9e00000| Complete 
| 159|0x00000000e9f00000, 0x00000000ea000000, 0x00000000ea000000|100%| S|CS|TAMS 0x00000000e9f00000, 0x00000000e9f00000| Complete 
| 160|0x00000000ea000000, 0x00000000ea100000, 0x00000000ea100000|100%| S|CS|TAMS 0x00000000ea000000, 0x00000000ea000000| Complete 
| 161|0x00000000ea100000, 0x00000000ea200000, 0x00000000ea200000|100%| S|CS|TAMS 0x00000000ea100000, 0x00000000ea100000| Complete 
| 162|0x00000000ea200000, 0x00000000ea300000, 0x00000000ea300000|100%| S|CS|TAMS 0x00000000ea200000, 0x00000000ea200000| Complete 
| 163|0x00000000ea300000, 0x00000000ea400000, 0x00000000ea400000|100%| S|CS|TAMS 0x00000000ea300000, 0x00000000ea300000| Complete 
| 164|0x00000000ea400000, 0x00000000ea500000, 0x00000000ea500000|100%| S|CS|TAMS 0x00000000ea400000, 0x00000000ea400000| Complete 
| 165|0x00000000ea500000, 0x00000000ea500000, 0x00000000ea600000|  0%| F|  |TAMS 0x00000000ea500000, 0x00000000ea500000| Untracked 
| 166|0x00000000ea600000, 0x00000000ea600000, 0x00000000ea700000|  0%| F|  |TAMS 0x00000000ea600000, 0x00000000ea600000| Untracked 
| 167|0x00000000ea700000, 0x00000000ea700000, 0x00000000ea800000|  0%| F|  |TAMS 0x00000000ea700000, 0x00000000ea700000| Untracked 
| 168|0x00000000ea800000, 0x00000000ea800000, 0x00000000ea900000|  0%| F|  |TAMS 0x00000000ea800000, 0x00000000ea800000| Untracked 
| 169|0x00000000ea900000, 0x00000000ea900000, 0x00000000eaa00000|  0%| F|  |TAMS 0x00000000ea900000, 0x00000000ea900000| Untracked 
| 170|0x00000000eaa00000, 0x00000000eaa00000, 0x00000000eab00000|  0%| F|  |TAMS 0x00000000eaa00000, 0x00000000eaa00000| Untracked 
| 171|0x00000000eab00000, 0x00000000eab00000, 0x00000000eac00000|  0%| F|  |TAMS 0x00000000eab00000, 0x00000000eab00000| Untracked 
| 172|0x00000000eac00000, 0x00000000eac00000, 0x00000000ead00000|  0%| F|  |TAMS 0x00000000eac00000, 0x00000000eac00000| Untracked 
| 173|0x00000000ead00000, 0x00000000ead00000, 0x00000000eae00000|  0%| F|  |TAMS 0x00000000ead00000, 0x00000000ead00000| Untracked 
| 174|0x00000000eae00000, 0x00000000eae00000, 0x00000000eaf00000|  0%| F|  |TAMS 0x00000000eae00000, 0x00000000eae00000| Untracked 
| 175|0x00000000eaf00000, 0x00000000eaf00000, 0x00000000eb000000|  0%| F|  |TAMS 0x00000000eaf00000, 0x00000000eaf00000| Untracked 
| 176|0x00000000eb000000, 0x00000000eb000000, 0x00000000eb100000|  0%| F|  |TAMS 0x00000000eb000000, 0x00000000eb000000| Untracked 
| 177|0x00000000eb100000, 0x00000000eb100000, 0x00000000eb200000|  0%| F|  |TAMS 0x00000000eb100000, 0x00000000eb100000| Untracked 
| 178|0x00000000eb200000, 0x00000000eb200000, 0x00000000eb300000|  0%| F|  |TAMS 0x00000000eb200000, 0x00000000eb200000| Untracked 
| 179|0x00000000eb300000, 0x00000000eb300000, 0x00000000eb400000|  0%| F|  |TAMS 0x00000000eb300000, 0x00000000eb300000| Untracked 
| 180|0x00000000eb400000, 0x00000000eb400000, 0x00000000eb500000|  0%| F|  |TAMS 0x00000000eb400000, 0x00000000eb400000| Untracked 
| 181|0x00000000eb500000, 0x00000000eb500000, 0x00000000eb600000|  0%| F|  |TAMS 0x00000000eb500000, 0x00000000eb500000| Untracked 
| 182|0x00000000eb600000, 0x00000000eb600000, 0x00000000eb700000|  0%| F|  |TAMS 0x00000000eb600000, 0x00000000eb600000| Untracked 
| 183|0x00000000eb700000, 0x00000000eb700000, 0x00000000eb800000|  0%| F|  |TAMS 0x00000000eb700000, 0x00000000eb700000| Untracked 
| 184|0x00000000eb800000, 0x00000000eb880000, 0x00000000eb900000| 50%| E|  |TAMS 0x00000000eb800000, 0x00000000eb800000| Complete 
| 185|0x00000000eb900000, 0x00000000eba00000, 0x00000000eba00000|100%| E|CS|TAMS 0x00000000eb900000, 0x00000000eb900000| Complete 
| 186|0x00000000eba00000, 0x00000000ebb00000, 0x00000000ebb00000|100%| E|CS|TAMS 0x00000000eba00000, 0x00000000eba00000| Complete 
| 187|0x00000000ebb00000, 0x00000000ebc00000, 0x00000000ebc00000|100%| E|CS|TAMS 0x00000000ebb00000, 0x00000000ebb00000| Complete 
| 188|0x00000000ebc00000, 0x00000000ebd00000, 0x00000000ebd00000|100%| E|CS|TAMS 0x00000000ebc00000, 0x00000000ebc00000| Complete 
| 189|0x00000000ebd00000, 0x00000000ebe00000, 0x00000000ebe00000|100%| E|CS|TAMS 0x00000000ebd00000, 0x00000000ebd00000| Complete 
| 190|0x00000000ebe00000, 0x00000000ebf00000, 0x00000000ebf00000|100%| E|CS|TAMS 0x00000000ebe00000, 0x00000000ebe00000| Complete 
| 191|0x00000000ebf00000, 0x00000000ec000000, 0x00000000ec000000|100%| E|CS|TAMS 0x00000000ebf00000, 0x00000000ebf00000| Complete 
| 192|0x00000000ec000000, 0x00000000ec100000, 0x00000000ec100000|100%| E|CS|TAMS 0x00000000ec000000, 0x00000000ec000000| Complete 
| 193|0x00000000ec100000, 0x00000000ec200000, 0x00000000ec200000|100%| E|CS|TAMS 0x00000000ec100000, 0x00000000ec100000| Complete 
| 194|0x00000000ec200000, 0x00000000ec300000, 0x00000000ec300000|100%| E|CS|TAMS 0x00000000ec200000, 0x00000000ec200000| Complete 
| 195|0x00000000ec300000, 0x00000000ec400000, 0x00000000ec400000|100%| E|CS|TAMS 0x00000000ec300000, 0x00000000ec300000| Complete 
| 196|0x00000000ec400000, 0x00000000ec500000, 0x00000000ec500000|100%| E|CS|TAMS 0x00000000ec400000, 0x00000000ec400000| Complete 
| 197|0x00000000ec500000, 0x00000000ec600000, 0x00000000ec600000|100%| E|CS|TAMS 0x00000000ec500000, 0x00000000ec500000| Complete 
| 198|0x00000000ec600000, 0x00000000ec700000, 0x00000000ec700000|100%| E|CS|TAMS 0x00000000ec600000, 0x00000000ec600000| Complete 
| 199|0x00000000ec700000, 0x00000000ec800000, 0x00000000ec800000|100%| E|CS|TAMS 0x00000000ec700000, 0x00000000ec700000| Complete 
| 200|0x00000000ec800000, 0x00000000ec900000, 0x00000000ec900000|100%| E|CS|TAMS 0x00000000ec800000, 0x00000000ec800000| Complete 
| 201|0x00000000ec900000, 0x00000000eca00000, 0x00000000eca00000|100%| E|CS|TAMS 0x00000000ec900000, 0x00000000ec900000| Complete 
| 202|0x00000000eca00000, 0x00000000ecb00000, 0x00000000ecb00000|100%| E|CS|TAMS 0x00000000eca00000, 0x00000000eca00000| Complete 
| 203|0x00000000ecb00000, 0x00000000ecc00000, 0x00000000ecc00000|100%| E|CS|TAMS 0x00000000ecb00000, 0x00000000ecb00000| Complete 
| 204|0x00000000ecc00000, 0x00000000ecd00000, 0x00000000ecd00000|100%| E|CS|TAMS 0x00000000ecc00000, 0x00000000ecc00000| Complete 
| 205|0x00000000ecd00000, 0x00000000ece00000, 0x00000000ece00000|100%| E|CS|TAMS 0x00000000ecd00000, 0x00000000ecd00000| Complete 
| 206|0x00000000ece00000, 0x00000000ecf00000, 0x00000000ecf00000|100%| E|CS|TAMS 0x00000000ece00000, 0x00000000ece00000| Complete 
| 207|0x00000000ecf00000, 0x00000000ed000000, 0x00000000ed000000|100%| E|CS|TAMS 0x00000000ecf00000, 0x00000000ecf00000| Complete 
| 208|0x00000000ed000000, 0x00000000ed100000, 0x00000000ed100000|100%| E|CS|TAMS 0x00000000ed000000, 0x00000000ed000000| Complete 
| 209|0x00000000ed100000, 0x00000000ed200000, 0x00000000ed200000|100%| E|CS|TAMS 0x00000000ed100000, 0x00000000ed100000| Complete 
| 210|0x00000000ed200000, 0x00000000ed300000, 0x00000000ed300000|100%| E|CS|TAMS 0x00000000ed200000, 0x00000000ed200000| Complete 
| 211|0x00000000ed300000, 0x00000000ed400000, 0x00000000ed400000|100%| E|CS|TAMS 0x00000000ed300000, 0x00000000ed300000| Complete 
| 212|0x00000000ed400000, 0x00000000ed500000, 0x00000000ed500000|100%| E|CS|TAMS 0x00000000ed400000, 0x00000000ed400000| Complete 
| 213|0x00000000ed500000, 0x00000000ed600000, 0x00000000ed600000|100%| E|CS|TAMS 0x00000000ed500000, 0x00000000ed500000| Complete 
| 214|0x00000000ed600000, 0x00000000ed700000, 0x00000000ed700000|100%| E|CS|TAMS 0x00000000ed600000, 0x00000000ed600000| Complete 
| 215|0x00000000ed700000, 0x00000000ed800000, 0x00000000ed800000|100%| E|CS|TAMS 0x00000000ed700000, 0x00000000ed700000| Complete 
| 216|0x00000000ed800000, 0x00000000ed900000, 0x00000000ed900000|100%| E|CS|TAMS 0x00000000ed800000, 0x00000000ed800000| Complete 
| 217|0x00000000ed900000, 0x00000000eda00000, 0x00000000eda00000|100%| E|CS|TAMS 0x00000000ed900000, 0x00000000ed900000| Complete 
| 218|0x00000000eda00000, 0x00000000edb00000, 0x00000000edb00000|100%| E|CS|TAMS 0x00000000eda00000, 0x00000000eda00000| Complete 
| 219|0x00000000edb00000, 0x00000000edc00000, 0x00000000edc00000|100%| E|CS|TAMS 0x00000000edb00000, 0x00000000edb00000| Complete 
| 220|0x00000000edc00000, 0x00000000edd00000, 0x00000000edd00000|100%| E|CS|TAMS 0x00000000edc00000, 0x00000000edc00000| Complete 
| 221|0x00000000edd00000, 0x00000000ede00000, 0x00000000ede00000|100%| E|CS|TAMS 0x00000000edd00000, 0x00000000edd00000| Complete 
| 222|0x00000000ede00000, 0x00000000edf00000, 0x00000000edf00000|100%| E|CS|TAMS 0x00000000ede00000, 0x00000000ede00000| Complete 
| 223|0x00000000edf00000, 0x00000000ee000000, 0x00000000ee000000|100%| E|CS|TAMS 0x00000000edf00000, 0x00000000edf00000| Complete 
| 224|0x00000000ee000000, 0x00000000ee100000, 0x00000000ee100000|100%| E|CS|TAMS 0x00000000ee000000, 0x00000000ee000000| Complete 
| 225|0x00000000ee100000, 0x00000000ee200000, 0x00000000ee200000|100%| E|CS|TAMS 0x00000000ee100000, 0x00000000ee100000| Complete 
| 226|0x00000000ee200000, 0x00000000ee300000, 0x00000000ee300000|100%| E|CS|TAMS 0x00000000ee200000, 0x00000000ee200000| Complete 
| 227|0x00000000ee300000, 0x00000000ee400000, 0x00000000ee400000|100%| E|CS|TAMS 0x00000000ee300000, 0x00000000ee300000| Complete 
| 228|0x00000000ee400000, 0x00000000ee500000, 0x00000000ee500000|100%| E|CS|TAMS 0x00000000ee400000, 0x00000000ee400000| Complete 
| 229|0x00000000ee500000, 0x00000000ee600000, 0x00000000ee600000|100%| E|CS|TAMS 0x00000000ee500000, 0x00000000ee500000| Complete 
| 230|0x00000000ee600000, 0x00000000ee700000, 0x00000000ee700000|100%| E|CS|TAMS 0x00000000ee600000, 0x00000000ee600000| Complete 
| 231|0x00000000ee700000, 0x00000000ee800000, 0x00000000ee800000|100%| E|CS|TAMS 0x00000000ee700000, 0x00000000ee700000| Complete 
| 232|0x00000000ee800000, 0x00000000ee900000, 0x00000000ee900000|100%| E|CS|TAMS 0x00000000ee800000, 0x00000000ee800000| Complete 
| 233|0x00000000ee900000, 0x00000000eea00000, 0x00000000eea00000|100%| E|CS|TAMS 0x00000000ee900000, 0x00000000ee900000| Complete 
| 234|0x00000000eea00000, 0x00000000eeb00000, 0x00000000eeb00000|100%| E|CS|TAMS 0x00000000eea00000, 0x00000000eea00000| Complete 
| 235|0x00000000eeb00000, 0x00000000eec00000, 0x00000000eec00000|100%| E|CS|TAMS 0x00000000eeb00000, 0x00000000eeb00000| Complete 
| 236|0x00000000eec00000, 0x00000000eed00000, 0x00000000eed00000|100%| E|CS|TAMS 0x00000000eec00000, 0x00000000eec00000| Complete 
| 237|0x00000000eed00000, 0x00000000eee00000, 0x00000000eee00000|100%| E|CS|TAMS 0x00000000eed00000, 0x00000000eed00000| Complete 
| 238|0x00000000eee00000, 0x00000000eef00000, 0x00000000eef00000|100%| E|CS|TAMS 0x00000000eee00000, 0x00000000eee00000| Complete 
| 239|0x00000000eef00000, 0x00000000ef000000, 0x00000000ef000000|100%| E|CS|TAMS 0x00000000eef00000, 0x00000000eef00000| Complete 
| 240|0x00000000ef000000, 0x00000000ef100000, 0x00000000ef100000|100%| E|CS|TAMS 0x00000000ef000000, 0x00000000ef000000| Complete 
| 241|0x00000000ef100000, 0x00000000ef200000, 0x00000000ef200000|100%| E|CS|TAMS 0x00000000ef100000, 0x00000000ef100000| Complete 
| 242|0x00000000ef200000, 0x00000000ef300000, 0x00000000ef300000|100%| E|CS|TAMS 0x00000000ef200000, 0x00000000ef200000| Complete 
| 243|0x00000000ef300000, 0x00000000ef400000, 0x00000000ef400000|100%| E|CS|TAMS 0x00000000ef300000, 0x00000000ef300000| Complete 
| 244|0x00000000ef400000, 0x00000000ef500000, 0x00000000ef500000|100%| E|CS|TAMS 0x00000000ef400000, 0x00000000ef400000| Complete 
| 245|0x00000000ef500000, 0x00000000ef600000, 0x00000000ef600000|100%| E|CS|TAMS 0x00000000ef500000, 0x00000000ef500000| Complete 
| 246|0x00000000ef600000, 0x00000000ef700000, 0x00000000ef700000|100%| E|CS|TAMS 0x00000000ef600000, 0x00000000ef600000| Complete 
| 247|0x00000000ef700000, 0x00000000ef800000, 0x00000000ef800000|100%| E|CS|TAMS 0x00000000ef700000, 0x00000000ef700000| Complete 
| 248|0x00000000ef800000, 0x00000000ef900000, 0x00000000ef900000|100%| E|CS|TAMS 0x00000000ef800000, 0x00000000ef800000| Complete 
| 249|0x00000000ef900000, 0x00000000efa00000, 0x00000000efa00000|100%| E|CS|TAMS 0x00000000ef900000, 0x00000000ef900000| Complete 
| 250|0x00000000efa00000, 0x00000000efb00000, 0x00000000efb00000|100%| E|CS|TAMS 0x00000000efa00000, 0x00000000efa00000| Complete 
| 251|0x00000000efb00000, 0x00000000efc00000, 0x00000000efc00000|100%| E|CS|TAMS 0x00000000efb00000, 0x00000000efb00000| Complete 
| 252|0x00000000efc00000, 0x00000000efd00000, 0x00000000efd00000|100%| E|CS|TAMS 0x00000000efc00000, 0x00000000efc00000| Complete 
| 253|0x00000000efd00000, 0x00000000efe00000, 0x00000000efe00000|100%| E|CS|TAMS 0x00000000efd00000, 0x00000000efd00000| Complete 
| 254|0x00000000efe00000, 0x00000000eff00000, 0x00000000eff00000|100%| E|CS|TAMS 0x00000000efe00000, 0x00000000efe00000| Complete 
| 255|0x00000000eff00000, 0x00000000f0000000, 0x00000000f0000000|100%| E|CS|TAMS 0x00000000eff00000, 0x00000000eff00000| Complete 

Card table byte_map: [0x000001b05b6e0000,0x000001b05b7e0000] _byte_map_base: 0x000001b05afe0000

Marking Bits (Prev, Next): (CMBitMap*) 0x000001b044589d70, (CMBitMap*) 0x000001b044589db0
 Prev Bits: [0x000001b05b8e0000, 0x000001b05c0e0000)
 Next Bits: [0x000001b05c0e0000, 0x000001b05c8e0000)

Polling page: 0x000001b0426c0000

Metaspace:

Usage:
  Non-class:     30.44 MB used.
      Class:      4.83 MB used.
       Both:     35.28 MB used.

Virtual space:
  Non-class space:       64.00 MB reserved,      30.62 MB ( 48%) committed,  1 nodes.
      Class space:      208.00 MB reserved,       5.00 MB (  2%) committed,  1 nodes.
             Both:      272.00 MB reserved,      35.62 MB ( 13%) committed. 

Chunk freelists:
   Non-Class:  1.12 MB
       Class:  11.05 MB
        Both:  12.18 MB

MaxMetaspaceSize: 256.00 MB
CompressedClassSpaceSize: 208.00 MB
Initial GC threshold: 21.00 MB
Current GC threshold: 58.75 MB
CDS: on
MetaspaceReclaimPolicy: balanced
 - commit_granule_bytes: 65536.
 - commit_granule_words: 8192.
 - virtual_space_node_default_size: 8388608.
 - enlarge_chunks_in_place: 1.
 - new_chunks_are_fully_committed: 0.
 - uncommit_free_chunks: 1.
 - use_allocation_guard: 0.
 - handle_deallocations: 1.


Internal statistics:

num_allocs_failed_limit: 6.
num_arena_births: 278.
num_arena_deaths: 0.
num_vsnodes_births: 2.
num_vsnodes_deaths: 0.
num_space_committed: 570.
num_space_uncommitted: 0.
num_chunks_returned_to_freelist: 6.
num_chunks_taken_from_freelist: 1498.
num_chunk_merges: 6.
num_chunk_splits: 1055.
num_chunks_enlarged: 812.
num_inconsistent_stats: 0.

CodeHeap 'non-profiled nmethods': size=120000Kb used=2161Kb max_used=2693Kb free=117838Kb
 bounds [0x000001b053b60000, 0x000001b053e10000, 0x000001b05b090000]
CodeHeap 'profiled nmethods': size=120000Kb used=8246Kb max_used=9076Kb free=111753Kb
 bounds [0x000001b04c090000, 0x000001b04c980000, 0x000001b0535c0000]
CodeHeap 'non-nmethods': size=5760Kb used=2355Kb max_used=2355Kb free=3404Kb
 bounds [0x000001b0535c0000, 0x000001b053830000, 0x000001b053b60000]
 total_blobs=4912 nmethods=4102 adapters=720
 compilation: enabled
              stopped_count=0, restarted_count=0
 full_count=0

Compilation events (20 events):
Event: 11.579 Thread 0x000001b05f54fa00 4541       2       java.util.HashMap::keysToArray (81 bytes)
Event: 11.580 Thread 0x000001b05f54fa00 nmethod 4541 0x000001b04c1c8490 code [0x000001b04c1c8640, 0x000001b04c1c8958]
Event: 11.586 Thread 0x000001b05f54fa00 4542       2       groovyjarjarantlr4.v4.runtime.misc.IntegerStack::pop (11 bytes)
Event: 11.587 Thread 0x000001b05f54fa00 nmethod 4542 0x000001b04c397390 code [0x000001b04c397520, 0x000001b04c397648]
Event: 11.587 Thread 0x000001b05f54fa00 4543       2       groovyjarjarantlr4.v4.runtime.misc.IntegerList::removeAt (53 bytes)
Event: 11.587 Thread 0x000001b05f54fa00 nmethod 4543 0x000001b04c237610 code [0x000001b04c2377e0, 0x000001b04c237ad8]
Event: 11.601 Thread 0x000001b05f54fa00 4544       2       org.apache.groovy.parser.antlr4.GroovyLexer::CapitalizedIdentifier_sempred (36 bytes)
Event: 11.601 Thread 0x000001b05f54fa00 nmethod 4544 0x000001b04c3d0990 code [0x000001b04c3d0b60, 0x000001b04c3d0d48]
Event: 11.601 Thread 0x000001b05f54fa00 4546       2       org.apache.groovy.parser.antlr4.GroovyLexer::action (265 bytes)
Event: 11.602 Thread 0x000001b05f54fa00 nmethod 4546 0x000001b04c2d6390 code [0x000001b04c2d6660, 0x000001b04c2d6cf8]
Event: 11.602 Thread 0x000001b05f54fa00 4545       1       groovyjarjarantlr4.v4.runtime.atn.LexerPushModeAction::isPositionDependent (2 bytes)
Event: 11.602 Thread 0x000001b05f54fa00 nmethod 4545 0x000001b053befd90 code [0x000001b053beff20, 0x000001b053befff8]
Event: 11.602 Thread 0x000001b05f54fa00 4547       1       groovyjarjarantlr4.v4.runtime.atn.LexerPopModeAction::isPositionDependent (2 bytes)
Event: 11.603 Thread 0x000001b05f54fa00 nmethod 4547 0x000001b053c45a10 code [0x000001b053c45ba0, 0x000001b053c45c78]
Event: 11.606 Thread 0x000001b05f54fa00 4548       2       groovyjarjarantlr4.v4.runtime.dfa.SingletonEdgeMap::put (95 bytes)
Event: 11.607 Thread 0x000001b05f54fa00 nmethod 4548 0x000001b04c19bd10 code [0x000001b04c19bf00, 0x000001b04c19c558]
Event: 11.607 Thread 0x000001b05f54fa00 4549       2       groovyjarjarantlr4.v4.runtime.dfa.HashEdgeMap::<init> (8 bytes)
Event: 11.607 Thread 0x000001b05f54fa00 nmethod 4549 0x000001b04c2efc90 code [0x000001b04c2efe40, 0x000001b04c2f0228]
Event: 11.631 Thread 0x000001b05f54fa00 4552       3       groovyjarjarantlr4.v4.runtime.atn.ParserATNSimulator::predTransition (66 bytes)
Event: 11.632 Thread 0x000001b05f54fa00 nmethod 4552 0x000001b04c13c490 code [0x000001b04c13c680, 0x000001b04c13ca68]

GC Heap History (8 events):
Event: 1.468 GC heap before
{Heap before GC invocations=0 (full 0):
 garbage-first heap   total 262144K, used 28672K [0x00000000e0000000, 0x0000000100000000)
  region size 1024K, 23 young (23552K), 0 survivors (0K)
 Metaspace       used 3007K, committed 3200K, reserved 278528K
  class space    used 381K, committed 448K, reserved 212992K
}
Event: 1.477 GC heap after
{Heap after GC invocations=1 (full 0):
 garbage-first heap   total 262144K, used 9229K [0x00000000e0000000, 0x0000000100000000)
  region size 1024K, 3 young (3072K), 3 survivors (3072K)
 Metaspace       used 3007K, committed 3200K, reserved 278528K
  class space    used 381K, committed 448K, reserved 212992K
}
Event: 2.765 GC heap before
{Heap before GC invocations=1 (full 0):
 garbage-first heap   total 262144K, used 38925K [0x00000000e0000000, 0x0000000100000000)
  region size 1024K, 32 young (32768K), 3 survivors (3072K)
 Metaspace       used 3917K, committed 4096K, reserved 278528K
  class space    used 478K, committed 576K, reserved 212992K
}
Event: 2.772 GC heap after
{Heap after GC invocations=2 (full 0):
 garbage-first heap   total 262144K, used 13617K [0x00000000e0000000, 0x0000000100000000)
  region size 1024K, 4 young (4096K), 4 survivors (4096K)
 Metaspace       used 3917K, committed 4096K, reserved 278528K
  class space    used 478K, committed 576K, reserved 212992K
}
Event: 8.341 GC heap before
{Heap before GC invocations=2 (full 0):
 garbage-first heap   total 262144K, used 116017K [0x00000000e0000000, 0x0000000100000000)
  region size 1024K, 105 young (107520K), 4 survivors (4096K)
 Metaspace       used 21277K, committed 21504K, reserved 278528K
  class space    used 3170K, committed 3264K, reserved 212992K
}
Event: 8.351 GC heap after
{Heap after GC invocations=3 (full 0):
 garbage-first heap   total 262144K, used 20707K [0x00000000e0000000, 0x0000000100000000)
  region size 1024K, 11 young (11264K), 11 survivors (11264K)
 Metaspace       used 21277K, committed 21504K, reserved 278528K
  class space    used 3170K, committed 3264K, reserved 212992K
}
Event: 10.863 GC heap before
{Heap before GC invocations=4 (full 0):
 garbage-first heap   total 262144K, used 114915K [0x00000000e0000000, 0x0000000100000000)
  region size 1024K, 102 young (104448K), 11 survivors (11264K)
 Metaspace       used 35704K, committed 35968K, reserved 278528K
  class space    used 4912K, committed 5056K, reserved 212992K
}
Event: 10.877 GC heap after
{Heap after GC invocations=5 (full 0):
 garbage-first heap   total 262144K, used 31174K [0x00000000e0000000, 0x0000000100000000)
  region size 1024K, 16 young (16384K), 16 survivors (16384K)
 Metaspace       used 35704K, committed 35968K, reserved 278528K
  class space    used 4912K, committed 5056K, reserved 212992K
}

Dll operation events (13 events):
Event: 0.025 Loaded shared library C:\Users\useru\.jdks\corretto-17.0.13\bin\java.dll
Event: 0.097 Loaded shared library C:\Users\useru\.jdks\corretto-17.0.13\bin\jsvml.dll
Event: 0.221 Loaded shared library C:\Users\useru\.jdks\corretto-17.0.13\bin\net.dll
Event: 0.276 Loaded shared library C:\Users\useru\.jdks\corretto-17.0.13\bin\nio.dll
Event: 0.331 Loaded shared library C:\Users\useru\.jdks\corretto-17.0.13\bin\zip.dll
Event: 0.638 Loaded shared library C:\Users\useru\.jdks\corretto-17.0.13\bin\jimage.dll
Event: 0.763 Loaded shared library C:\Users\useru\.jdks\corretto-17.0.13\bin\verify.dll
Event: 1.023 Loaded shared library C:\Users\useru\.gradle\native\e1d6ef7f7dcc3fd88c89a11ec53ec762bb8ba0a96d01ffa2cd45eb1d1d8dd5c5\windows-amd64\native-platform.dll
Event: 1.172 Loaded shared library C:\Users\useru\.gradle\native\0d407fdbe67a94daf76414ababcb853783967236a71b16ec16e742cd7a986fd3\windows-amd64\native-platform-file-events.dll
Event: 3.376 Loaded shared library C:\Users\useru\.jdks\corretto-17.0.13\bin\management.dll
Event: 3.428 Loaded shared library C:\Users\useru\.jdks\corretto-17.0.13\bin\management_ext.dll
Event: 4.047 Loaded shared library C:\Users\useru\.jdks\corretto-17.0.13\bin\extnet.dll
Event: 5.352 Loaded shared library C:\Users\useru\.jdks\corretto-17.0.13\bin\sunmscapi.dll

Deoptimization events (20 events):
Event: 11.036 Thread 0x000001b074027770 DEOPT PACKING pc=0x000001b053d15d80 sp=0x00000030040f79c0
Event: 11.036 Thread 0x000001b074027770 DEOPT UNPACKING pc=0x000001b0536169a3 sp=0x00000030040f7968 mode 2
Event: 11.051 Thread 0x000001b074027770 Uncommon trap: trap_request=0xffffffde fr.pc=0x000001b053c60f38 relative=0x0000000000001198
Event: 11.051 Thread 0x000001b074027770 Uncommon trap: reason=class_check action=maybe_recompile pc=0x000001b053c60f38 method=java.util.concurrent.ConcurrentHashMap.putVal(Ljava/lang/Object;Ljava/lang/Object;Z)Ljava/lang/Object; @ 159 c2
Event: 11.051 Thread 0x000001b074027770 DEOPT PACKING pc=0x000001b053c60f38 sp=0x00000030040f8090
Event: 11.051 Thread 0x000001b074027770 DEOPT UNPACKING pc=0x000001b0536169a3 sp=0x00000030040f8010 mode 2
Event: 11.069 Thread 0x000001b074027770 DEOPT PACKING pc=0x000001b04c74673e sp=0x00000030040f7ed0
Event: 11.069 Thread 0x000001b074027770 DEOPT UNPACKING pc=0x000001b053617143 sp=0x00000030040f7360 mode 0
Event: 11.217 Thread 0x000001b074027770 DEOPT PACKING pc=0x000001b04c75d1cf sp=0x00000030040f7a70
Event: 11.217 Thread 0x000001b074027770 DEOPT UNPACKING pc=0x000001b053617143 sp=0x00000030040f6f98 mode 0
Event: 11.264 Thread 0x000001b074027770 DEOPT PACKING pc=0x000001b04c75fb0a sp=0x00000030040f79c0
Event: 11.264 Thread 0x000001b074027770 DEOPT UNPACKING pc=0x000001b053617143 sp=0x00000030040f6f18 mode 0
Event: 11.422 Thread 0x000001b074027770 Uncommon trap: trap_request=0xffffff45 fr.pc=0x000001b053cc38dc relative=0x000000000000625c
Event: 11.422 Thread 0x000001b074027770 Uncommon trap: reason=unstable_if action=reinterpret pc=0x000001b053cc38dc method=groovyjarjarantlr4.v4.runtime.atn.PredictionContextCache$IdentityCommutativePredictionContextOperands.equals(Ljava/lang/Object;)Z @ 40 c2
Event: 11.422 Thread 0x000001b074027770 DEOPT PACKING pc=0x000001b053cc38dc sp=0x00000030040f6320
Event: 11.422 Thread 0x000001b074027770 DEOPT UNPACKING pc=0x000001b0536169a3 sp=0x00000030040f6180 mode 2
Event: 11.513 Thread 0x000001b0737efac0 Uncommon trap: trap_request=0xffffffbe fr.pc=0x000001b053d97e34 relative=0x00000000000007f4
Event: 11.513 Thread 0x000001b0737efac0 Uncommon trap: reason=profile_predicate action=maybe_recompile pc=0x000001b053d97e34 method=java.util.stream.ReferencePipeline.forEachWithCancel(Ljava/util/Spliterator;Ljava/util/stream/Sink;)Z @ 8 c2
Event: 11.513 Thread 0x000001b0737efac0 DEOPT PACKING pc=0x000001b053d97e34 sp=0x0000003003bfedf0
Event: 11.513 Thread 0x000001b0737efac0 DEOPT UNPACKING pc=0x000001b0536169a3 sp=0x0000003003bfec58 mode 2

Classes loaded (20 events):
Event: 11.038 Loading class java/util/stream/ReferencePipeline$4
Event: 11.038 Loading class java/util/stream/ReferencePipeline$4 done
Event: 11.038 Loading class java/util/stream/SortedOps
Event: 11.038 Loading class java/util/stream/SortedOps done
Event: 11.038 Loading class java/util/stream/SortedOps$OfInt
Event: 11.038 Loading class java/util/stream/IntPipeline$StatefulOp
Event: 11.039 Loading class java/util/stream/IntPipeline$StatefulOp done
Event: 11.039 Loading class java/util/stream/SortedOps$OfInt done
Event: 11.040 Loading class java/util/stream/Nodes$IntFixedNodeBuilder
Event: 11.041 Loading class java/util/stream/Node$Builder$OfInt
Event: 11.041 Loading class java/util/stream/Node$Builder$OfInt done
Event: 11.041 Loading class java/util/stream/Nodes$IntArrayNode
Event: 11.041 Loading class java/util/stream/Nodes$IntArrayNode done
Event: 11.041 Loading class java/util/stream/Nodes$IntFixedNodeBuilder done
Event: 11.041 Loading class java/util/stream/SortedOps$SizedIntSortingSink
Event: 11.041 Loading class java/util/stream/SortedOps$AbstractIntSortingSink
Event: 11.041 Loading class java/util/stream/SortedOps$AbstractIntSortingSink done
Event: 11.041 Loading class java/util/stream/SortedOps$SizedIntSortingSink done
Event: 11.041 Loading class java/util/stream/ReferencePipeline$4$1
Event: 11.041 Loading class java/util/stream/ReferencePipeline$4$1 done

Classes unloaded (0 events):
No events

Classes redefined (0 events):
No events

Internal exceptions (20 events):
Event: 10.744 Thread 0x000001b074027770 Exception <a 'java/lang/ClassNotFoundException'{0x00000000eabdbb58}: org/gradle/groovy/scripts/ScriptBeanInfo> (0x00000000eabdbb58) 
thrown [s\src\hotspot\share\classfile\systemDictionary.cpp, line 256]
Event: 10.744 Thread 0x000001b074027770 Exception <a 'java/lang/ClassNotFoundException'{0x00000000eabf3278}: groovy/lang/ScriptBeanInfo> (0x00000000eabf3278) 
thrown [s\src\hotspot\share\classfile\systemDictionary.cpp, line 256]
Event: 10.745 Thread 0x000001b074027770 Exception <a 'java/lang/ClassNotFoundException'{0x00000000eaa0aed0}: groovy/lang/ScriptCustomizer> (0x00000000eaa0aed0) 
thrown [s\src\hotspot\share\classfile\systemDictionary.cpp, line 256]
Event: 10.745 Thread 0x000001b074027770 Exception <a 'java/lang/ClassNotFoundException'{0x00000000eaa1c280}: org/gradle/groovy/scripts/ScriptCustomizer> (0x00000000eaa1c280) 
thrown [s\src\hotspot\share\classfile\systemDictionary.cpp, line 256]
Event: 10.746 Thread 0x000001b074027770 Exception <a 'java/lang/ClassNotFoundException'{0x00000000eaa2c178}: org/gradle/groovy/scripts/BasicScriptCustomizer> (0x00000000eaa2c178) 
thrown [s\src\hotspot\share\classfile\systemDictionary.cpp, line 256]
Event: 10.747 Thread 0x000001b074027770 Exception <a 'java/lang/ClassNotFoundException'{0x00000000eaa41c20}: org/gradle/groovy/scripts/DefaultScriptCustomizer> (0x00000000eaa41c20) 
thrown [s\src\hotspot\share\classfile\systemDictionary.cpp, line 256]
Event: 10.749 Thread 0x000001b074027770 Exception <a 'java/lang/ClassNotFoundException'{0x00000000eaa7e0a0}: org/gradle/initialization/InitScriptCustomizer> (0x00000000eaa7e0a0) 
thrown [s\src\hotspot\share\classfile\systemDictionary.cpp, line 256]
Event: 10.750 Thread 0x000001b074027770 Exception <a 'java/lang/ClassNotFoundException'{0x00000000eaa8c2e8}: ijMapper1_4yo6b18b3jib2nn8sw99x6i7gCustomizer> (0x00000000eaa8c2e8) 
thrown [s\src\hotspot\share\classfile\systemDictionary.cpp, line 256]
Event: 10.769 Thread 0x000001b074027770 Exception <a 'java/lang/ClassNotFoundException'{0x00000000ea923628}: org/gradle/internal/extensibility/DefaultExtraPropertiesExtensionBeanInfo> (0x00000000ea923628) 
thrown [s\src\hotspot\share\classfile\systemDictionary.cpp, line 256]
Event: 10.770 Thread 0x000001b074027770 Exception <a 'java/lang/ClassNotFoundException'{0x00000000ea92cd10}: org/gradle/internal/extensibility/DefaultExtraPropertiesExtensionCustomizer> (0x00000000ea92cd10) 
thrown [s\src\hotspot\share\classfile\systemDictionary.cpp, line 256]
Event: 10.833 Thread 0x000001b074027770 Exception <a 'java/lang/ClassNotFoundException'{0x00000000ea773bd0}: org/gradle/invocation/DefaultGradle_DecoratedBeanInfo> (0x00000000ea773bd0) 
thrown [s\src\hotspot\share\classfile\systemDictionary.cpp, line 256]
Event: 10.834 Thread 0x000001b074027770 Exception <a 'java/lang/ClassNotFoundException'{0x00000000ea781f08}: org/gradle/invocation/DefaultGradleBeanInfo> (0x00000000ea781f08) 
thrown [s\src\hotspot\share\classfile\systemDictionary.cpp, line 256]
Event: 10.834 Thread 0x000001b074027770 Exception <a 'java/lang/ClassNotFoundException'{0x00000000ea790320}: org/gradle/api/internal/project/AbstractPluginAwareBeanInfo> (0x00000000ea790320) 
thrown [s\src\hotspot\share\classfile\systemDictionary.cpp, line 256]
Event: 10.835 Thread 0x000001b074027770 Exception <a 'java/lang/ClassNotFoundException'{0x00000000ea79e710}: org/gradle/api/internal/project/AbstractPluginAwareCustomizer> (0x00000000ea79e710) 
thrown [s\src\hotspot\share\classfile\systemDictionary.cpp, line 256]
Event: 10.837 Thread 0x000001b074027770 Exception <a 'java/lang/ClassNotFoundException'{0x00000000ea7b2a08}: org/gradle/invocation/DefaultGradleCustomizer> (0x00000000ea7b2a08) 
thrown [s\src\hotspot\share\classfile\systemDictionary.cpp, line 256]
Event: 10.844 Thread 0x000001b074027770 Exception <a 'java/lang/ClassNotFoundException'{0x00000000ea7f34d0}: org/gradle/invocation/DefaultGradle_DecoratedCustomizer> (0x00000000ea7f34d0) 
thrown [s\src\hotspot\share\classfile\systemDictionary.cpp, line 256]
Event: 10.916 Thread 0x000001b074027770 Exception <a 'java/lang/ClassNotFoundException'{0x00000000effc4790}: groovy/lang/Closure$1BeanInfo> (0x00000000effc4790) 
thrown [s\src\hotspot\share\classfile\systemDictionary.cpp, line 256]
Event: 10.917 Thread 0x000001b074027770 Exception <a 'java/lang/ClassNotFoundException'{0x00000000effe68c8}: groovy/lang/ClosureBeanInfo> (0x00000000effe68c8) 
thrown [s\src\hotspot\share\classfile\systemDictionary.cpp, line 256]
Event: 10.917 Thread 0x000001b074027770 Exception <a 'java/lang/ClassNotFoundException'{0x00000000efe08ba8}: groovy/lang/ClosureCustomizer> (0x00000000efe08ba8) 
thrown [s\src\hotspot\share\classfile\systemDictionary.cpp, line 256]
Event: 10.920 Thread 0x000001b074027770 Exception <a 'java/lang/ClassNotFoundException'{0x00000000efe4d328}: groovy/lang/Closure$1Customizer> (0x00000000efe4d328) 
thrown [s\src\hotspot\share\classfile\systemDictionary.cpp, line 256]

VM Operations (20 events):
Event: 10.122 Executing VM operation: HandshakeAllThreads
Event: 10.122 Executing VM operation: HandshakeAllThreads done
Event: 10.179 Executing VM operation: HandshakeAllThreads
Event: 10.179 Executing VM operation: HandshakeAllThreads done
Event: 10.714 Executing VM operation: ICBufferFull
Event: 10.714 Executing VM operation: ICBufferFull done
Event: 10.862 Executing VM operation: CollectForMetadataAllocation
Event: 10.877 Executing VM operation: CollectForMetadataAllocation done
Event: 10.884 Executing VM operation: G1PauseRemark
Event: 10.903 Executing VM operation: G1PauseRemark done
Event: 10.903 Executing VM operation: G1PauseCleanup
Event: 10.903 Executing VM operation: G1PauseCleanup done
Event: 11.040 Executing VM operation: HandshakeAllThreads
Event: 11.040 Executing VM operation: HandshakeAllThreads done
Event: 11.051 Executing VM operation: HandshakeAllThreads
Event: 11.051 Executing VM operation: HandshakeAllThreads done
Event: 11.062 Executing VM operation: HandshakeAllThreads
Event: 11.062 Executing VM operation: HandshakeAllThreads done
Event: 11.456 Executing VM operation: ICBufferFull
Event: 11.456 Executing VM operation: ICBufferFull done

Memory protections (0 events):
No events

Nmethod flushes (20 events):
Event: 11.068 Thread 0x000001b05f56a340 flushing  nmethod 0x000001b04c4c4c90
Event: 11.068 Thread 0x000001b05f56a340 flushing  nmethod 0x000001b04c4c5010
Event: 11.068 Thread 0x000001b05f56a340 flushing  nmethod 0x000001b04c4c5390
Event: 11.068 Thread 0x000001b05f56a340 flushing  nmethod 0x000001b04c4c6790
Event: 11.068 Thread 0x000001b05f56a340 flushing  nmethod 0x000001b04c4f5810
Event: 11.068 Thread 0x000001b05f56a340 flushing  nmethod 0x000001b04c4fbf90
Event: 11.068 Thread 0x000001b05f56a340 flushing  nmethod 0x000001b04c4ffd10
Event: 11.068 Thread 0x000001b05f56a340 flushing  nmethod 0x000001b04c50a290
Event: 11.068 Thread 0x000001b05f56a340 flushing  nmethod 0x000001b04c510e10
Event: 11.068 Thread 0x000001b05f56a340 flushing  nmethod 0x000001b04c51ba10
Event: 11.068 Thread 0x000001b05f56a340 flushing  nmethod 0x000001b04c522590
Event: 11.068 Thread 0x000001b05f56a340 flushing  nmethod 0x000001b04c52d810
Event: 11.068 Thread 0x000001b05f56a340 flushing  nmethod 0x000001b04c52ea90
Event: 11.068 Thread 0x000001b05f56a340 flushing  nmethod 0x000001b04c530090
Event: 11.068 Thread 0x000001b05f56a340 flushing  nmethod 0x000001b04c553710
Event: 11.069 Thread 0x000001b05f56a340 flushing  nmethod 0x000001b04c5c9510
Event: 11.069 Thread 0x000001b05f56a340 flushing  nmethod 0x000001b04c636f10
Event: 11.069 Thread 0x000001b05f56a340 flushing  nmethod 0x000001b04c637a10
Event: 11.069 Thread 0x000001b05f56a340 flushing  nmethod 0x000001b04c637f10
Event: 11.069 Thread 0x000001b05f56a340 flushing  nmethod 0x000001b04c638410

Events (20 events):
Event: 5.603 Thread 0x000001b074027770 Thread added: 0x000001b074028190
Event: 6.367 Thread 0x000001b074027770 Thread added: 0x000001b07402a500
Event: 6.393 Thread 0x000001b074027770 Thread added: 0x000001b074027c80
Event: 6.438 Thread 0x000001b074027c80 Thread added: 0x000001b074029ff0
Event: 6.464 Thread 0x000001b074027770 Thread added: 0x000001b074028bb0
Event: 7.070 Thread 0x000001b05f54fa00 Thread added: 0x000001b07433ae60
Event: 7.588 Thread 0x000001b074027770 Thread added: 0x000001b0740290c0
Event: 7.604 Thread 0x000001b074027770 Thread added: 0x000001b074026d50
Event: 7.927 Thread 0x000001b074027770 Thread added: 0x000001b072853860
Event: 7.973 Thread 0x000001b074027770 Thread added: 0x000001b072852e40
Event: 8.172 Thread 0x000001b074027770 Thread added: 0x000001b072852930
Event: 8.212 Thread 0x000001b074027770 Thread added: 0x000001b072853350
Event: 8.385 Thread 0x000001b074027770 Thread added: 0x000001b0728556c0
Event: 8.699 Thread 0x000001b05f54fa00 Thread added: 0x000001b07544dd80
Event: 9.433 Thread 0x000001b074027770 Thread added: 0x000001b072854280
Event: 10.186 Thread 0x000001b074027770 Thread added: 0x000001b072854790
Event: 10.511 Thread 0x000001b07544dd80 Thread exited: 0x000001b07544dd80
Event: 10.511 Thread 0x000001b07433ae60 Thread exited: 0x000001b07433ae60
Event: 10.796 Thread 0x000001b074027770 Thread added: 0x000001b072854ca0
Event: 10.951 Thread 0x000001b05f54fa00 Thread added: 0x000001b076232560


Dynamic libraries:
0x00007ff6d3b00000 - 0x00007ff6d3b0e000 	C:\Users\useru\.jdks\corretto-17.0.13\bin\java.exe
0x00007ffc12d60000 - 0x00007ffc12fc7000 	C:\WINDOWS\SYSTEM32\ntdll.dll
0x00007ffc10c70000 - 0x00007ffc10d39000 	C:\WINDOWS\System32\KERNEL32.DLL
0x00007ffc10020000 - 0x00007ffc1040f000 	C:\WINDOWS\System32\KERNELBASE.dll
0x00007ffc104d0000 - 0x00007ffc1061b000 	C:\WINDOWS\System32\ucrtbase.dll
0x00007ffbf7470000 - 0x00007ffbf7487000 	C:\Users\useru\.jdks\corretto-17.0.13\bin\jli.dll
0x00007ffc07eb0000 - 0x00007ffc07ecb000 	C:\Users\useru\.jdks\corretto-17.0.13\bin\VCRUNTIME140.dll
0x00007ffc11b00000 - 0x00007ffc11cc5000 	C:\WINDOWS\System32\USER32.dll
0x00007ffc0ff40000 - 0x00007ffc0ff67000 	C:\WINDOWS\System32\win32u.dll
0x00007ffbef880000 - 0x00007ffbefb13000 	C:\WINDOWS\WinSxS\amd64_microsoft.windows.common-controls_6595b64144ccf1df_6.0.26100.7309_none_3e05feeae336a044\COMCTL32.dll
0x00007ffc110e0000 - 0x00007ffc1110b000 	C:\WINDOWS\System32\GDI32.dll
0x00007ffc11030000 - 0x00007ffc110d9000 	C:\WINDOWS\System32\msvcrt.dll
0x00007ffc10850000 - 0x00007ffc1097c000 	C:\WINDOWS\System32\gdi32full.dll
0x00007ffc10420000 - 0x00007ffc104c3000 	C:\WINDOWS\System32\msvcp_win.dll
0x00007ffc10e00000 - 0x00007ffc10e31000 	C:\WINDOWS\System32\IMM32.DLL
0x00007ffc07010000 - 0x00007ffc0701c000 	C:\Users\useru\.jdks\corretto-17.0.13\bin\vcruntime140_1.dll
0x00007ffbce310000 - 0x00007ffbce39d000 	C:\Users\useru\.jdks\corretto-17.0.13\bin\msvcp140.dll
0x00007ffb6fda0000 - 0x00007ffb70a0c000 	C:\Users\useru\.jdks\corretto-17.0.13\bin\server\jvm.dll
0x00007ffc12a50000 - 0x00007ffc12b04000 	C:\WINDOWS\System32\ADVAPI32.dll
0x00007ffc12bf0000 - 0x00007ffc12c96000 	C:\WINDOWS\System32\sechost.dll
0x00007ffc121c0000 - 0x00007ffc122d8000 	C:\WINDOWS\System32\RPCRT4.dll
0x00007ffc10d80000 - 0x00007ffc10df4000 	C:\WINDOWS\System32\WS2_32.dll
0x00007ffc0fd10000 - 0x00007ffc0fd6e000 	C:\WINDOWS\SYSTEM32\POWRPROF.dll
0x00007ffc041e0000 - 0x00007ffc04215000 	C:\WINDOWS\SYSTEM32\WINMM.dll
0x00007ffbfca50000 - 0x00007ffbfca5b000 	C:\WINDOWS\SYSTEM32\VERSION.dll
0x00007ffc0fcf0000 - 0x00007ffc0fd04000 	C:\WINDOWS\SYSTEM32\UMPDC.dll
0x00007ffc0ec20000 - 0x00007ffc0ec3b000 	C:\WINDOWS\SYSTEM32\kernel.appcore.dll
0x00007ffbf5820000 - 0x00007ffbf582a000 	C:\Users\useru\.jdks\corretto-17.0.13\bin\jimage.dll
0x00007ffc0d5b0000 - 0x00007ffc0d7f2000 	C:\WINDOWS\SYSTEM32\DBGHELP.DLL
0x00007ffc113b0000 - 0x00007ffc11735000 	C:\WINDOWS\System32\combase.dll
0x00007ffc11800000 - 0x00007ffc118d6000 	C:\WINDOWS\System32\OLEAUT32.dll
0x00007ffbf71d0000 - 0x00007ffbf720c000 	C:\WINDOWS\SYSTEM32\dbgcore.DLL
0x00007ffc0ff70000 - 0x00007ffc10015000 	C:\WINDOWS\System32\bcryptPrimitives.dll
0x00007ffbe7620000 - 0x00007ffbe7645000 	C:\Users\useru\.jdks\corretto-17.0.13\bin\java.dll
0x00007ffbce230000 - 0x00007ffbce307000 	C:\Users\useru\.jdks\corretto-17.0.13\bin\jsvml.dll
0x00007ffc122f0000 - 0x00007ffc12a43000 	C:\WINDOWS\System32\SHELL32.dll
0x00007ffc106e0000 - 0x00007ffc1084a000 	C:\WINDOWS\System32\wintypes.dll
0x00007ffc0da70000 - 0x00007ffc0e2ce000 	C:\WINDOWS\SYSTEM32\windows.storage.dll
0x00007ffc11a00000 - 0x00007ffc11af5000 	C:\WINDOWS\System32\SHCORE.dll
0x00007ffc11740000 - 0x00007ffc117a6000 	C:\WINDOWS\System32\shlwapi.dll
0x00007ffc0fdd0000 - 0x00007ffc0fdf9000 	C:\WINDOWS\SYSTEM32\profapi.dll
0x00007ffbf5800000 - 0x00007ffbf5819000 	C:\Users\useru\.jdks\corretto-17.0.13\bin\net.dll
0x00007ffc073c0000 - 0x00007ffc074e8000 	C:\WINDOWS\SYSTEM32\WINHTTP.dll
0x00007ffc0f170000 - 0x00007ffc0f1db000 	C:\WINDOWS\system32\mswsock.dll
0x00007ffbec690000 - 0x00007ffbec6a6000 	C:\Users\useru\.jdks\corretto-17.0.13\bin\nio.dll
0x00007ffbe75d0000 - 0x00007ffbe75e8000 	C:\Users\useru\.jdks\corretto-17.0.13\bin\zip.dll
0x00007ffbe75c0000 - 0x00007ffbe75d0000 	C:\Users\useru\.jdks\corretto-17.0.13\bin\verify.dll
0x00007ffbf75c0000 - 0x00007ffbf75e7000 	C:\Users\useru\.gradle\native\e1d6ef7f7dcc3fd88c89a11ec53ec762bb8ba0a96d01ffa2cd45eb1d1d8dd5c5\windows-amd64\native-platform.dll
0x00007ffbc4380000 - 0x00007ffbc44c4000 	C:\Users\useru\.gradle\native\0d407fdbe67a94daf76414ababcb853783967236a71b16ec16e742cd7a986fd3\windows-amd64\native-platform-file-events.dll
0x00007ffbe75b0000 - 0x00007ffbe75b9000 	C:\Users\useru\.jdks\corretto-17.0.13\bin\management.dll
0x00007ffbe75a0000 - 0x00007ffbe75ab000 	C:\Users\useru\.jdks\corretto-17.0.13\bin\management_ext.dll
0x00007ffc10d40000 - 0x00007ffc10d48000 	C:\WINDOWS\System32\PSAPI.DLL
0x00007ffc0f560000 - 0x00007ffc0f57b000 	C:\WINDOWS\SYSTEM32\CRYPTSP.dll
0x00007ffc0eb80000 - 0x00007ffc0ebba000 	C:\WINDOWS\system32\rsaenh.dll
0x00007ffc0f220000 - 0x00007ffc0f24b000 	C:\WINDOWS\SYSTEM32\USERENV.dll
0x00007ffc0fda0000 - 0x00007ffc0fdca000 	C:\WINDOWS\SYSTEM32\bcrypt.dll
0x00007ffc0f3c0000 - 0x00007ffc0f3cc000 	C:\WINDOWS\SYSTEM32\CRYPTBASE.dll
0x00007ffc0e660000 - 0x00007ffc0e694000 	C:\WINDOWS\SYSTEM32\IPHLPAPI.DLL
0x00007ffc10e40000 - 0x00007ffc10e4a000 	C:\WINDOWS\System32\NSI.dll
0x00007ffc07890000 - 0x00007ffc078ae000 	C:\WINDOWS\SYSTEM32\dhcpcsvc6.DLL
0x00007ffc07810000 - 0x00007ffc07833000 	C:\WINDOWS\SYSTEM32\dhcpcsvc.DLL
0x00007ffc0e700000 - 0x00007ffc0e82c000 	C:\WINDOWS\SYSTEM32\DNSAPI.dll
0x00007ffbe7410000 - 0x00007ffbe7419000 	C:\Users\useru\.jdks\corretto-17.0.13\bin\extnet.dll
0x00007ffbe7400000 - 0x00007ffbe740e000 	C:\Users\useru\.jdks\corretto-17.0.13\bin\sunmscapi.dll
0x00007ffc10980000 - 0x00007ffc10af7000 	C:\WINDOWS\System32\CRYPT32.dll
0x00007ffc0f6b0000 - 0x00007ffc0f6e0000 	C:\WINDOWS\SYSTEM32\ncrypt.dll
0x00007ffc0f660000 - 0x00007ffc0f69f000 	C:\WINDOWS\SYSTEM32\NTASN1.dll
0x00007ffbcbd60000 - 0x00007ffbcbd68000 	C:\WINDOWS\system32\wshunix.dll

dbghelp: loaded successfully - version: 4.0.5 - missing functions: none
symbol engine: initialized successfully - sym options: 0x614 - pdb path: .;C:\Users\useru\.jdks\corretto-17.0.13\bin;C:\WINDOWS\SYSTEM32;C:\WINDOWS\WinSxS\amd64_microsoft.windows.common-controls_6595b64144ccf1df_6.0.26100.7309_none_3e05feeae336a044;C:\Users\useru\.jdks\corretto-17.0.13\bin\server;C:\Users\useru\.gradle\native\e1d6ef7f7dcc3fd88c89a11ec53ec762bb8ba0a96d01ffa2cd45eb1d1d8dd5c5\windows-amd64;C:\Users\useru\.gradle\native\0d407fdbe67a94daf76414ababcb853783967236a71b16ec16e742cd7a986fd3\windows-amd64

VM Arguments:
jvm_args: --add-opens=java.base/java.util=ALL-UNNAMED --add-opens=java.base/java.lang=ALL-UNNAMED --add-opens=java.base/java.lang.invoke=ALL-UNNAMED --add-opens=java.base/java.util=ALL-UNNAMED --add-opens=java.prefs/java.util.prefs=ALL-UNNAMED --add-opens=java.prefs/java.util.prefs=ALL-UNNAMED --add-opens=java.base/java.nio.charset=ALL-UNNAMED --add-opens=java.base/java.net=ALL-UNNAMED --add-opens=java.base/java.util.concurrent.atomic=ALL-UNNAMED -XX:MaxMetaspaceSize=256m -XX:+HeapDumpOnOutOfMemoryError -Xms256m -Xmx512m -Dfile.encoding=UTF-8 -Duser.country=US -Duser.language=en -Duser.variant 
java_command: org.gradle.launcher.daemon.bootstrap.GradleDaemon 7.4
java_class_path (initial): C:\Users\useru\.gradle\wrapper\dists\gradle-7.4-bin\c0gwcg53nkjbqw7r0h0umtfvt\gradle-7.4\lib\gradle-launcher-7.4.jar
Launcher Type: SUN_STANDARD

[Global flags]
     intx CICompilerCount                          = 4                                         {product} {ergonomic}
   size_t CompressedClassSpaceSize                 = 218103808                                 {product} {ergonomic}
     uint ConcGCThreads                            = 3                                         {product} {ergonomic}
     uint G1ConcRefinementThreads                  = 10                                        {product} {ergonomic}
   size_t G1HeapRegionSize                         = 1048576                                   {product} {ergonomic}
    uintx GCDrainStackTargetSize                   = 64                                        {product} {ergonomic}
     bool HeapDumpOnOutOfMemoryError               = true                                   {manageable} {command line}
   size_t InitialHeapSize                          = 268435456                                 {product} {command line}
   size_t MarkStackSize                            = 4194304                                   {product} {ergonomic}
   size_t MaxHeapSize                              = 536870912                                 {product} {command line}
   size_t MaxMetaspaceSize                         = 268435456                                 {product} {command line}
   size_t MaxNewSize                               = 321912832                                 {product} {ergonomic}
   size_t MinHeapDeltaBytes                        = 1048576                                   {product} {ergonomic}
   size_t MinHeapSize                              = 268435456                                 {product} {command line}
    uintx NonNMethodCodeHeapSize                   = 5839372                                {pd product} {ergonomic}
    uintx NonProfiledCodeHeapSize                  = 122909434                              {pd product} {ergonomic}
    uintx ProfiledCodeHeapSize                     = 122909434                              {pd product} {ergonomic}
    uintx ReservedCodeCacheSize                    = 251658240                              {pd product} {ergonomic}
     bool SegmentedCodeCache                       = true                                      {product} {ergonomic}
   size_t SoftMaxHeapSize                          = 536870912                              {manageable} {ergonomic}
     bool UseCompressedClassPointers               = true                           {product lp64_product} {ergonomic}
     bool UseCompressedOops                        = true                           {product lp64_product} {ergonomic}
     bool UseG1GC                                  = true                                      {product} {ergonomic}
     bool UseLargePagesIndividualAllocation        = false                                  {pd product} {ergonomic}

Logging:
Log output configuration:
 #0: stdout all=warning uptime,level,tags
 #1: stderr all=off uptime,level,tags

Environment Variables:
PATH=D:\WINDOWS.X64_193000_db_home\bin;C:\Program Files\Eclipse Adoptium\jdk-21.0.6.7-hotspot\bin;C:\WINDOWS\system32;C:\WINDOWS;C:\Users\useru\.jdks\openjdk-23\bin;C:\WINDOWS\System32\Wbem;C:\WINDOWS\System32\WindowsPowerShell\v1.0\;C:\WINDOWS\System32\OpenSSH\;C:\Program Files\PuTTY\;C:\Program Files\dotnet\;C:\Program Files (x86)\Windows Kits\10\Windows Performance Toolkit\;C:\Program Files\CMake\bin;C:\Program Files\Docker\Docker\resources\bin;C:\Users\useru\AppData\Roaming\local\bin;C:\Users\useru\AppData\Local\Microsoft\WindowsApps;;C:\Users\useru\AppData\Local\Programs\Microsoft VS Code\bin
USERNAME=useru
OS=Windows_NT
PROCESSOR_IDENTIFIER=Intel64 Family 6 Model 154 Stepping 4, GenuineIntel
TMP=C:\Users\useru\AppData\Local\Temp
TEMP=C:\Users\useru\AppData\Local\Temp



Periodic native trim disabled


---------------  S Y S T E M  ---------------

OS:
 Windows 11 , 64 bit Build 26100 (10.0.26100.7309)
OS uptime: 0 days 4:05 hours
Hyper-V role detected

CPU: total 12 (initial active 12) (6 cores per cpu, 2 threads per core) family 6 model 154 stepping 4 microcode 0x41f, cx8, cmov, fxsr, ht, mmx, 3dnowpref, sse, sse2, sse3, ssse3, sse4.1, sse4.2, popcnt, lzcnt, tsc, tscinvbit, avx, avx2, aes, erms, clmul, bmi1, bmi2, adx, sha, fma, vzeroupper, clflush, clflushopt, clwb, hv
Processor Information for processor 0
  Max Mhz: 1300, Current Mhz: 1300, Mhz Limit: 1300
Processor Information for processor 1
  Max Mhz: 1300, Current Mhz: 1300, Mhz Limit: 1300
Processor Information for processor 2
  Max Mhz: 1300, Current Mhz: 1300, Mhz Limit: 1300
Processor Information for processor 3
  Max Mhz: 1300, Current Mhz: 1300, Mhz Limit: 1300
Processor Information for processor 4
  Max Mhz: 900, Current Mhz: 900, Mhz Limit: 900
Processor Information for processor 5
  Max Mhz: 900, Current Mhz: 900, Mhz Limit: 900
Processor Information for processor 6
  Max Mhz: 900, Current Mhz: 900, Mhz Limit: 900
Processor Information for processor 7
  Max Mhz: 900, Current Mhz: 900, Mhz Limit: 900
Processor Information for processor 8
  Max Mhz: 900, Current Mhz: 900, Mhz Limit: 900
Processor Information for processor 9
  Max Mhz: 900, Current Mhz: 900, Mhz Limit: 900
Processor Information for processor 10
  Max Mhz: 900, Current Mhz: 900, Mhz Limit: 900
Processor Information for processor 11
  Max Mhz: 900, Current Mhz: 900, Mhz Limit: 900

Memory: 4k page, system-wide physical 7916M (532M free)
TotalPageFile size 18464M (AvailPageFile size 8M)
current process WorkingSet (physical memory assigned to process): 302M, peak: 307M
current process commit charge ("private bytes"): 468M, peak: 474M

vm_info: OpenJDK 64-Bit Server VM (17.0.13+11-LTS) for windows-amd64 JRE (17.0.13+11-LTS), built on Oct 10 2024 19:51:30 by "Administrator" with MS VC++ 16.10 / 16.11 (VS2019)

END.
