#
# There is insufficient memory for the Java Runtime Environment to continue.
# Native memory allocation (malloc) failed to allocate 2025936 bytes. Error detail: Chunk::new
# Possible reasons:
#   The system is out of physical RAM or swap space
#   This process is running with CompressedOops enabled, and the Java Heap may be blocking the growth of the native heap
# Possible solutions:
#   Reduce memory load on the system
#   Increase physical memory or swap space
#   Check if swap backing store is full
#   Decrease Java heap size (-Xmx/-Xms)
#   Decrease number of Java threads
#   Decrease Java thread stack sizes (-Xss)
#   Set larger code cache with -XX:ReservedCodeCacheSize=
#   JVM is running with Unscaled Compressed Oops mode in which the Java heap is
#     placed in the first 4GB address space. The Java Heap base address is the
#     maximum limit for the native heap growth. Please use -XX:HeapBaseMinAddress
#     to set the Java Heap base and to place the Java Heap above 4GB virtual address.
# This output file may be truncated or incomplete.
#
#  Out of Memory Error (arena.cpp:191), pid=7664, tid=18088
#
# JRE version: OpenJDK Runtime Environment Corretto-17.0.13.11.1 (17.0.13+11) (build 17.0.13+11-LTS)
# Java VM: OpenJDK 64-Bit Server VM Corretto-17.0.13.11.1 (17.0.13+11-LTS, mixed mode, sharing, tiered, compressed oops, compressed class ptrs, g1 gc, windows-amd64)
# No core dump will be written. Minidumps are not enabled by default on client versions of Windows
#

---------------  S U M M A R Y ------------

Command Line: --add-opens=java.base/java.util=ALL-UNNAMED --add-opens=java.base/java.lang=ALL-UNNAMED --add-opens=java.base/java.lang.invoke=ALL-UNNAMED --add-opens=java.base/java.util=ALL-UNNAMED --add-opens=java.prefs/java.util.prefs=ALL-UNNAMED --add-opens=java.prefs/java.util.prefs=ALL-UNNAMED --add-opens=java.base/java.nio.charset=ALL-UNNAMED --add-opens=java.base/java.net=ALL-UNNAMED --add-opens=java.base/java.util.concurrent.atomic=ALL-UNNAMED -XX:MaxMetaspaceSize=256m -XX:+HeapDumpOnOutOfMemoryError -Xms256m -Xmx512m -Dfile.encoding=UTF-8 -Duser.country=US -Duser.language=en -Duser.variant org.gradle.launcher.daemon.bootstrap.GradleDaemon 7.4

Host: 12th Gen Intel(R) Core(TM) i5-1235U, 12 cores, 7G,  Windows 11 , 64 bit Build 26100 (10.0.26100.7309)
Time: Sat Feb 28 22:08:06 2026 W. Europe Standard Time elapsed time: 11.652517 seconds (0d 0h 0m 11s)

---------------  T H R E A D  ---------------

Current thread (0x000001ff328109a0):  JavaThread "C2 CompilerThread1" daemon [_thread_in_native, id=18088, stack(0x00000008e9300000,0x00000008e9400000)]


Current CompileTask:
C2:  11652 3055       4       jdk.internal.loader.URLClassPath::getResource (74 bytes)

Stack: [0x00000008e9300000,0x00000008e9400000]
Native frames: (J=compiled Java code, j=interpreted, Vv=VM code, C=native code)
V  [jvm.dll+0x680c19]
V  [jvm.dll+0x83888a]
V  [jvm.dll+0x83a34e]
V  [jvm.dll+0x83a9b3]
V  [jvm.dll+0x2481af]
V  [jvm.dll+0xac9f4]
V  [jvm.dll+0xad03c]
V  [jvm.dll+0x367762]
V  [jvm.dll+0x331b9a]
V  [jvm.dll+0x33103a]
V  [jvm.dll+0x21a701]
V  [jvm.dll+0x219b41]
V  [jvm.dll+0x1a58ed]
V  [jvm.dll+0x22988d]
V  [jvm.dll+0x227a1c]
V  [jvm.dll+0x7ed737]
V  [jvm.dll+0x7e7b2c]
V  [jvm.dll+0x67fae7]
C  [ucrtbase.dll+0x37b0]
C  [KERNEL32.DLL+0x2e8d7]
C  [ntdll.dll+0x8c53c]


---------------  P R O C E S S  ---------------

Threads class SMR info:
_java_thread_list=0x000001ff326e8e80, length=36, elements={
0x000001ff04f66f00, 0x000001ff1ff45820, 0x000001ff1ff462f0, 0x000001ff1ff541f0,
0x000001ff1ff54ac0, 0x000001ff1ff55390, 0x000001ff1ff59420, 0x000001ff1ff5a0d0,
0x000001ff1ff60480, 0x000001ff1ff64a30, 0x000001ff3222ca10, 0x000001ff32235b40,
0x000001ff33f82d60, 0x000001ff33f82340, 0x000001ff33f85af0, 0x000001ff33f82850,
0x000001ff33f850d0, 0x000001ff33f83270, 0x000001ff33f855e0, 0x000001ff33f83780,
0x000001ff33f83c90, 0x000001ff33f841a0, 0x000001ff33f84bc0, 0x000001ff325ce810,
0x000001ff325cb060, 0x000001ff325ced20, 0x000001ff325cb570, 0x000001ff325cbf90,
0x000001ff325cf230, 0x000001ff325cd3d0, 0x000001ff325cddf0, 0x000001ff325ce300,
0x000001ff325cc9b0, 0x000001ff325cc4a0, 0x000001ff325cba80, 0x000001ff328109a0
}

Java Threads: ( => current thread )
  0x000001ff04f66f00 JavaThread "main" [_thread_blocked, id=18760, stack(0x00000008e5e00000,0x00000008e5f00000)]
  0x000001ff1ff45820 JavaThread "Reference Handler" daemon [_thread_blocked, id=15624, stack(0x00000008e6500000,0x00000008e6600000)]
  0x000001ff1ff462f0 JavaThread "Finalizer" daemon [_thread_blocked, id=11460, stack(0x00000008e6600000,0x00000008e6700000)]
  0x000001ff1ff541f0 JavaThread "Signal Dispatcher" daemon [_thread_blocked, id=14356, stack(0x00000008e6700000,0x00000008e6800000)]
  0x000001ff1ff54ac0 JavaThread "Attach Listener" daemon [_thread_blocked, id=6392, stack(0x00000008e6800000,0x00000008e6900000)]
  0x000001ff1ff55390 JavaThread "Service Thread" daemon [_thread_blocked, id=20164, stack(0x00000008e6900000,0x00000008e6a00000)]
  0x000001ff1ff59420 JavaThread "Monitor Deflation Thread" daemon [_thread_blocked, id=3988, stack(0x00000008e6a00000,0x00000008e6b00000)]
  0x000001ff1ff5a0d0 JavaThread "C2 CompilerThread0" daemon [_thread_in_native, id=16904, stack(0x00000008e6b00000,0x00000008e6c00000)]
  0x000001ff1ff60480 JavaThread "C1 CompilerThread0" daemon [_thread_blocked, id=20548, stack(0x00000008e6c00000,0x00000008e6d00000)]
  0x000001ff1ff64a30 JavaThread "Sweeper thread" daemon [_thread_blocked, id=14724, stack(0x00000008e6d00000,0x00000008e6e00000)]
  0x000001ff3222ca10 JavaThread "Common-Cleaner" daemon [_thread_blocked, id=19076, stack(0x00000008e6e00000,0x00000008e6f00000)]
  0x000001ff32235b40 JavaThread "Notification Thread" daemon [_thread_blocked, id=20600, stack(0x00000008e6f00000,0x00000008e7000000)]
  0x000001ff33f82d60 JavaThread "Daemon health stats" [_thread_blocked, id=3000, stack(0x00000008e7600000,0x00000008e7700000)]
  0x000001ff33f82340 JavaThread "Incoming local TCP Connector on port 56764" [_thread_in_native, id=21072, stack(0x00000008e7700000,0x00000008e7800000)]
  0x000001ff33f85af0 JavaThread "Daemon periodic checks" [_thread_blocked, id=2556, stack(0x00000008e7800000,0x00000008e7900000)]
  0x000001ff33f82850 JavaThread "Daemon" [_thread_blocked, id=22024, stack(0x00000008e7900000,0x00000008e7a00000)]
  0x000001ff33f850d0 JavaThread "Handler for socket connection from /127.0.0.1:56764 to /127.0.0.1:56782" [_thread_in_native, id=10920, stack(0x00000008e7a00000,0x00000008e7b00000)]
  0x000001ff33f83270 JavaThread "Cancel handler" [_thread_blocked, id=15340, stack(0x00000008e7b00000,0x00000008e7c00000)]
  0x000001ff33f855e0 JavaThread "Daemon worker" [_thread_in_vm, id=10448, stack(0x00000008e7c00000,0x00000008e7d00000)]
  0x000001ff33f83780 JavaThread "Asynchronous log dispatcher for DefaultDaemonConnection: socket connection from /127.0.0.1:56764 to /127.0.0.1:56782" [_thread_blocked, id=13612, stack(0x00000008e7d00000,0x00000008e7e00000)]
  0x000001ff33f83c90 JavaThread "Stdin handler" [_thread_blocked, id=6744, stack(0x00000008e7e00000,0x00000008e7f00000)]
  0x000001ff33f841a0 JavaThread "Daemon client event forwarder" [_thread_blocked, id=6284, stack(0x00000008e7f00000,0x00000008e8000000)]
  0x000001ff33f84bc0 JavaThread "Cache worker for journal cache (C:\Users\useru\.gradle\caches\journal-1)" [_thread_blocked, id=16184, stack(0x00000008e8000000,0x00000008e8100000)]
  0x000001ff325ce810 JavaThread "File lock request listener" [_thread_in_native, id=8368, stack(0x00000008e8100000,0x00000008e8200000)]
  0x000001ff325cb060 JavaThread "Cache worker for file hash cache (C:\Users\useru\.gradle\caches\7.4\fileHashes)" [_thread_blocked, id=19464, stack(0x00000008e8200000,0x00000008e8300000)]
  0x000001ff325ced20 JavaThread "File lock release action executor" [_thread_blocked, id=11276, stack(0x00000008e8300000,0x00000008e8400000)]
  0x000001ff325cb570 JavaThread "File watcher server" daemon [_thread_in_native, id=15552, stack(0x00000008e8500000,0x00000008e8600000)]
  0x000001ff325cbf90 JavaThread "File watcher consumer" daemon [_thread_blocked, id=13364, stack(0x00000008e8600000,0x00000008e8700000)]
  0x000001ff325cf230 JavaThread "Cache worker for checksums cache (C:\Users\useru\Desktop\Anul_2\Programare orientata pe obiecte\Tema1_POO\tema-1-biancaperian\.gradle\7.4\checksums)" [_thread_blocked, id=16264, stack(0x00000008e8700000,0x00000008e8800000)]
  0x000001ff325cd3d0 JavaThread "Cache worker for cache directory md-rule (C:\Users\useru\.gradle\caches\7.4\md-rule)" [_thread_blocked, id=22344, stack(0x00000008e8800000,0x00000008e8900000)]
  0x000001ff325cddf0 JavaThread "Cache worker for file hash cache (C:\Users\useru\Desktop\Anul_2\Programare orientata pe obiecte\Tema1_POO\tema-1-biancaperian\.gradle\7.4\fileHashes)" [_thread_blocked, id=19932, stack(0x00000008e8900000,0x00000008e8a00000)]
  0x000001ff325ce300 JavaThread "Cache worker for cache directory md-supplier (C:\Users\useru\.gradle\caches\7.4\md-supplier)" [_thread_blocked, id=19336, stack(0x00000008e8a00000,0x00000008e8b00000)]
  0x000001ff325cc9b0 JavaThread "Cache worker for execution history cache (C:\Users\useru\.gradle\caches\7.4\executionHistory)" [_thread_blocked, id=21796, stack(0x00000008e9100000,0x00000008e9200000)]
  0x000001ff325cc4a0 JavaThread "jar transforms" [_thread_blocked, id=19972, stack(0x00000008e8400000,0x00000008e8500000)]
  0x000001ff325cba80 JavaThread "jar transforms Thread 2" [_thread_blocked, id=4424, stack(0x00000008e9200000,0x00000008e9300000)]
=>0x000001ff328109a0 JavaThread "C2 CompilerThread1" daemon [_thread_in_native, id=18088, stack(0x00000008e9300000,0x00000008e9400000)]

Other Threads:
  0x000001ff1ff3f080 VMThread "VM Thread" [stack: 0x00000008e6400000,0x00000008e6500000] [id=4632]
  0x000001ff32240020 WatcherThread [stack: 0x00000008e7000000,0x00000008e7100000] [id=20796]
  0x000001ff04f95ce0 GCTaskThread "GC Thread#0" [stack: 0x00000008e5f00000,0x00000008e6000000] [id=22380]
  0x000001ff329668b0 GCTaskThread "GC Thread#1" [stack: 0x00000008e7100000,0x00000008e7200000] [id=22008]
  0x000001ff32966b70 GCTaskThread "GC Thread#2" [stack: 0x00000008e7200000,0x00000008e7300000] [id=18992]
  0x000001ff32966e30 GCTaskThread "GC Thread#3" [stack: 0x00000008e7300000,0x00000008e7400000] [id=2400]
  0x000001ff32eb2190 GCTaskThread "GC Thread#4" [stack: 0x00000008e7400000,0x00000008e7500000] [id=8840]
  0x000001ff32eb2c70 GCTaskThread "GC Thread#5" [stack: 0x00000008e7500000,0x00000008e7600000] [id=7356]
  0x000001ff3547dcf0 GCTaskThread "GC Thread#6" [stack: 0x00000008e8b00000,0x00000008e8c00000] [id=9764]
  0x000001ff3547f5b0 GCTaskThread "GC Thread#7" [stack: 0x00000008e8c00000,0x00000008e8d00000] [id=7316]
  0x000001ff3547f870 GCTaskThread "GC Thread#8" [stack: 0x00000008e8d00000,0x00000008e8e00000] [id=14800]
  0x000001ff3547f2f0 GCTaskThread "GC Thread#9" [stack: 0x00000008e8e00000,0x00000008e8f00000] [id=21184]
  0x000001ff04f9ab40 ConcurrentGCThread "G1 Main Marker" [stack: 0x00000008e6000000,0x00000008e6100000] [id=9300]
  0x000001ff04f9c140 ConcurrentGCThread "G1 Conc#0" [stack: 0x00000008e6100000,0x00000008e6200000] [id=18380]
  0x000001ff3547e7f0 ConcurrentGCThread "G1 Conc#1" [stack: 0x00000008e8f00000,0x00000008e9000000] [id=19608]
  0x000001ff3547dfb0 ConcurrentGCThread "G1 Conc#2" [stack: 0x00000008e9000000,0x00000008e9100000] [id=20300]
  0x000001ff0501e5a0 ConcurrentGCThread "G1 Refine#0" [stack: 0x00000008e6200000,0x00000008e6300000] [id=21876]
  0x000001ff1fdf9530 ConcurrentGCThread "G1 Service" [stack: 0x00000008e6300000,0x00000008e6400000] [id=9036]

Threads with active compile tasks:
C2 CompilerThread0    11692 3218       4       java.util.Arrays::hashCode (44 bytes)
C1 CompilerThread0    11692 3224       3       jdk.nio.zipfs.ZipFileSystem$ParentLookup::equals (34 bytes)
C2 CompilerThread1    11692 3055       4       jdk.internal.loader.URLClassPath::getResource (74 bytes)

VM state: not at safepoint (normal execution)

VM Mutex/Monitor currently owned by a thread: None

Heap address: 0x00000000e0000000, size: 512 MB, Compressed Oops mode: 32-bit

CDS archive(s) mapped at: [0x000001ff20000000-0x000001ff20bb0000-0x000001ff20bb0000), size 12255232, SharedBaseAddress: 0x000001ff20000000, ArchiveRelocationMode: 1.
Compressed class space mapped at: 0x000001ff21000000-0x000001ff2e000000, reserved size: 218103808
Narrow klass base: 0x000001ff20000000, Narrow klass shift: 0, Narrow klass range: 0x100000000

GC Precious Log:
 CPUs: 12 total, 12 available
 Memory: 7916M
 Large Page Support: Disabled
 NUMA Support: Disabled
 Compressed Oops: Enabled (32-bit)
 Heap Region Size: 1M
 Heap Min Capacity: 256M
 Heap Initial Capacity: 256M
 Heap Max Capacity: 512M
 Pre-touch: Disabled
 Parallel Workers: 10
 Concurrent Workers: 3
 Concurrent Refinement Workers: 10
 Periodic GC: Disabled

Heap:
 garbage-first heap   total 262144K, used 52876K [0x00000000e0000000, 0x0000000100000000)
  region size 1024K, 45 young (46080K), 12 survivors (12288K)
 Metaspace       used 28962K, committed 29248K, reserved 278528K
  class space    used 4085K, committed 4224K, reserved 212992K

Heap Regions: E=young(eden), S=young(survivor), O=old, HS=humongous(starts), HC=humongous(continues), CS=collection set, F=free, OA=open archive, CA=closed archive, TAMS=top-at-mark-start (previous, next)
|   0|0x00000000e0000000, 0x00000000e0000000, 0x00000000e0100000|  0%| F|  |TAMS 0x00000000e0000000, 0x00000000e0000000| Untracked 
|   1|0x00000000e0100000, 0x00000000e0200000, 0x00000000e0200000|100%| O|  |TAMS 0x00000000e0200000, 0x00000000e0100000| Untracked 
|   2|0x00000000e0200000, 0x00000000e0300000, 0x00000000e0300000|100%| O|  |TAMS 0x00000000e0300000, 0x00000000e0200000| Untracked 
|   3|0x00000000e0300000, 0x00000000e0400000, 0x00000000e0400000|100%|HS|  |TAMS 0x00000000e0400000, 0x00000000e0300000| Complete 
|   4|0x00000000e0400000, 0x00000000e0500000, 0x00000000e0500000|100%|HC|  |TAMS 0x00000000e0500000, 0x00000000e0400000| Complete 
|   5|0x00000000e0500000, 0x00000000e0600000, 0x00000000e0600000|100%|HC|  |TAMS 0x00000000e0600000, 0x00000000e0500000| Complete 
|   6|0x00000000e0600000, 0x00000000e0700000, 0x00000000e0700000|100%| O|  |TAMS 0x00000000e0700000, 0x00000000e0600000| Untracked 
|   7|0x00000000e0700000, 0x00000000e0800000, 0x00000000e0800000|100%| O|  |TAMS 0x00000000e0800000, 0x00000000e0700000| Untracked 
|   8|0x00000000e0800000, 0x00000000e0900000, 0x00000000e0900000|100%| O|  |TAMS 0x00000000e0900000, 0x00000000e0800000| Untracked 
|   9|0x00000000e0900000, 0x00000000e0a00000, 0x00000000e0a00000|100%| O|  |TAMS 0x00000000e0a00000, 0x00000000e0900000| Complete 
|  10|0x00000000e0a00000, 0x00000000e0a0d400, 0x00000000e0b00000|  5%| O|  |TAMS 0x00000000e0a0d400, 0x00000000e0a00000| Untracked 
|  11|0x00000000e0b00000, 0x00000000e0b00000, 0x00000000e0c00000|  0%| F|  |TAMS 0x00000000e0b00000, 0x00000000e0b00000| Untracked 
|  12|0x00000000e0c00000, 0x00000000e0c00000, 0x00000000e0d00000|  0%| F|  |TAMS 0x00000000e0c00000, 0x00000000e0c00000| Untracked 
|  13|0x00000000e0d00000, 0x00000000e0d00000, 0x00000000e0e00000|  0%| F|  |TAMS 0x00000000e0d00000, 0x00000000e0d00000| Untracked 
|  14|0x00000000e0e00000, 0x00000000e0e00000, 0x00000000e0f00000|  0%| F|  |TAMS 0x00000000e0e00000, 0x00000000e0e00000| Untracked 
|  15|0x00000000e0f00000, 0x00000000e0f00000, 0x00000000e1000000|  0%| F|  |TAMS 0x00000000e0f00000, 0x00000000e0f00000| Untracked 
|  16|0x00000000e1000000, 0x00000000e1000000, 0x00000000e1100000|  0%| F|  |TAMS 0x00000000e1000000, 0x00000000e1000000| Untracked 
|  17|0x00000000e1100000, 0x00000000e1100000, 0x00000000e1200000|  0%| F|  |TAMS 0x00000000e1100000, 0x00000000e1100000| Untracked 
|  18|0x00000000e1200000, 0x00000000e1200000, 0x00000000e1300000|  0%| F|  |TAMS 0x00000000e1200000, 0x00000000e1200000| Untracked 
|  19|0x00000000e1300000, 0x00000000e1300000, 0x00000000e1400000|  0%| F|  |TAMS 0x00000000e1300000, 0x00000000e1300000| Untracked 
|  20|0x00000000e1400000, 0x00000000e1400000, 0x00000000e1500000|  0%| F|  |TAMS 0x00000000e1400000, 0x00000000e1400000| Untracked 
|  21|0x00000000e1500000, 0x00000000e1500000, 0x00000000e1600000|  0%| F|  |TAMS 0x00000000e1500000, 0x00000000e1500000| Untracked 
|  22|0x00000000e1600000, 0x00000000e1600000, 0x00000000e1700000|  0%| F|  |TAMS 0x00000000e1600000, 0x00000000e1600000| Untracked 
|  23|0x00000000e1700000, 0x00000000e1700000, 0x00000000e1800000|  0%| F|  |TAMS 0x00000000e1700000, 0x00000000e1700000| Untracked 
|  24|0x00000000e1800000, 0x00000000e1800000, 0x00000000e1900000|  0%| F|  |TAMS 0x00000000e1800000, 0x00000000e1800000| Untracked 
|  25|0x00000000e1900000, 0x00000000e1900000, 0x00000000e1a00000|  0%| F|  |TAMS 0x00000000e1900000, 0x00000000e1900000| Untracked 
|  26|0x00000000e1a00000, 0x00000000e1a00000, 0x00000000e1b00000|  0%| F|  |TAMS 0x00000000e1a00000, 0x00000000e1a00000| Untracked 
|  27|0x00000000e1b00000, 0x00000000e1b00000, 0x00000000e1c00000|  0%| F|  |TAMS 0x00000000e1b00000, 0x00000000e1b00000| Untracked 
|  28|0x00000000e1c00000, 0x00000000e1c00000, 0x00000000e1d00000|  0%| F|  |TAMS 0x00000000e1c00000, 0x00000000e1c00000| Untracked 
|  29|0x00000000e1d00000, 0x00000000e1d00000, 0x00000000e1e00000|  0%| F|  |TAMS 0x00000000e1d00000, 0x00000000e1d00000| Untracked 
|  30|0x00000000e1e00000, 0x00000000e1e00000, 0x00000000e1f00000|  0%| F|  |TAMS 0x00000000e1e00000, 0x00000000e1e00000| Untracked 
|  31|0x00000000e1f00000, 0x00000000e1f00000, 0x00000000e2000000|  0%| F|  |TAMS 0x00000000e1f00000, 0x00000000e1f00000| Untracked 
|  32|0x00000000e2000000, 0x00000000e2000000, 0x00000000e2100000|  0%| F|  |TAMS 0x00000000e2000000, 0x00000000e2000000| Untracked 
|  33|0x00000000e2100000, 0x00000000e2100000, 0x00000000e2200000|  0%| F|  |TAMS 0x00000000e2100000, 0x00000000e2100000| Untracked 
|  34|0x00000000e2200000, 0x00000000e2200000, 0x00000000e2300000|  0%| F|  |TAMS 0x00000000e2200000, 0x00000000e2200000| Untracked 
|  35|0x00000000e2300000, 0x00000000e2300000, 0x00000000e2400000|  0%| F|  |TAMS 0x00000000e2300000, 0x00000000e2300000| Untracked 
|  36|0x00000000e2400000, 0x00000000e2400000, 0x00000000e2500000|  0%| F|  |TAMS 0x00000000e2400000, 0x00000000e2400000| Untracked 
|  37|0x00000000e2500000, 0x00000000e2500000, 0x00000000e2600000|  0%| F|  |TAMS 0x00000000e2500000, 0x00000000e2500000| Untracked 
|  38|0x00000000e2600000, 0x00000000e2600000, 0x00000000e2700000|  0%| F|  |TAMS 0x00000000e2600000, 0x00000000e2600000| Untracked 
|  39|0x00000000e2700000, 0x00000000e2700000, 0x00000000e2800000|  0%| F|  |TAMS 0x00000000e2700000, 0x00000000e2700000| Untracked 
|  40|0x00000000e2800000, 0x00000000e2800000, 0x00000000e2900000|  0%| F|  |TAMS 0x00000000e2800000, 0x00000000e2800000| Untracked 
|  41|0x00000000e2900000, 0x00000000e2900000, 0x00000000e2a00000|  0%| F|  |TAMS 0x00000000e2900000, 0x00000000e2900000| Untracked 
|  42|0x00000000e2a00000, 0x00000000e2a00000, 0x00000000e2b00000|  0%| F|  |TAMS 0x00000000e2a00000, 0x00000000e2a00000| Untracked 
|  43|0x00000000e2b00000, 0x00000000e2b00000, 0x00000000e2c00000|  0%| F|  |TAMS 0x00000000e2b00000, 0x00000000e2b00000| Untracked 
|  44|0x00000000e2c00000, 0x00000000e2c00000, 0x00000000e2d00000|  0%| F|  |TAMS 0x00000000e2c00000, 0x00000000e2c00000| Untracked 
|  45|0x00000000e2d00000, 0x00000000e2d00000, 0x00000000e2e00000|  0%| F|  |TAMS 0x00000000e2d00000, 0x00000000e2d00000| Untracked 
|  46|0x00000000e2e00000, 0x00000000e2e00000, 0x00000000e2f00000|  0%| F|  |TAMS 0x00000000e2e00000, 0x00000000e2e00000| Untracked 
|  47|0x00000000e2f00000, 0x00000000e2f00000, 0x00000000e3000000|  0%| F|  |TAMS 0x00000000e2f00000, 0x00000000e2f00000| Untracked 
|  48|0x00000000e3000000, 0x00000000e3000000, 0x00000000e3100000|  0%| F|  |TAMS 0x00000000e3000000, 0x00000000e3000000| Untracked 
|  49|0x00000000e3100000, 0x00000000e3100000, 0x00000000e3200000|  0%| F|  |TAMS 0x00000000e3100000, 0x00000000e3100000| Untracked 
|  50|0x00000000e3200000, 0x00000000e3200000, 0x00000000e3300000|  0%| F|  |TAMS 0x00000000e3200000, 0x00000000e3200000| Untracked 
|  51|0x00000000e3300000, 0x00000000e3300000, 0x00000000e3400000|  0%| F|  |TAMS 0x00000000e3300000, 0x00000000e3300000| Untracked 
|  52|0x00000000e3400000, 0x00000000e3400000, 0x00000000e3500000|  0%| F|  |TAMS 0x00000000e3400000, 0x00000000e3400000| Untracked 
|  53|0x00000000e3500000, 0x00000000e3500000, 0x00000000e3600000|  0%| F|  |TAMS 0x00000000e3500000, 0x00000000e3500000| Untracked 
|  54|0x00000000e3600000, 0x00000000e3600000, 0x00000000e3700000|  0%| F|  |TAMS 0x00000000e3600000, 0x00000000e3600000| Untracked 
|  55|0x00000000e3700000, 0x00000000e3700000, 0x00000000e3800000|  0%| F|  |TAMS 0x00000000e3700000, 0x00000000e3700000| Untracked 
|  56|0x00000000e3800000, 0x00000000e3800000, 0x00000000e3900000|  0%| F|  |TAMS 0x00000000e3800000, 0x00000000e3800000| Untracked 
|  57|0x00000000e3900000, 0x00000000e3900000, 0x00000000e3a00000|  0%| F|  |TAMS 0x00000000e3900000, 0x00000000e3900000| Untracked 
|  58|0x00000000e3a00000, 0x00000000e3a00000, 0x00000000e3b00000|  0%| F|  |TAMS 0x00000000e3a00000, 0x00000000e3a00000| Untracked 
|  59|0x00000000e3b00000, 0x00000000e3b00000, 0x00000000e3c00000|  0%| F|  |TAMS 0x00000000e3b00000, 0x00000000e3b00000| Untracked 
|  60|0x00000000e3c00000, 0x00000000e3c00000, 0x00000000e3d00000|  0%| F|  |TAMS 0x00000000e3c00000, 0x00000000e3c00000| Untracked 
|  61|0x00000000e3d00000, 0x00000000e3d00000, 0x00000000e3e00000|  0%| F|  |TAMS 0x00000000e3d00000, 0x00000000e3d00000| Untracked 
|  62|0x00000000e3e00000, 0x00000000e3e00000, 0x00000000e3f00000|  0%| F|  |TAMS 0x00000000e3e00000, 0x00000000e3e00000| Untracked 
|  63|0x00000000e3f00000, 0x00000000e3f00000, 0x00000000e4000000|  0%| F|  |TAMS 0x00000000e3f00000, 0x00000000e3f00000| Untracked 
|  64|0x00000000e4000000, 0x00000000e4000000, 0x00000000e4100000|  0%| F|  |TAMS 0x00000000e4000000, 0x00000000e4000000| Untracked 
|  65|0x00000000e4100000, 0x00000000e4100000, 0x00000000e4200000|  0%| F|  |TAMS 0x00000000e4100000, 0x00000000e4100000| Untracked 
|  66|0x00000000e4200000, 0x00000000e4200000, 0x00000000e4300000|  0%| F|  |TAMS 0x00000000e4200000, 0x00000000e4200000| Untracked 
|  67|0x00000000e4300000, 0x00000000e4300000, 0x00000000e4400000|  0%| F|  |TAMS 0x00000000e4300000, 0x00000000e4300000| Untracked 
|  68|0x00000000e4400000, 0x00000000e4400000, 0x00000000e4500000|  0%| F|  |TAMS 0x00000000e4400000, 0x00000000e4400000| Untracked 
|  69|0x00000000e4500000, 0x00000000e4500000, 0x00000000e4600000|  0%| F|  |TAMS 0x00000000e4500000, 0x00000000e4500000| Untracked 
|  70|0x00000000e4600000, 0x00000000e4600000, 0x00000000e4700000|  0%| F|  |TAMS 0x00000000e4600000, 0x00000000e4600000| Untracked 
|  71|0x00000000e4700000, 0x00000000e4700000, 0x00000000e4800000|  0%| F|  |TAMS 0x00000000e4700000, 0x00000000e4700000| Untracked 
|  72|0x00000000e4800000, 0x00000000e4800000, 0x00000000e4900000|  0%| F|  |TAMS 0x00000000e4800000, 0x00000000e4800000| Untracked 
|  73|0x00000000e4900000, 0x00000000e4900000, 0x00000000e4a00000|  0%| F|  |TAMS 0x00000000e4900000, 0x00000000e4900000| Untracked 
|  74|0x00000000e4a00000, 0x00000000e4a00000, 0x00000000e4b00000|  0%| F|  |TAMS 0x00000000e4a00000, 0x00000000e4a00000| Untracked 
|  75|0x00000000e4b00000, 0x00000000e4b00000, 0x00000000e4c00000|  0%| F|  |TAMS 0x00000000e4b00000, 0x00000000e4b00000| Untracked 
|  76|0x00000000e4c00000, 0x00000000e4c00000, 0x00000000e4d00000|  0%| F|  |TAMS 0x00000000e4c00000, 0x00000000e4c00000| Untracked 
|  77|0x00000000e4d00000, 0x00000000e4d00000, 0x00000000e4e00000|  0%| F|  |TAMS 0x00000000e4d00000, 0x00000000e4d00000| Untracked 
|  78|0x00000000e4e00000, 0x00000000e4e00000, 0x00000000e4f00000|  0%| F|  |TAMS 0x00000000e4e00000, 0x00000000e4e00000| Untracked 
|  79|0x00000000e4f00000, 0x00000000e4f00000, 0x00000000e5000000|  0%| F|  |TAMS 0x00000000e4f00000, 0x00000000e4f00000| Untracked 
|  80|0x00000000e5000000, 0x00000000e5000000, 0x00000000e5100000|  0%| F|  |TAMS 0x00000000e5000000, 0x00000000e5000000| Untracked 
|  81|0x00000000e5100000, 0x00000000e5100000, 0x00000000e5200000|  0%| F|  |TAMS 0x00000000e5100000, 0x00000000e5100000| Untracked 
|  82|0x00000000e5200000, 0x00000000e5200000, 0x00000000e5300000|  0%| F|  |TAMS 0x00000000e5200000, 0x00000000e5200000| Untracked 
|  83|0x00000000e5300000, 0x00000000e5300000, 0x00000000e5400000|  0%| F|  |TAMS 0x00000000e5300000, 0x00000000e5300000| Untracked 
|  84|0x00000000e5400000, 0x00000000e5400000, 0x00000000e5500000|  0%| F|  |TAMS 0x00000000e5400000, 0x00000000e5400000| Untracked 
|  85|0x00000000e5500000, 0x00000000e5500000, 0x00000000e5600000|  0%| F|  |TAMS 0x00000000e5500000, 0x00000000e5500000| Untracked 
|  86|0x00000000e5600000, 0x00000000e5600000, 0x00000000e5700000|  0%| F|  |TAMS 0x00000000e5600000, 0x00000000e5600000| Untracked 
|  87|0x00000000e5700000, 0x00000000e5700000, 0x00000000e5800000|  0%| F|  |TAMS 0x00000000e5700000, 0x00000000e5700000| Untracked 
|  88|0x00000000e5800000, 0x00000000e5800000, 0x00000000e5900000|  0%| F|  |TAMS 0x00000000e5800000, 0x00000000e5800000| Untracked 
|  89|0x00000000e5900000, 0x00000000e5900000, 0x00000000e5a00000|  0%| F|  |TAMS 0x00000000e5900000, 0x00000000e5900000| Untracked 
|  90|0x00000000e5a00000, 0x00000000e5a00000, 0x00000000e5b00000|  0%| F|  |TAMS 0x00000000e5a00000, 0x00000000e5a00000| Untracked 
|  91|0x00000000e5b00000, 0x00000000e5b00000, 0x00000000e5c00000|  0%| F|  |TAMS 0x00000000e5b00000, 0x00000000e5b00000| Untracked 
|  92|0x00000000e5c00000, 0x00000000e5c00000, 0x00000000e5d00000|  0%| F|  |TAMS 0x00000000e5c00000, 0x00000000e5c00000| Untracked 
|  93|0x00000000e5d00000, 0x00000000e5d00000, 0x00000000e5e00000|  0%| F|  |TAMS 0x00000000e5d00000, 0x00000000e5d00000| Untracked 
|  94|0x00000000e5e00000, 0x00000000e5e00000, 0x00000000e5f00000|  0%| F|  |TAMS 0x00000000e5e00000, 0x00000000e5e00000| Untracked 
|  95|0x00000000e5f00000, 0x00000000e5f00000, 0x00000000e6000000|  0%| F|  |TAMS 0x00000000e5f00000, 0x00000000e5f00000| Untracked 
|  96|0x00000000e6000000, 0x00000000e6000000, 0x00000000e6100000|  0%| F|  |TAMS 0x00000000e6000000, 0x00000000e6000000| Untracked 
|  97|0x00000000e6100000, 0x00000000e6100000, 0x00000000e6200000|  0%| F|  |TAMS 0x00000000e6100000, 0x00000000e6100000| Untracked 
|  98|0x00000000e6200000, 0x00000000e6200000, 0x00000000e6300000|  0%| F|  |TAMS 0x00000000e6200000, 0x00000000e6200000| Untracked 
|  99|0x00000000e6300000, 0x00000000e6300000, 0x00000000e6400000|  0%| F|  |TAMS 0x00000000e6300000, 0x00000000e6300000| Untracked 
| 100|0x00000000e6400000, 0x00000000e6400000, 0x00000000e6500000|  0%| F|  |TAMS 0x00000000e6400000, 0x00000000e6400000| Untracked 
| 101|0x00000000e6500000, 0x00000000e6500000, 0x00000000e6600000|  0%| F|  |TAMS 0x00000000e6500000, 0x00000000e6500000| Untracked 
| 102|0x00000000e6600000, 0x00000000e6600000, 0x00000000e6700000|  0%| F|  |TAMS 0x00000000e6600000, 0x00000000e6600000| Untracked 
| 103|0x00000000e6700000, 0x00000000e6700000, 0x00000000e6800000|  0%| F|  |TAMS 0x00000000e6700000, 0x00000000e6700000| Untracked 
| 104|0x00000000e6800000, 0x00000000e6800000, 0x00000000e6900000|  0%| F|  |TAMS 0x00000000e6800000, 0x00000000e6800000| Untracked 
| 105|0x00000000e6900000, 0x00000000e6900000, 0x00000000e6a00000|  0%| F|  |TAMS 0x00000000e6900000, 0x00000000e6900000| Untracked 
| 106|0x00000000e6a00000, 0x00000000e6a00000, 0x00000000e6b00000|  0%| F|  |TAMS 0x00000000e6a00000, 0x00000000e6a00000| Untracked 
| 107|0x00000000e6b00000, 0x00000000e6b00000, 0x00000000e6c00000|  0%| F|  |TAMS 0x00000000e6b00000, 0x00000000e6b00000| Untracked 
| 108|0x00000000e6c00000, 0x00000000e6c00000, 0x00000000e6d00000|  0%| F|  |TAMS 0x00000000e6c00000, 0x00000000e6c00000| Untracked 
| 109|0x00000000e6d00000, 0x00000000e6d00000, 0x00000000e6e00000|  0%| F|  |TAMS 0x00000000e6d00000, 0x00000000e6d00000| Untracked 
| 110|0x00000000e6e00000, 0x00000000e6e00000, 0x00000000e6f00000|  0%| F|  |TAMS 0x00000000e6e00000, 0x00000000e6e00000| Untracked 
| 111|0x00000000e6f00000, 0x00000000e6f00000, 0x00000000e7000000|  0%| F|  |TAMS 0x00000000e6f00000, 0x00000000e6f00000| Untracked 
| 112|0x00000000e7000000, 0x00000000e7000000, 0x00000000e7100000|  0%| F|  |TAMS 0x00000000e7000000, 0x00000000e7000000| Untracked 
| 113|0x00000000e7100000, 0x00000000e7100000, 0x00000000e7200000|  0%| F|  |TAMS 0x00000000e7100000, 0x00000000e7100000| Untracked 
| 114|0x00000000e7200000, 0x00000000e7200000, 0x00000000e7300000|  0%| F|  |TAMS 0x00000000e7200000, 0x00000000e7200000| Untracked 
| 115|0x00000000e7300000, 0x00000000e7300000, 0x00000000e7400000|  0%| F|  |TAMS 0x00000000e7300000, 0x00000000e7300000| Untracked 
| 116|0x00000000e7400000, 0x00000000e7400000, 0x00000000e7500000|  0%| F|  |TAMS 0x00000000e7400000, 0x00000000e7400000| Untracked 
| 117|0x00000000e7500000, 0x00000000e7500000, 0x00000000e7600000|  0%| F|  |TAMS 0x00000000e7500000, 0x00000000e7500000| Untracked 
| 118|0x00000000e7600000, 0x00000000e7600000, 0x00000000e7700000|  0%| F|  |TAMS 0x00000000e7600000, 0x00000000e7600000| Untracked 
| 119|0x00000000e7700000, 0x00000000e7700000, 0x00000000e7800000|  0%| F|  |TAMS 0x00000000e7700000, 0x00000000e7700000| Untracked 
| 120|0x00000000e7800000, 0x00000000e7800000, 0x00000000e7900000|  0%| F|  |TAMS 0x00000000e7800000, 0x00000000e7800000| Untracked 
| 121|0x00000000e7900000, 0x00000000e7900000, 0x00000000e7a00000|  0%| F|  |TAMS 0x00000000e7900000, 0x00000000e7900000| Untracked 
| 122|0x00000000e7a00000, 0x00000000e7a00000, 0x00000000e7b00000|  0%| F|  |TAMS 0x00000000e7a00000, 0x00000000e7a00000| Untracked 
| 123|0x00000000e7b00000, 0x00000000e7b00000, 0x00000000e7c00000|  0%| F|  |TAMS 0x00000000e7b00000, 0x00000000e7b00000| Untracked 
| 124|0x00000000e7c00000, 0x00000000e7c00000, 0x00000000e7d00000|  0%| F|  |TAMS 0x00000000e7c00000, 0x00000000e7c00000| Untracked 
| 125|0x00000000e7d00000, 0x00000000e7d00000, 0x00000000e7e00000|  0%| F|  |TAMS 0x00000000e7d00000, 0x00000000e7d00000| Untracked 
| 126|0x00000000e7e00000, 0x00000000e7e00000, 0x00000000e7f00000|  0%| F|  |TAMS 0x00000000e7e00000, 0x00000000e7e00000| Untracked 
| 127|0x00000000e7f00000, 0x00000000e7f00000, 0x00000000e8000000|  0%| F|  |TAMS 0x00000000e7f00000, 0x00000000e7f00000| Untracked 
| 128|0x00000000e8000000, 0x00000000e8000000, 0x00000000e8100000|  0%| F|  |TAMS 0x00000000e8000000, 0x00000000e8000000| Untracked 
| 129|0x00000000e8100000, 0x00000000e8100000, 0x00000000e8200000|  0%| F|  |TAMS 0x00000000e8100000, 0x00000000e8100000| Untracked 
| 130|0x00000000e8200000, 0x00000000e8200000, 0x00000000e8300000|  0%| F|  |TAMS 0x00000000e8200000, 0x00000000e8200000| Untracked 
| 131|0x00000000e8300000, 0x00000000e8300000, 0x00000000e8400000|  0%| F|  |TAMS 0x00000000e8300000, 0x00000000e8300000| Untracked 
| 132|0x00000000e8400000, 0x00000000e8400000, 0x00000000e8500000|  0%| F|  |TAMS 0x00000000e8400000, 0x00000000e8400000| Untracked 
| 133|0x00000000e8500000, 0x00000000e8500000, 0x00000000e8600000|  0%| F|  |TAMS 0x00000000e8500000, 0x00000000e8500000| Untracked 
| 134|0x00000000e8600000, 0x00000000e8600000, 0x00000000e8700000|  0%| F|  |TAMS 0x00000000e8600000, 0x00000000e8600000| Untracked 
| 135|0x00000000e8700000, 0x00000000e8700000, 0x00000000e8800000|  0%| F|  |TAMS 0x00000000e8700000, 0x00000000e8700000| Untracked 
| 136|0x00000000e8800000, 0x00000000e8800000, 0x00000000e8900000|  0%| F|  |TAMS 0x00000000e8800000, 0x00000000e8800000| Untracked 
| 137|0x00000000e8900000, 0x00000000e8900000, 0x00000000e8a00000|  0%| F|  |TAMS 0x00000000e8900000, 0x00000000e8900000| Untracked 
| 138|0x00000000e8a00000, 0x00000000e8a00000, 0x00000000e8b00000|  0%| F|  |TAMS 0x00000000e8a00000, 0x00000000e8a00000| Untracked 
| 139|0x00000000e8b00000, 0x00000000e8b95f90, 0x00000000e8c00000| 58%| S|CS|TAMS 0x00000000e8b00000, 0x00000000e8b00000| Complete 
| 140|0x00000000e8c00000, 0x00000000e8d00000, 0x00000000e8d00000|100%| S|CS|TAMS 0x00000000e8c00000, 0x00000000e8c00000| Complete 
| 141|0x00000000e8d00000, 0x00000000e8e00000, 0x00000000e8e00000|100%| S|CS|TAMS 0x00000000e8d00000, 0x00000000e8d00000| Complete 
| 142|0x00000000e8e00000, 0x00000000e8f00000, 0x00000000e8f00000|100%| S|CS|TAMS 0x00000000e8e00000, 0x00000000e8e00000| Complete 
| 143|0x00000000e8f00000, 0x00000000e9000000, 0x00000000e9000000|100%| S|CS|TAMS 0x00000000e8f00000, 0x00000000e8f00000| Complete 
| 144|0x00000000e9000000, 0x00000000e9100000, 0x00000000e9100000|100%| S|CS|TAMS 0x00000000e9000000, 0x00000000e9000000| Complete 
| 145|0x00000000e9100000, 0x00000000e9200000, 0x00000000e9200000|100%| S|CS|TAMS 0x00000000e9100000, 0x00000000e9100000| Complete 
| 146|0x00000000e9200000, 0x00000000e9300000, 0x00000000e9300000|100%| S|CS|TAMS 0x00000000e9200000, 0x00000000e9200000| Complete 
| 147|0x00000000e9300000, 0x00000000e9400000, 0x00000000e9400000|100%| S|CS|TAMS 0x00000000e9300000, 0x00000000e9300000| Complete 
| 148|0x00000000e9400000, 0x00000000e9500000, 0x00000000e9500000|100%| S|CS|TAMS 0x00000000e9400000, 0x00000000e9400000| Complete 
| 149|0x00000000e9500000, 0x00000000e9600000, 0x00000000e9600000|100%| S|CS|TAMS 0x00000000e9500000, 0x00000000e9500000| Complete 
| 150|0x00000000e9600000, 0x00000000e9700000, 0x00000000e9700000|100%| S|CS|TAMS 0x00000000e9600000, 0x00000000e9600000| Complete 
| 151|0x00000000e9700000, 0x00000000e9700000, 0x00000000e9800000|  0%| F|  |TAMS 0x00000000e9700000, 0x00000000e9700000| Untracked 
| 152|0x00000000e9800000, 0x00000000e9800000, 0x00000000e9900000|  0%| F|  |TAMS 0x00000000e9800000, 0x00000000e9800000| Untracked 
| 153|0x00000000e9900000, 0x00000000e9900000, 0x00000000e9a00000|  0%| F|  |TAMS 0x00000000e9900000, 0x00000000e9900000| Untracked 
| 154|0x00000000e9a00000, 0x00000000e9a00000, 0x00000000e9b00000|  0%| F|  |TAMS 0x00000000e9a00000, 0x00000000e9a00000| Untracked 
| 155|0x00000000e9b00000, 0x00000000e9b00000, 0x00000000e9c00000|  0%| F|  |TAMS 0x00000000e9b00000, 0x00000000e9b00000| Untracked 
| 156|0x00000000e9c00000, 0x00000000e9c00000, 0x00000000e9d00000|  0%| F|  |TAMS 0x00000000e9c00000, 0x00000000e9c00000| Untracked 
| 157|0x00000000e9d00000, 0x00000000e9d00000, 0x00000000e9e00000|  0%| F|  |TAMS 0x00000000e9d00000, 0x00000000e9d00000| Untracked 
| 158|0x00000000e9e00000, 0x00000000e9e00000, 0x00000000e9f00000|  0%| F|  |TAMS 0x00000000e9e00000, 0x00000000e9e00000| Untracked 
| 159|0x00000000e9f00000, 0x00000000e9f00000, 0x00000000ea000000|  0%| F|  |TAMS 0x00000000e9f00000, 0x00000000e9f00000| Untracked 
| 160|0x00000000ea000000, 0x00000000ea000000, 0x00000000ea100000|  0%| F|  |TAMS 0x00000000ea000000, 0x00000000ea000000| Untracked 
| 161|0x00000000ea100000, 0x00000000ea100000, 0x00000000ea200000|  0%| F|  |TAMS 0x00000000ea100000, 0x00000000ea100000| Untracked 
| 162|0x00000000ea200000, 0x00000000ea200000, 0x00000000ea300000|  0%| F|  |TAMS 0x00000000ea200000, 0x00000000ea200000| Untracked 
| 163|0x00000000ea300000, 0x00000000ea300000, 0x00000000ea400000|  0%| F|  |TAMS 0x00000000ea300000, 0x00000000ea300000| Untracked 
| 164|0x00000000ea400000, 0x00000000ea400000, 0x00000000ea500000|  0%| F|  |TAMS 0x00000000ea400000, 0x00000000ea400000| Untracked 
| 165|0x00000000ea500000, 0x00000000ea500000, 0x00000000ea600000|  0%| F|  |TAMS 0x00000000ea500000, 0x00000000ea500000| Untracked 
| 166|0x00000000ea600000, 0x00000000ea600000, 0x00000000ea700000|  0%| F|  |TAMS 0x00000000ea600000, 0x00000000ea600000| Untracked 
| 167|0x00000000ea700000, 0x00000000ea700000, 0x00000000ea800000|  0%| F|  |TAMS 0x00000000ea700000, 0x00000000ea700000| Untracked 
| 168|0x00000000ea800000, 0x00000000ea800000, 0x00000000ea900000|  0%| F|  |TAMS 0x00000000ea800000, 0x00000000ea800000| Untracked 
| 169|0x00000000ea900000, 0x00000000ea900000, 0x00000000eaa00000|  0%| F|  |TAMS 0x00000000ea900000, 0x00000000ea900000| Untracked 
| 170|0x00000000eaa00000, 0x00000000eaa00000, 0x00000000eab00000|  0%| F|  |TAMS 0x00000000eaa00000, 0x00000000eaa00000| Untracked 
| 171|0x00000000eab00000, 0x00000000eab00000, 0x00000000eac00000|  0%| F|  |TAMS 0x00000000eab00000, 0x00000000eab00000| Untracked 
| 172|0x00000000eac00000, 0x00000000eac00000, 0x00000000ead00000|  0%| F|  |TAMS 0x00000000eac00000, 0x00000000eac00000| Untracked 
| 173|0x00000000ead00000, 0x00000000ead00000, 0x00000000eae00000|  0%| F|  |TAMS 0x00000000ead00000, 0x00000000ead00000| Untracked 
| 174|0x00000000eae00000, 0x00000000eae00000, 0x00000000eaf00000|  0%| F|  |TAMS 0x00000000eae00000, 0x00000000eae00000| Untracked 
| 175|0x00000000eaf00000, 0x00000000eaf00000, 0x00000000eb000000|  0%| F|  |TAMS 0x00000000eaf00000, 0x00000000eaf00000| Untracked 
| 176|0x00000000eb000000, 0x00000000eb000000, 0x00000000eb100000|  0%| F|  |TAMS 0x00000000eb000000, 0x00000000eb000000| Untracked 
| 177|0x00000000eb100000, 0x00000000eb100000, 0x00000000eb200000|  0%| F|  |TAMS 0x00000000eb100000, 0x00000000eb100000| Untracked 
| 178|0x00000000eb200000, 0x00000000eb200000, 0x00000000eb300000|  0%| F|  |TAMS 0x00000000eb200000, 0x00000000eb200000| Untracked 
| 179|0x00000000eb300000, 0x00000000eb300000, 0x00000000eb400000|  0%| F|  |TAMS 0x00000000eb300000, 0x00000000eb300000| Untracked 
| 180|0x00000000eb400000, 0x00000000eb400000, 0x00000000eb500000|  0%| F|  |TAMS 0x00000000eb400000, 0x00000000eb400000| Untracked 
| 181|0x00000000eb500000, 0x00000000eb500000, 0x00000000eb600000|  0%| F|  |TAMS 0x00000000eb500000, 0x00000000eb500000| Untracked 
| 182|0x00000000eb600000, 0x00000000eb600000, 0x00000000eb700000|  0%| F|  |TAMS 0x00000000eb600000, 0x00000000eb600000| Untracked 
| 183|0x00000000eb700000, 0x00000000eb700000, 0x00000000eb800000|  0%| F|  |TAMS 0x00000000eb700000, 0x00000000eb700000| Untracked 
| 184|0x00000000eb800000, 0x00000000eb800000, 0x00000000eb900000|  0%| F|  |TAMS 0x00000000eb800000, 0x00000000eb800000| Untracked 
| 185|0x00000000eb900000, 0x00000000eb900000, 0x00000000eba00000|  0%| F|  |TAMS 0x00000000eb900000, 0x00000000eb900000| Untracked 
| 186|0x00000000eba00000, 0x00000000eba00000, 0x00000000ebb00000|  0%| F|  |TAMS 0x00000000eba00000, 0x00000000eba00000| Untracked 
| 187|0x00000000ebb00000, 0x00000000ebb00000, 0x00000000ebc00000|  0%| F|  |TAMS 0x00000000ebb00000, 0x00000000ebb00000| Untracked 
| 188|0x00000000ebc00000, 0x00000000ebc00000, 0x00000000ebd00000|  0%| F|  |TAMS 0x00000000ebc00000, 0x00000000ebc00000| Untracked 
| 189|0x00000000ebd00000, 0x00000000ebd00000, 0x00000000ebe00000|  0%| F|  |TAMS 0x00000000ebd00000, 0x00000000ebd00000| Untracked 
| 190|0x00000000ebe00000, 0x00000000ebe00000, 0x00000000ebf00000|  0%| F|  |TAMS 0x00000000ebe00000, 0x00000000ebe00000| Untracked 
| 191|0x00000000ebf00000, 0x00000000ebf00000, 0x00000000ec000000|  0%| F|  |TAMS 0x00000000ebf00000, 0x00000000ebf00000| Untracked 
| 192|0x00000000ec000000, 0x00000000ec000000, 0x00000000ec100000|  0%| F|  |TAMS 0x00000000ec000000, 0x00000000ec000000| Untracked 
| 193|0x00000000ec100000, 0x00000000ec100000, 0x00000000ec200000|  0%| F|  |TAMS 0x00000000ec100000, 0x00000000ec100000| Untracked 
| 194|0x00000000ec200000, 0x00000000ec200000, 0x00000000ec300000|  0%| F|  |TAMS 0x00000000ec200000, 0x00000000ec200000| Untracked 
| 195|0x00000000ec300000, 0x00000000ec300000, 0x00000000ec400000|  0%| F|  |TAMS 0x00000000ec300000, 0x00000000ec300000| Untracked 
| 196|0x00000000ec400000, 0x00000000ec400000, 0x00000000ec500000|  0%| F|  |TAMS 0x00000000ec400000, 0x00000000ec400000| Untracked 
| 197|0x00000000ec500000, 0x00000000ec500000, 0x00000000ec600000|  0%| F|  |TAMS 0x00000000ec500000, 0x00000000ec500000| Untracked 
| 198|0x00000000ec600000, 0x00000000ec600000, 0x00000000ec700000|  0%| F|  |TAMS 0x00000000ec600000, 0x00000000ec600000| Untracked 
| 199|0x00000000ec700000, 0x00000000ec700000, 0x00000000ec800000|  0%| F|  |TAMS 0x00000000ec700000, 0x00000000ec700000| Untracked 
| 200|0x00000000ec800000, 0x00000000ec800000, 0x00000000ec900000|  0%| F|  |TAMS 0x00000000ec800000, 0x00000000ec800000| Untracked 
| 201|0x00000000ec900000, 0x00000000ec900000, 0x00000000eca00000|  0%| F|  |TAMS 0x00000000ec900000, 0x00000000ec900000| Untracked 
| 202|0x00000000eca00000, 0x00000000eca00000, 0x00000000ecb00000|  0%| F|  |TAMS 0x00000000eca00000, 0x00000000eca00000| Untracked 
| 203|0x00000000ecb00000, 0x00000000ecb00000, 0x00000000ecc00000|  0%| F|  |TAMS 0x00000000ecb00000, 0x00000000ecb00000| Untracked 
| 204|0x00000000ecc00000, 0x00000000ecc00000, 0x00000000ecd00000|  0%| F|  |TAMS 0x00000000ecc00000, 0x00000000ecc00000| Untracked 
| 205|0x00000000ecd00000, 0x00000000ecd00000, 0x00000000ece00000|  0%| F|  |TAMS 0x00000000ecd00000, 0x00000000ecd00000| Untracked 
| 206|0x00000000ece00000, 0x00000000ece00000, 0x00000000ecf00000|  0%| F|  |TAMS 0x00000000ece00000, 0x00000000ece00000| Untracked 
| 207|0x00000000ecf00000, 0x00000000ecf00000, 0x00000000ed000000|  0%| F|  |TAMS 0x00000000ecf00000, 0x00000000ecf00000| Untracked 
| 208|0x00000000ed000000, 0x00000000ed000000, 0x00000000ed100000|  0%| F|  |TAMS 0x00000000ed000000, 0x00000000ed000000| Untracked 
| 209|0x00000000ed100000, 0x00000000ed100000, 0x00000000ed200000|  0%| F|  |TAMS 0x00000000ed100000, 0x00000000ed100000| Untracked 
| 210|0x00000000ed200000, 0x00000000ed200000, 0x00000000ed300000|  0%| F|  |TAMS 0x00000000ed200000, 0x00000000ed200000| Untracked 
| 211|0x00000000ed300000, 0x00000000ed300000, 0x00000000ed400000|  0%| F|  |TAMS 0x00000000ed300000, 0x00000000ed300000| Untracked 
| 212|0x00000000ed400000, 0x00000000ed400000, 0x00000000ed500000|  0%| F|  |TAMS 0x00000000ed400000, 0x00000000ed400000| Untracked 
| 213|0x00000000ed500000, 0x00000000ed500000, 0x00000000ed600000|  0%| F|  |TAMS 0x00000000ed500000, 0x00000000ed500000| Untracked 
| 214|0x00000000ed600000, 0x00000000ed600000, 0x00000000ed700000|  0%| F|  |TAMS 0x00000000ed600000, 0x00000000ed600000| Untracked 
| 215|0x00000000ed700000, 0x00000000ed700000, 0x00000000ed800000|  0%| F|  |TAMS 0x00000000ed700000, 0x00000000ed700000| Untracked 
| 216|0x00000000ed800000, 0x00000000ed800000, 0x00000000ed900000|  0%| F|  |TAMS 0x00000000ed800000, 0x00000000ed800000| Untracked 
| 217|0x00000000ed900000, 0x00000000ed900000, 0x00000000eda00000|  0%| F|  |TAMS 0x00000000ed900000, 0x00000000ed900000| Untracked 
| 218|0x00000000eda00000, 0x00000000eda00000, 0x00000000edb00000|  0%| F|  |TAMS 0x00000000eda00000, 0x00000000eda00000| Untracked 
| 219|0x00000000edb00000, 0x00000000edb00000, 0x00000000edc00000|  0%| F|  |TAMS 0x00000000edb00000, 0x00000000edb00000| Untracked 
| 220|0x00000000edc00000, 0x00000000edc00000, 0x00000000edd00000|  0%| F|  |TAMS 0x00000000edc00000, 0x00000000edc00000| Untracked 
| 221|0x00000000edd00000, 0x00000000edd00000, 0x00000000ede00000|  0%| F|  |TAMS 0x00000000edd00000, 0x00000000edd00000| Untracked 
| 222|0x00000000ede00000, 0x00000000ede00000, 0x00000000edf00000|  0%| F|  |TAMS 0x00000000ede00000, 0x00000000ede00000| Untracked 
| 223|0x00000000edf00000, 0x00000000ee000000, 0x00000000ee000000|100%| E|  |TAMS 0x00000000edf00000, 0x00000000edf00000| Complete 
| 224|0x00000000ee000000, 0x00000000ee100000, 0x00000000ee100000|100%| E|CS|TAMS 0x00000000ee000000, 0x00000000ee000000| Complete 
| 225|0x00000000ee100000, 0x00000000ee200000, 0x00000000ee200000|100%| E|  |TAMS 0x00000000ee100000, 0x00000000ee100000| Complete 
| 226|0x00000000ee200000, 0x00000000ee300000, 0x00000000ee300000|100%| E|CS|TAMS 0x00000000ee200000, 0x00000000ee200000| Complete 
| 227|0x00000000ee300000, 0x00000000ee400000, 0x00000000ee400000|100%| E|CS|TAMS 0x00000000ee300000, 0x00000000ee300000| Complete 
| 228|0x00000000ee400000, 0x00000000ee500000, 0x00000000ee500000|100%| E|CS|TAMS 0x00000000ee400000, 0x00000000ee400000| Complete 
| 229|0x00000000ee500000, 0x00000000ee600000, 0x00000000ee600000|100%| E|CS|TAMS 0x00000000ee500000, 0x00000000ee500000| Complete 
| 230|0x00000000ee600000, 0x00000000ee700000, 0x00000000ee700000|100%| E|CS|TAMS 0x00000000ee600000, 0x00000000ee600000| Complete 
| 231|0x00000000ee700000, 0x00000000ee800000, 0x00000000ee800000|100%| E|CS|TAMS 0x00000000ee700000, 0x00000000ee700000| Complete 
| 232|0x00000000ee800000, 0x00000000ee900000, 0x00000000ee900000|100%| E|CS|TAMS 0x00000000ee800000, 0x00000000ee800000| Complete 
| 233|0x00000000ee900000, 0x00000000eea00000, 0x00000000eea00000|100%| E|CS|TAMS 0x00000000ee900000, 0x00000000ee900000| Complete 
| 234|0x00000000eea00000, 0x00000000eeb00000, 0x00000000eeb00000|100%| E|CS|TAMS 0x00000000eea00000, 0x00000000eea00000| Complete 
| 235|0x00000000eeb00000, 0x00000000eec00000, 0x00000000eec00000|100%| E|CS|TAMS 0x00000000eeb00000, 0x00000000eeb00000| Complete 
| 236|0x00000000eec00000, 0x00000000eed00000, 0x00000000eed00000|100%| E|CS|TAMS 0x00000000eec00000, 0x00000000eec00000| Complete 
| 237|0x00000000eed00000, 0x00000000eee00000, 0x00000000eee00000|100%| E|CS|TAMS 0x00000000eed00000, 0x00000000eed00000| Complete 
| 238|0x00000000eee00000, 0x00000000eef00000, 0x00000000eef00000|100%| E|CS|TAMS 0x00000000eee00000, 0x00000000eee00000| Complete 
| 239|0x00000000eef00000, 0x00000000ef000000, 0x00000000ef000000|100%| E|CS|TAMS 0x00000000eef00000, 0x00000000eef00000| Complete 
| 240|0x00000000ef000000, 0x00000000ef100000, 0x00000000ef100000|100%| E|CS|TAMS 0x00000000ef000000, 0x00000000ef000000| Complete 
| 241|0x00000000ef100000, 0x00000000ef200000, 0x00000000ef200000|100%| E|CS|TAMS 0x00000000ef100000, 0x00000000ef100000| Complete 
| 242|0x00000000ef200000, 0x00000000ef300000, 0x00000000ef300000|100%| E|CS|TAMS 0x00000000ef200000, 0x00000000ef200000| Complete 
| 243|0x00000000ef300000, 0x00000000ef400000, 0x00000000ef400000|100%| E|CS|TAMS 0x00000000ef300000, 0x00000000ef300000| Complete 
| 244|0x00000000ef400000, 0x00000000ef500000, 0x00000000ef500000|100%| E|CS|TAMS 0x00000000ef400000, 0x00000000ef400000| Complete 
| 245|0x00000000ef500000, 0x00000000ef600000, 0x00000000ef600000|100%| E|CS|TAMS 0x00000000ef500000, 0x00000000ef500000| Complete 
| 246|0x00000000ef600000, 0x00000000ef700000, 0x00000000ef700000|100%| E|CS|TAMS 0x00000000ef600000, 0x00000000ef600000| Complete 
| 247|0x00000000ef700000, 0x00000000ef800000, 0x00000000ef800000|100%| E|CS|TAMS 0x00000000ef700000, 0x00000000ef700000| Complete 
| 248|0x00000000ef800000, 0x00000000ef900000, 0x00000000ef900000|100%| E|CS|TAMS 0x00000000ef800000, 0x00000000ef800000| Complete 
| 249|0x00000000ef900000, 0x00000000efa00000, 0x00000000efa00000|100%| E|CS|TAMS 0x00000000ef900000, 0x00000000ef900000| Complete 
| 250|0x00000000efa00000, 0x00000000efb00000, 0x00000000efb00000|100%| E|CS|TAMS 0x00000000efa00000, 0x00000000efa00000| Complete 
| 251|0x00000000efb00000, 0x00000000efc00000, 0x00000000efc00000|100%| E|CS|TAMS 0x00000000efb00000, 0x00000000efb00000| Complete 
| 252|0x00000000efc00000, 0x00000000efd00000, 0x00000000efd00000|100%| E|CS|TAMS 0x00000000efc00000, 0x00000000efc00000| Complete 
| 253|0x00000000efd00000, 0x00000000efe00000, 0x00000000efe00000|100%| E|CS|TAMS 0x00000000efd00000, 0x00000000efd00000| Complete 
| 254|0x00000000efe00000, 0x00000000eff00000, 0x00000000eff00000|100%| E|CS|TAMS 0x00000000efe00000, 0x00000000efe00000| Complete 
| 255|0x00000000eff00000, 0x00000000f0000000, 0x00000000f0000000|100%| E|CS|TAMS 0x00000000eff00000, 0x00000000eff00000| Complete 

Card table byte_map: [0x000001ff1c0f0000,0x000001ff1c1f0000] _byte_map_base: 0x000001ff1b9f0000

Marking Bits (Prev, Next): (CMBitMap*) 0x000001ff04f96250, (CMBitMap*) 0x000001ff04f96210
 Prev Bits: [0x000001ff1caf0000, 0x000001ff1d2f0000)
 Next Bits: [0x000001ff1c2f0000, 0x000001ff1caf0000)

Polling page: 0x000001ff02e60000

Metaspace:

Usage:
  Non-class:     24.35 MB used.
      Class:      4.00 MB used.
       Both:     28.34 MB used.

Virtual space:
  Non-class space:       64.00 MB reserved,      24.50 MB ( 38%) committed,  1 nodes.
      Class space:      208.00 MB reserved,       4.12 MB (  2%) committed,  1 nodes.
             Both:      272.00 MB reserved,      28.62 MB ( 11%) committed. 

Chunk freelists:
   Non-Class:  6.57 MB
       Class:  11.91 MB
        Both:  18.47 MB

MaxMetaspaceSize: 256.00 MB
CompressedClassSpaceSize: 208.00 MB
Initial GC threshold: 21.00 MB
Current GC threshold: 35.12 MB
CDS: on
MetaspaceReclaimPolicy: balanced
 - commit_granule_bytes: 65536.
 - commit_granule_words: 8192.
 - virtual_space_node_default_size: 8388608.
 - enlarge_chunks_in_place: 1.
 - new_chunks_are_fully_committed: 0.
 - uncommit_free_chunks: 1.
 - use_allocation_guard: 0.
 - handle_deallocations: 1.


Internal statistics:

num_allocs_failed_limit: 3.
num_arena_births: 248.
num_arena_deaths: 0.
num_vsnodes_births: 2.
num_vsnodes_deaths: 0.
num_space_committed: 458.
num_space_uncommitted: 0.
num_chunks_returned_to_freelist: 3.
num_chunks_taken_from_freelist: 1227.
num_chunk_merges: 3.
num_chunk_splits: 832.
num_chunks_enlarged: 615.
num_inconsistent_stats: 0.

CodeHeap 'non-profiled nmethods': size=120000Kb used=1777Kb max_used=1777Kb free=118222Kb
 bounds [0x000001ff14570000, 0x000001ff147e0000, 0x000001ff1baa0000]
CodeHeap 'profiled nmethods': size=120000Kb used=6702Kb max_used=6702Kb free=113297Kb
 bounds [0x000001ff0caa0000, 0x000001ff0d130000, 0x000001ff13fd0000]
CodeHeap 'non-nmethods': size=5760Kb used=1586Kb max_used=1615Kb free=4173Kb
 bounds [0x000001ff13fd0000, 0x000001ff14240000, 0x000001ff14570000]
 total_blobs=3888 nmethods=3240 adapters=560
 compilation: enabled
              stopped_count=0, restarted_count=0
 full_count=0

Compilation events (20 events):
Event: 11.556 Thread 0x000001ff1ff60480 3188       3       org.codehaus.groovy.reflection.CachedClass::<init> (247 bytes)
Event: 11.558 Thread 0x000001ff1ff60480 nmethod 3188 0x000001ff0d104b90 code [0x000001ff0d105060, 0x000001ff0d107e68]
Event: 11.558 Thread 0x000001ff1ff60480 3190       3       org.codehaus.groovy.util.ComplexKeyHashMap::hash (31 bytes)
Event: 11.559 Thread 0x000001ff1ff60480 nmethod 3190 0x000001ff0d108990 code [0x000001ff0d108b20, 0x000001ff0d108c38]
Event: 11.559 Thread 0x000001ff1ff60480 3189       3       java.lang.CharacterDataLatin1::isUpperCase (16 bytes)
Event: 11.559 Thread 0x000001ff1ff60480 nmethod 3189 0x000001ff0d108d10 code [0x000001ff0d108ec0, 0x000001ff0d1090d8]
Event: 11.559 Thread 0x000001ff1ff60480 3191   !   3       java.lang.invoke.CallSite::makeSite (91 bytes)
Event: 11.560 Thread 0x000001ff1ff60480 nmethod 3191 0x000001ff0d109210 code [0x000001ff0d109540, 0x000001ff0d10a618]
Event: 11.560 Thread 0x000001ff1ff60480 3192   !   3       java.lang.invoke.BootstrapMethodInvoker::invoke (974 bytes)
Event: 11.567 Thread 0x000001ff1ff60480 nmethod 3192 0x000001ff0d10b190 code [0x000001ff0d10ba20, 0x000001ff0d113218]
Event: 11.567 Thread 0x000001ff1ff60480 3193       3       java.lang.invoke.MethodHandleNatives::staticArgumentsPulled (5 bytes)
Event: 11.567 Thread 0x000001ff1ff60480 nmethod 3193 0x000001ff0d116690 code [0x000001ff0d116820, 0x000001ff0d116a18]
Event: 11.567 Thread 0x000001ff1ff60480 3194       3       java.lang.invoke.BootstrapMethodInvoker::widenAndCast (47 bytes)
Event: 11.568 Thread 0x000001ff1ff60480 nmethod 3194 0x000001ff0d116a90 code [0x000001ff0d116d00, 0x000001ff0d117678]
Event: 11.568 Thread 0x000001ff1ff60480 3195       3       java.lang.invoke.Invokers::callSiteForm (308 bytes)
Event: 11.570 Thread 0x000001ff1ff60480 nmethod 3195 0x000001ff0d117990 code [0x000001ff0d117cc0, 0x000001ff0d119348]
Event: 11.570 Thread 0x000001ff1ff60480 3196       1       java.util.logging.Logger::getName (5 bytes)
Event: 11.570 Thread 0x000001ff1ff60480 nmethod 3196 0x000001ff14723790 code [0x000001ff14723920, 0x000001ff147239f8]
Event: 11.633 Thread 0x000001ff1ff60480 3197       3       java.lang.invoke.DirectMethodHandle::shouldBeInitialized (127 bytes)
Event: 11.634 Thread 0x000001ff1ff60480 nmethod 3197 0x000001ff0d119c90 code [0x000001ff0d119f00, 0x000001ff0d11a898]

GC Heap History (6 events):
Event: 1.456 GC heap before
{Heap before GC invocations=0 (full 0):
 garbage-first heap   total 262144K, used 28672K [0x00000000e0000000, 0x0000000100000000)
  region size 1024K, 23 young (23552K), 0 survivors (0K)
 Metaspace       used 3012K, committed 3200K, reserved 278528K
  class space    used 381K, committed 448K, reserved 212992K
}
Event: 1.464 GC heap after
{Heap after GC invocations=1 (full 0):
 garbage-first heap   total 262144K, used 9353K [0x00000000e0000000, 0x0000000100000000)
  region size 1024K, 3 young (3072K), 3 survivors (3072K)
 Metaspace       used 3012K, committed 3200K, reserved 278528K
  class space    used 381K, committed 448K, reserved 212992K
}
Event: 2.782 GC heap before
{Heap before GC invocations=1 (full 0):
 garbage-first heap   total 262144K, used 40073K [0x00000000e0000000, 0x0000000100000000)
  region size 1024K, 32 young (32768K), 3 survivors (3072K)
 Metaspace       used 3928K, committed 4096K, reserved 278528K
  class space    used 477K, committed 576K, reserved 212992K
}
Event: 2.787 GC heap after
{Heap after GC invocations=2 (full 0):
 garbage-first heap   total 262144K, used 13365K [0x00000000e0000000, 0x0000000100000000)
  region size 1024K, 4 young (4096K), 4 survivors (4096K)
 Metaspace       used 3928K, committed 4096K, reserved 278528K
  class space    used 477K, committed 576K, reserved 212992K
}
Event: 8.362 GC heap before
{Heap before GC invocations=2 (full 0):
 garbage-first heap   total 262144K, used 115765K [0x00000000e0000000, 0x0000000100000000)
  region size 1024K, 105 young (107520K), 4 survivors (4096K)
 Metaspace       used 21294K, committed 21504K, reserved 278528K
  class space    used 3167K, committed 3264K, reserved 212992K
}
Event: 8.372 GC heap after
{Heap after GC invocations=3 (full 0):
 garbage-first heap   total 262144K, used 21132K [0x00000000e0000000, 0x0000000100000000)
  region size 1024K, 12 young (12288K), 12 survivors (12288K)
 Metaspace       used 21294K, committed 21504K, reserved 278528K
  class space    used 3167K, committed 3264K, reserved 212992K
}

Dll operation events (13 events):
Event: 0.023 Loaded shared library C:\Users\useru\.jdks\corretto-17.0.13\bin\java.dll
Event: 0.095 Loaded shared library C:\Users\useru\.jdks\corretto-17.0.13\bin\jsvml.dll
Event: 0.220 Loaded shared library C:\Users\useru\.jdks\corretto-17.0.13\bin\net.dll
Event: 0.274 Loaded shared library C:\Users\useru\.jdks\corretto-17.0.13\bin\nio.dll
Event: 0.329 Loaded shared library C:\Users\useru\.jdks\corretto-17.0.13\bin\zip.dll
Event: 0.642 Loaded shared library C:\Users\useru\.jdks\corretto-17.0.13\bin\jimage.dll
Event: 0.760 Loaded shared library C:\Users\useru\.jdks\corretto-17.0.13\bin\verify.dll
Event: 1.022 Loaded shared library C:\Users\useru\.gradle\native\e1d6ef7f7dcc3fd88c89a11ec53ec762bb8ba0a96d01ffa2cd45eb1d1d8dd5c5\windows-amd64\native-platform.dll
Event: 1.170 Loaded shared library C:\Users\useru\.gradle\native\0d407fdbe67a94daf76414ababcb853783967236a71b16ec16e742cd7a986fd3\windows-amd64\native-platform-file-events.dll
Event: 3.374 Loaded shared library C:\Users\useru\.jdks\corretto-17.0.13\bin\management.dll
Event: 3.426 Loaded shared library C:\Users\useru\.jdks\corretto-17.0.13\bin\management_ext.dll
Event: 4.045 Loaded shared library C:\Users\useru\.jdks\corretto-17.0.13\bin\extnet.dll
Event: 5.350 Loaded shared library C:\Users\useru\.jdks\corretto-17.0.13\bin\sunmscapi.dll

Deoptimization events (20 events):
Event: 11.122 Thread 0x000001ff33f855e0 Uncommon trap: trap_request=0xffffffde fr.pc=0x000001ff14664840 relative=0x0000000000001c40
Event: 11.122 Thread 0x000001ff33f855e0 Uncommon trap: reason=class_check action=maybe_recompile pc=0x000001ff14664840 method=java.io.BufferedInputStream.read([BII)I @ 101 c2
Event: 11.122 Thread 0x000001ff33f855e0 DEOPT PACKING pc=0x000001ff14664840 sp=0x00000008e7cf8440
Event: 11.122 Thread 0x000001ff33f855e0 DEOPT UNPACKING pc=0x000001ff140269a3 sp=0x00000008e7cf82f0 mode 2
Event: 11.122 Thread 0x000001ff33f855e0 Uncommon trap: trap_request=0xffffffde fr.pc=0x000001ff14664840 relative=0x0000000000001c40
Event: 11.123 Thread 0x000001ff33f855e0 Uncommon trap: reason=class_check action=maybe_recompile pc=0x000001ff14664840 method=java.io.BufferedInputStream.read([BII)I @ 101 c2
Event: 11.123 Thread 0x000001ff33f855e0 DEOPT PACKING pc=0x000001ff14664840 sp=0x00000008e7cf8440
Event: 11.123 Thread 0x000001ff33f855e0 DEOPT UNPACKING pc=0x000001ff140269a3 sp=0x00000008e7cf82f0 mode 2
Event: 11.333 Thread 0x000001ff33f855e0 Uncommon trap: trap_request=0xffffff45 fr.pc=0x000001ff1461d8cc relative=0x000000000000062c
Event: 11.333 Thread 0x000001ff33f855e0 Uncommon trap: reason=unstable_if action=reinterpret pc=0x000001ff1461d8cc method=java.util.Properties$LineReader.readLine()I @ 95 c2
Event: 11.333 Thread 0x000001ff33f855e0 DEOPT PACKING pc=0x000001ff1461d8cc sp=0x00000008e7cf8390
Event: 11.333 Thread 0x000001ff33f855e0 DEOPT UNPACKING pc=0x000001ff140269a3 sp=0x00000008e7cf8340 mode 2
Event: 11.523 Thread 0x000001ff33f855e0 Uncommon trap: trap_request=0xffffff54 fr.pc=0x000001ff146220f0 relative=0x0000000000000ab0
Event: 11.523 Thread 0x000001ff33f855e0 Uncommon trap: reason=speculate_null_assert action=make_not_entrant pc=0x000001ff146220f0 method=jdk.internal.loader.URLClassPath$JarLoader.getResource(Ljava/lang/String;ZLjava/util/Set;)Ljdk/internal/loader/Resource; @ 17 c2
Event: 11.524 Thread 0x000001ff33f855e0 DEOPT PACKING pc=0x000001ff146220f0 sp=0x00000008e7cf70c0
Event: 11.524 Thread 0x000001ff33f855e0 DEOPT UNPACKING pc=0x000001ff140269a3 sp=0x00000008e7cf7058 mode 2
Event: 11.634 Thread 0x000001ff33f855e0 Uncommon trap: trap_request=0xffffffc6 fr.pc=0x000001ff146db578 relative=0x00000000000042b8
Event: 11.634 Thread 0x000001ff33f855e0 Uncommon trap: reason=bimorphic_or_optimized_type_check action=maybe_recompile pc=0x000001ff146db578 method=java.net.URL.<init>(Ljava/net/URL;Ljava/lang/String;Ljava/net/URLStreamHandler;)V @ 504 c2
Event: 11.634 Thread 0x000001ff33f855e0 DEOPT PACKING pc=0x000001ff146db578 sp=0x00000008e7cf7ac0
Event: 11.634 Thread 0x000001ff33f855e0 DEOPT UNPACKING pc=0x000001ff140269a3 sp=0x00000008e7cf7a60 mode 2

Classes loaded (20 events):
Event: 11.631 Loading class jdk/internal/jrtfs/JrtFileSystemProvider
Event: 11.631 Loading class jdk/internal/jrtfs/JrtFileSystemProvider done
Event: 11.632 Loading class sun/net/www/protocol/jrt/JavaRuntimeURLConnection
Event: 11.632 Loading class sun/net/www/protocol/jrt/JavaRuntimeURLConnection done
Event: 11.634 Loading class sun/net/www/protocol/jrt/JavaRuntimeURLConnection$1
Event: 11.635 Loading class sun/net/www/protocol/jrt/JavaRuntimeURLConnection$1 done
Event: 11.638 Loading class jdk/internal/jimage/ImageBufferCache
Event: 11.638 Loading class jdk/internal/jimage/ImageBufferCache done
Event: 11.638 Loading class jdk/internal/jimage/ImageBufferCache$1
Event: 11.638 Loading class jdk/internal/jimage/ImageBufferCache$1 done
Event: 11.638 Loading class jdk/internal/jimage/ImageBufferCache$2
Event: 11.639 Loading class jdk/internal/jimage/ImageBufferCache$2 done
Event: 11.639 Loading class java/util/AbstractMap$SimpleEntry
Event: 11.639 Loading class java/util/AbstractMap$SimpleEntry done
Event: 11.640 Loading class sun/nio/fs/WindowsLinkSupport
Event: 11.641 Loading class sun/nio/fs/WindowsLinkSupport done
Event: 11.648 Loading class java/nio/file/attribute/PosixFileAttributes
Event: 11.649 Loading class java/nio/file/attribute/PosixFileAttributes done
Event: 11.649 Loading class java/nio/file/ClosedFileSystemException
Event: 11.649 Loading class java/nio/file/ClosedFileSystemException done

Classes unloaded (0 events):
No events

Classes redefined (0 events):
No events

Internal exceptions (20 events):
Event: 9.714 Thread 0x000001ff33f855e0 Exception <a 'java/lang/NoSuchMethodError'{0x00000000ef4318c8}: 'java.lang.Object java.lang.invoke.DirectMethodHandle$Holder.invokeStatic(java.lang.Object, java.lang.Object, int, java.lang.Object)'> (0x00000000ef4318c8) 
thrown [s\src\hotspot\share\interpreter\linkResolver.cpp, line 759]
Event: 9.714 Thread 0x000001ff33f855e0 Exception <a 'java/lang/NoSuchMethodError'{0x00000000ef439578}: 'java.lang.Object java.lang.invoke.DirectMethodHandle$Holder.newInvokeSpecial(java.lang.Object, java.lang.Object, int, java.lang.Object)'> (0x00000000ef439578) 
thrown [s\src\hotspot\share\interpreter\linkResolver.cpp, line 759]
Event: 9.715 Thread 0x000001ff33f855e0 Exception <a 'java/lang/NoSuchMethodError'{0x00000000ef43de60}: 'java.lang.Object java.lang.invoke.DirectMethodHandle$Holder.invokeSpecial(java.lang.Object, java.lang.Object, java.lang.Object, int, java.lang.Object)'> (0x00000000ef43de60) 
thrown [s\src\hotspot\share\interpreter\linkResolver.cpp, line 759]
Event: 9.730 Thread 0x000001ff325cc4a0 Exception <a 'sun/nio/fs/WindowsException'{0x00000000ef48f2a0}> (0x00000000ef48f2a0) 
thrown [s\src\hotspot\share\prims\jni.cpp, line 516]
Event: 9.743 Thread 0x000001ff325cc4a0 Exception <a 'sun/nio/fs/WindowsException'{0x00000000ef4c7e60}> (0x00000000ef4c7e60) 
thrown [s\src\hotspot\share\prims\jni.cpp, line 516]
Event: 9.744 Thread 0x000001ff325cc4a0 Exception <a 'sun/nio/fs/WindowsException'{0x00000000ef4c8070}> (0x00000000ef4c8070) 
thrown [s\src\hotspot\share\prims\jni.cpp, line 516]
Event: 10.399 Thread 0x000001ff325cba80 Exception <a 'sun/nio/fs/WindowsException'{0x00000000ef2fd538}> (0x00000000ef2fd538) 
thrown [s\src\hotspot\share\prims\jni.cpp, line 516]
Event: 10.420 Thread 0x000001ff325cba80 Exception <a 'sun/nio/fs/WindowsException'{0x00000000ef1d0810}> (0x00000000ef1d0810) 
thrown [s\src\hotspot\share\prims\jni.cpp, line 516]
Event: 10.421 Thread 0x000001ff325cba80 Exception <a 'sun/nio/fs/WindowsException'{0x00000000ef1d0978}> (0x00000000ef1d0978) 
thrown [s\src\hotspot\share\prims\jni.cpp, line 516]
Event: 11.206 Thread 0x000001ff33f855e0 Exception <a 'java/lang/NoSuchMethodError'{0x00000000eeca5bd8}: 'void java.lang.invoke.DirectMethodHandle$Holder.invokeStaticInit(java.lang.Object, java.lang.Object, java.lang.Object)'> (0x00000000eeca5bd8) 
thrown [s\src\hotspot\share\interpreter\linkResolver.cpp, line 759]
Event: 11.207 Thread 0x000001ff33f855e0 Exception <a 'java/lang/NoSuchMethodError'{0x00000000eecad0d8}: 'void java.lang.invoke.DirectMethodHandle$Holder.invokeStaticInit(java.lang.Object, java.lang.Object, java.lang.Object, java.lang.Object)'> (0x00000000eecad0d8) 
thrown [s\src\hotspot\share\interpreter\linkResolver.cpp, line 759]
Event: 11.211 Thread 0x000001ff33f855e0 Exception <a 'java/lang/NoSuchMethodError'{0x00000000eeccfbb0}: 'void java.lang.invoke.DirectMethodHandle$Holder.invokeStaticInit(java.lang.Object, java.lang.Object, java.lang.Object, java.lang.Object, java.lang.Object)'> (0x00000000eeccfbb0) 
thrown [s\src\hotspot\share\interpreter\linkResolver.cpp, line 759]
Event: 11.230 Thread 0x000001ff33f855e0 Exception <a 'java/lang/NoSuchMethodError'{0x00000000eeb42680}: 'int java.lang.invoke.DirectMethodHandle$Holder.invokeStaticInit(java.lang.Object, java.lang.Object, java.lang.Object, java.lang.Object)'> (0x00000000eeb42680) 
thrown [s\src\hotspot\share\interpreter\linkResolver.cpp, line 759]
Event: 11.525 Thread 0x000001ff33f855e0 Exception <a 'java/lang/ClassNotFoundException'{0x00000000ee4e2210}: groovy/lang/ExpandoMetaClassBeanInfo> (0x00000000ee4e2210) 
thrown [s\src\hotspot\share\classfile\systemDictionary.cpp, line 256]
Event: 11.526 Thread 0x000001ff33f855e0 Exception <a 'java/lang/ClassNotFoundException'{0x00000000ee4f8a38}: groovy/lang/MetaClassImplBeanInfo> (0x00000000ee4f8a38) 
thrown [s\src\hotspot\share\classfile\systemDictionary.cpp, line 256]
Event: 11.527 Thread 0x000001ff33f855e0 Exception <a 'java/lang/ClassNotFoundException'{0x00000000ee4fda20}: java/lang/ObjectBeanInfo> (0x00000000ee4fda20) 
thrown [s\src\hotspot\share\classfile\systemDictionary.cpp, line 256]
Event: 11.528 Thread 0x000001ff33f855e0 Exception <a 'java/lang/ClassNotFoundException'{0x00000000ee3033f8}: java/lang/ObjectCustomizer> (0x00000000ee3033f8) 
thrown [s\src\hotspot\share\classfile\systemDictionary.cpp, line 256]
Event: 11.533 Thread 0x000001ff33f855e0 Exception <a 'java/lang/IncompatibleClassChangeError'{0x00000000ee307db0}: Found class java.lang.Object, but interface was expected> (0x00000000ee307db0) 
thrown [s\src\hotspot\share\interpreter\linkResolver.cpp, line 826]
Event: 11.539 Thread 0x000001ff33f855e0 Exception <a 'java/lang/ClassNotFoundException'{0x00000000ee323790}: groovy/lang/MetaClassImplCustomizer> (0x00000000ee323790) 
thrown [s\src\hotspot\share\classfile\systemDictionary.cpp, line 256]
Event: 11.543 Thread 0x000001ff33f855e0 Exception <a 'java/lang/ClassNotFoundException'{0x00000000ee358610}: groovy/lang/ExpandoMetaClassCustomizer> (0x00000000ee358610) 
thrown [s\src\hotspot\share\classfile\systemDictionary.cpp, line 256]

VM Operations (20 events):
Event: 10.454 Executing VM operation: HandshakeAllThreads
Event: 10.455 Executing VM operation: HandshakeAllThreads done
Event: 10.455 Executing VM operation: Cleanup
Event: 10.455 Executing VM operation: Cleanup done
Event: 11.058 Executing VM operation: HandshakeAllThreads
Event: 11.059 Executing VM operation: HandshakeAllThreads done
Event: 11.148 Executing VM operation: HandshakeAllThreads
Event: 11.148 Executing VM operation: HandshakeAllThreads done
Event: 11.413 Executing VM operation: HandshakeAllThreads
Event: 11.413 Executing VM operation: HandshakeAllThreads done
Event: 11.470 Executing VM operation: HandshakeAllThreads
Event: 11.471 Executing VM operation: HandshakeAllThreads done
Event: 11.471 Executing VM operation: Cleanup
Event: 11.471 Executing VM operation: Cleanup done
Event: 11.636 Executing VM operation: HandshakeAllThreads
Event: 11.636 Executing VM operation: HandshakeAllThreads done
Event: 11.637 Executing VM operation: HandshakeAllThreads
Event: 11.638 Executing VM operation: HandshakeAllThreads done
Event: 11.646 Executing VM operation: HandshakeAllThreads
Event: 11.647 Executing VM operation: HandshakeAllThreads done

Memory protections (0 events):
No events

Nmethod flushes (0 events):
No events

Events (20 events):
Event: 5.537 Thread 0x000001ff33f82850 Thread added: 0x000001ff33f855e0
Event: 5.563 Thread 0x000001ff33f855e0 Thread added: 0x000001ff33f83780
Event: 5.570 Thread 0x000001ff33f855e0 Thread added: 0x000001ff33f83c90
Event: 5.593 Thread 0x000001ff33f855e0 Thread added: 0x000001ff33f841a0
Event: 6.367 Thread 0x000001ff33f855e0 Thread added: 0x000001ff33f84bc0
Event: 6.391 Thread 0x000001ff33f855e0 Thread added: 0x000001ff325ce810
Event: 6.507 Thread 0x000001ff33f855e0 Thread added: 0x000001ff325cb060
Event: 6.652 Thread 0x000001ff325ce810 Thread added: 0x000001ff325ced20
Event: 7.085 Thread 0x000001ff1ff60480 Thread added: 0x000001ff343c5f80
Event: 7.587 Thread 0x000001ff33f855e0 Thread added: 0x000001ff325cb570
Event: 7.605 Thread 0x000001ff33f855e0 Thread added: 0x000001ff325cbf90
Event: 7.925 Thread 0x000001ff33f855e0 Thread added: 0x000001ff325cf230
Event: 8.008 Thread 0x000001ff33f855e0 Thread added: 0x000001ff325cd3d0
Event: 8.200 Thread 0x000001ff33f855e0 Thread added: 0x000001ff325cddf0
Event: 8.230 Thread 0x000001ff33f855e0 Thread added: 0x000001ff325ce300
Event: 8.398 Thread 0x000001ff33f855e0 Thread added: 0x000001ff325cc9b0
Event: 8.680 Thread 0x000001ff343c5f80 Thread exited: 0x000001ff343c5f80
Event: 9.717 Thread 0x000001ff33f855e0 Thread added: 0x000001ff325cc4a0
Event: 10.394 Thread 0x000001ff33f855e0 Thread added: 0x000001ff325cba80
Event: 11.219 Thread 0x000001ff1ff60480 Thread added: 0x000001ff328109a0


Dynamic libraries:
0x00007ff6d3b00000 - 0x00007ff6d3b0e000 	C:\Users\useru\.jdks\corretto-17.0.13\bin\java.exe
0x00007ffc12d60000 - 0x00007ffc12fc7000 	C:\WINDOWS\SYSTEM32\ntdll.dll
0x00007ffc10c70000 - 0x00007ffc10d39000 	C:\WINDOWS\System32\KERNEL32.DLL
0x00007ffc10020000 - 0x00007ffc1040f000 	C:\WINDOWS\System32\KERNELBASE.dll
0x00007ffc104d0000 - 0x00007ffc1061b000 	C:\WINDOWS\System32\ucrtbase.dll
0x00007ffc07eb0000 - 0x00007ffc07ecb000 	C:\Users\useru\.jdks\corretto-17.0.13\bin\VCRUNTIME140.dll
0x00007ffbf7470000 - 0x00007ffbf7487000 	C:\Users\useru\.jdks\corretto-17.0.13\bin\jli.dll
0x00007ffc11b00000 - 0x00007ffc11cc5000 	C:\WINDOWS\System32\USER32.dll
0x00007ffbef880000 - 0x00007ffbefb13000 	C:\WINDOWS\WinSxS\amd64_microsoft.windows.common-controls_6595b64144ccf1df_6.0.26100.7309_none_3e05feeae336a044\COMCTL32.dll
0x00007ffc0ff40000 - 0x00007ffc0ff67000 	C:\WINDOWS\System32\win32u.dll
0x00007ffc11030000 - 0x00007ffc110d9000 	C:\WINDOWS\System32\msvcrt.dll
0x00007ffc110e0000 - 0x00007ffc1110b000 	C:\WINDOWS\System32\GDI32.dll
0x00007ffc10850000 - 0x00007ffc1097c000 	C:\WINDOWS\System32\gdi32full.dll
0x00007ffc10420000 - 0x00007ffc104c3000 	C:\WINDOWS\System32\msvcp_win.dll
0x00007ffc10e00000 - 0x00007ffc10e31000 	C:\WINDOWS\System32\IMM32.DLL
0x00007ffc07010000 - 0x00007ffc0701c000 	C:\Users\useru\.jdks\corretto-17.0.13\bin\vcruntime140_1.dll
0x00007ffbce310000 - 0x00007ffbce39d000 	C:\Users\useru\.jdks\corretto-17.0.13\bin\msvcp140.dll
0x00007ffb6fda0000 - 0x00007ffb70a0c000 	C:\Users\useru\.jdks\corretto-17.0.13\bin\server\jvm.dll
0x00007ffc12a50000 - 0x00007ffc12b04000 	C:\WINDOWS\System32\ADVAPI32.dll
0x00007ffc12bf0000 - 0x00007ffc12c96000 	C:\WINDOWS\System32\sechost.dll
0x00007ffc121c0000 - 0x00007ffc122d8000 	C:\WINDOWS\System32\RPCRT4.dll
0x00007ffc10d80000 - 0x00007ffc10df4000 	C:\WINDOWS\System32\WS2_32.dll
0x00007ffc0fd10000 - 0x00007ffc0fd6e000 	C:\WINDOWS\SYSTEM32\POWRPROF.dll
0x00007ffc041e0000 - 0x00007ffc04215000 	C:\WINDOWS\SYSTEM32\WINMM.dll
0x00007ffbfca50000 - 0x00007ffbfca5b000 	C:\WINDOWS\SYSTEM32\VERSION.dll
0x00007ffc0fcf0000 - 0x00007ffc0fd04000 	C:\WINDOWS\SYSTEM32\UMPDC.dll
0x00007ffc0ec20000 - 0x00007ffc0ec3b000 	C:\WINDOWS\SYSTEM32\kernel.appcore.dll
0x00007ffbf5820000 - 0x00007ffbf582a000 	C:\Users\useru\.jdks\corretto-17.0.13\bin\jimage.dll
0x00007ffc0d5b0000 - 0x00007ffc0d7f2000 	C:\WINDOWS\SYSTEM32\DBGHELP.DLL
0x00007ffc113b0000 - 0x00007ffc11735000 	C:\WINDOWS\System32\combase.dll
0x00007ffc11800000 - 0x00007ffc118d6000 	C:\WINDOWS\System32\OLEAUT32.dll
0x00007ffbf71d0000 - 0x00007ffbf720c000 	C:\WINDOWS\SYSTEM32\dbgcore.DLL
0x00007ffc0ff70000 - 0x00007ffc10015000 	C:\WINDOWS\System32\bcryptPrimitives.dll
0x00007ffbe7620000 - 0x00007ffbe7645000 	C:\Users\useru\.jdks\corretto-17.0.13\bin\java.dll
0x00007ffbce230000 - 0x00007ffbce307000 	C:\Users\useru\.jdks\corretto-17.0.13\bin\jsvml.dll
0x00007ffc122f0000 - 0x00007ffc12a43000 	C:\WINDOWS\System32\SHELL32.dll
0x00007ffc106e0000 - 0x00007ffc1084a000 	C:\WINDOWS\System32\wintypes.dll
0x00007ffc0da70000 - 0x00007ffc0e2ce000 	C:\WINDOWS\SYSTEM32\windows.storage.dll
0x00007ffc11a00000 - 0x00007ffc11af5000 	C:\WINDOWS\System32\SHCORE.dll
0x00007ffc11740000 - 0x00007ffc117a6000 	C:\WINDOWS\System32\shlwapi.dll
0x00007ffc0fdd0000 - 0x00007ffc0fdf9000 	C:\WINDOWS\SYSTEM32\profapi.dll
0x00007ffbf5800000 - 0x00007ffbf5819000 	C:\Users\useru\.jdks\corretto-17.0.13\bin\net.dll
0x00007ffc073c0000 - 0x00007ffc074e8000 	C:\WINDOWS\SYSTEM32\WINHTTP.dll
0x00007ffc0f170000 - 0x00007ffc0f1db000 	C:\WINDOWS\system32\mswsock.dll
0x00007ffbec690000 - 0x00007ffbec6a6000 	C:\Users\useru\.jdks\corretto-17.0.13\bin\nio.dll
0x00007ffbe75d0000 - 0x00007ffbe75e8000 	C:\Users\useru\.jdks\corretto-17.0.13\bin\zip.dll
0x00007ffbe75c0000 - 0x00007ffbe75d0000 	C:\Users\useru\.jdks\corretto-17.0.13\bin\verify.dll
0x00007ffbf75c0000 - 0x00007ffbf75e7000 	C:\Users\useru\.gradle\native\e1d6ef7f7dcc3fd88c89a11ec53ec762bb8ba0a96d01ffa2cd45eb1d1d8dd5c5\windows-amd64\native-platform.dll
0x00007ffbc4380000 - 0x00007ffbc44c4000 	C:\Users\useru\.gradle\native\0d407fdbe67a94daf76414ababcb853783967236a71b16ec16e742cd7a986fd3\windows-amd64\native-platform-file-events.dll
0x00007ffbe75b0000 - 0x00007ffbe75b9000 	C:\Users\useru\.jdks\corretto-17.0.13\bin\management.dll
0x00007ffbe75a0000 - 0x00007ffbe75ab000 	C:\Users\useru\.jdks\corretto-17.0.13\bin\management_ext.dll
0x00007ffc10d40000 - 0x00007ffc10d48000 	C:\WINDOWS\System32\PSAPI.DLL
0x00007ffc0f560000 - 0x00007ffc0f57b000 	C:\WINDOWS\SYSTEM32\CRYPTSP.dll
0x00007ffc0eb80000 - 0x00007ffc0ebba000 	C:\WINDOWS\system32\rsaenh.dll
0x00007ffc0f220000 - 0x00007ffc0f24b000 	C:\WINDOWS\SYSTEM32\USERENV.dll
0x00007ffc0fda0000 - 0x00007ffc0fdca000 	C:\WINDOWS\SYSTEM32\bcrypt.dll
0x00007ffc0f3c0000 - 0x00007ffc0f3cc000 	C:\WINDOWS\SYSTEM32\CRYPTBASE.dll
0x00007ffc0e660000 - 0x00007ffc0e694000 	C:\WINDOWS\SYSTEM32\IPHLPAPI.DLL
0x00007ffc10e40000 - 0x00007ffc10e4a000 	C:\WINDOWS\System32\NSI.dll
0x00007ffc07890000 - 0x00007ffc078ae000 	C:\WINDOWS\SYSTEM32\dhcpcsvc6.DLL
0x00007ffc07810000 - 0x00007ffc07833000 	C:\WINDOWS\SYSTEM32\dhcpcsvc.DLL
0x00007ffc0e700000 - 0x00007ffc0e82c000 	C:\WINDOWS\SYSTEM32\DNSAPI.dll
0x00007ffbe7410000 - 0x00007ffbe7419000 	C:\Users\useru\.jdks\corretto-17.0.13\bin\extnet.dll
0x00007ffbe7400000 - 0x00007ffbe740e000 	C:\Users\useru\.jdks\corretto-17.0.13\bin\sunmscapi.dll
0x00007ffc10980000 - 0x00007ffc10af7000 	C:\WINDOWS\System32\CRYPT32.dll
0x00007ffc0f6b0000 - 0x00007ffc0f6e0000 	C:\WINDOWS\SYSTEM32\ncrypt.dll
0x00007ffc0f660000 - 0x00007ffc0f69f000 	C:\WINDOWS\SYSTEM32\NTASN1.dll
0x00007ffbcbd60000 - 0x00007ffbcbd68000 	C:\WINDOWS\system32\wshunix.dll

dbghelp: loaded successfully - version: 4.0.5 - missing functions: none
symbol engine: initialized successfully - sym options: 0x614 - pdb path: .;C:\Users\useru\.jdks\corretto-17.0.13\bin;C:\WINDOWS\SYSTEM32;C:\WINDOWS\WinSxS\amd64_microsoft.windows.common-controls_6595b64144ccf1df_6.0.26100.7309_none_3e05feeae336a044;C:\Users\useru\.jdks\corretto-17.0.13\bin\server;C:\Users\useru\.gradle\native\e1d6ef7f7dcc3fd88c89a11ec53ec762bb8ba0a96d01ffa2cd45eb1d1d8dd5c5\windows-amd64;C:\Users\useru\.gradle\native\0d407fdbe67a94daf76414ababcb853783967236a71b16ec16e742cd7a986fd3\windows-amd64

VM Arguments:
jvm_args: --add-opens=java.base/java.util=ALL-UNNAMED --add-opens=java.base/java.lang=ALL-UNNAMED --add-opens=java.base/java.lang.invoke=ALL-UNNAMED --add-opens=java.base/java.util=ALL-UNNAMED --add-opens=java.prefs/java.util.prefs=ALL-UNNAMED --add-opens=java.prefs/java.util.prefs=ALL-UNNAMED --add-opens=java.base/java.nio.charset=ALL-UNNAMED --add-opens=java.base/java.net=ALL-UNNAMED --add-opens=java.base/java.util.concurrent.atomic=ALL-UNNAMED -XX:MaxMetaspaceSize=256m -XX:+HeapDumpOnOutOfMemoryError -Xms256m -Xmx512m -Dfile.encoding=UTF-8 -Duser.country=US -Duser.language=en -Duser.variant 
java_command: org.gradle.launcher.daemon.bootstrap.GradleDaemon 7.4
java_class_path (initial): C:\Users\useru\.gradle\wrapper\dists\gradle-7.4-bin\c0gwcg53nkjbqw7r0h0umtfvt\gradle-7.4\lib\gradle-launcher-7.4.jar
Launcher Type: SUN_STANDARD

[Global flags]
     intx CICompilerCount                          = 4                                         {product} {ergonomic}
   size_t CompressedClassSpaceSize                 = 218103808                                 {product} {ergonomic}
     uint ConcGCThreads                            = 3                                         {product} {ergonomic}
     uint G1ConcRefinementThreads                  = 10                                        {product} {ergonomic}
   size_t G1HeapRegionSize                         = 1048576                                   {product} {ergonomic}
    uintx GCDrainStackTargetSize                   = 64                                        {product} {ergonomic}
     bool HeapDumpOnOutOfMemoryError               = true                                   {manageable} {command line}
   size_t InitialHeapSize                          = 268435456                                 {product} {command line}
   size_t MarkStackSize                            = 4194304                                   {product} {ergonomic}
   size_t MaxHeapSize                              = 536870912                                 {product} {command line}
   size_t MaxMetaspaceSize                         = 268435456                                 {product} {command line}
   size_t MaxNewSize                               = 321912832                                 {product} {ergonomic}
   size_t MinHeapDeltaBytes                        = 1048576                                   {product} {ergonomic}
   size_t MinHeapSize                              = 268435456                                 {product} {command line}
    uintx NonNMethodCodeHeapSize                   = 5839372                                {pd product} {ergonomic}
    uintx NonProfiledCodeHeapSize                  = 122909434                              {pd product} {ergonomic}
    uintx ProfiledCodeHeapSize                     = 122909434                              {pd product} {ergonomic}
    uintx ReservedCodeCacheSize                    = 251658240                              {pd product} {ergonomic}
     bool SegmentedCodeCache                       = true                                      {product} {ergonomic}
   size_t SoftMaxHeapSize                          = 536870912                              {manageable} {ergonomic}
     bool UseCompressedClassPointers               = true                           {product lp64_product} {ergonomic}
     bool UseCompressedOops                        = true                           {product lp64_product} {ergonomic}
     bool UseG1GC                                  = true                                      {product} {ergonomic}
     bool UseLargePagesIndividualAllocation        = false                                  {pd product} {ergonomic}

Logging:
Log output configuration:
 #0: stdout all=warning uptime,level,tags
 #1: stderr all=off uptime,level,tags

Environment Variables:
PATH=D:\WINDOWS.X64_193000_db_home\bin;C:\Program Files\Eclipse Adoptium\jdk-21.0.6.7-hotspot\bin;C:\WINDOWS\system32;C:\WINDOWS;C:\Users\useru\.jdks\openjdk-23\bin;C:\WINDOWS\System32\Wbem;C:\WINDOWS\System32\WindowsPowerShell\v1.0\;C:\WINDOWS\System32\OpenSSH\;C:\Program Files\PuTTY\;C:\Program Files\dotnet\;C:\Program Files (x86)\Windows Kits\10\Windows Performance Toolkit\;C:\Program Files\CMake\bin;C:\Program Files\Docker\Docker\resources\bin;C:\Users\useru\AppData\Roaming\local\bin;C:\Users\useru\AppData\Local\Microsoft\WindowsApps;;C:\Users\useru\AppData\Local\Programs\Microsoft VS Code\bin
USERNAME=useru
OS=Windows_NT
PROCESSOR_IDENTIFIER=Intel64 Family 6 Model 154 Stepping 4, GenuineIntel
TMP=C:\Users\useru\AppData\Local\Temp
TEMP=C:\Users\useru\AppData\Local\Temp



Periodic native trim disabled


---------------  S Y S T E M  ---------------

OS:
 Windows 11 , 64 bit Build 26100 (10.0.26100.7309)
OS uptime: 0 days 4:05 hours
Hyper-V role detected

CPU: total 12 (initial active 12) (6 cores per cpu, 2 threads per core) family 6 model 154 stepping 4 microcode 0x41f, cx8, cmov, fxsr, ht, mmx, 3dnowpref, sse, sse2, sse3, ssse3, sse4.1, sse4.2, popcnt, lzcnt, tsc, tscinvbit, avx, avx2, aes, erms, clmul, bmi1, bmi2, adx, sha, fma, vzeroupper, clflush, clflushopt, clwb, hv
Processor Information for processor 0
  Max Mhz: 1300, Current Mhz: 1300, Mhz Limit: 1300
Processor Information for processor 1
  Max Mhz: 1300, Current Mhz: 1300, Mhz Limit: 1300
Processor Information for processor 2
  Max Mhz: 1300, Current Mhz: 1300, Mhz Limit: 1300
Processor Information for processor 3
  Max Mhz: 1300, Current Mhz: 1300, Mhz Limit: 1300
Processor Information for processor 4
  Max Mhz: 900, Current Mhz: 900, Mhz Limit: 900
Processor Information for processor 5
  Max Mhz: 900, Current Mhz: 900, Mhz Limit: 900
Processor Information for processor 6
  Max Mhz: 900, Current Mhz: 900, Mhz Limit: 900
Processor Information for processor 7
  Max Mhz: 900, Current Mhz: 900, Mhz Limit: 900
Processor Information for processor 8
  Max Mhz: 900, Current Mhz: 900, Mhz Limit: 900
Processor Information for processor 9
  Max Mhz: 900, Current Mhz: 900, Mhz Limit: 900
Processor Information for processor 10
  Max Mhz: 900, Current Mhz: 900, Mhz Limit: 900
Processor Information for processor 11
  Max Mhz: 900, Current Mhz: 900, Mhz Limit: 900

Memory: 4k page, system-wide physical 7916M (532M free)
TotalPageFile size 18464M (AvailPageFile size 8M)
current process WorkingSet (physical memory assigned to process): 256M, peak: 256M
current process commit charge ("private bytes"): 438M, peak: 440M

vm_info: OpenJDK 64-Bit Server VM (17.0.13+11-LTS) for windows-amd64 JRE (17.0.13+11-LTS), built on Oct 10 2024 19:51:30 by "Administrator" with MS VC++ 16.10 / 16.11 (VS2019)

END.
